#
# There is insufficient memory for the Java Runtime Environment to continue.
# Native memory allocation (mmap) failed to map 28311552 bytes for committing reserved memory.
# Possible reasons:
#   The system is out of physical RAM or swap space
#   The process is running with CompressedOops enabled, and the Java Heap may be blocking the growth of the native heap
# Possible solutions:
#   Reduce memory load on the system
#   Increase physical memory or swap space
#   Check if swap backing store is full
#   Decrease Java heap size (-Xmx/-Xms)
#   Decrease number of Java threads
#   Decrease Java thread stack sizes (-Xss)
#   Set larger code cache with -XX:ReservedCodeCacheSize=
#   JVM is running with Unscaled Compressed Oops mode in which the Java heap is
#     placed in the first 4GB address space. The Java Heap base address is the
#     maximum limit for the native heap growth. Please use -XX:HeapBaseMinAddress
#     to set the Java Heap base and to place the Java Heap above 4GB virtual address.
# This output file may be truncated or incomplete.
#
#  Out of Memory Error (os_linux.cpp:2792), pid=7250, tid=0x00007f3f50efe700
#
# JRE version: OpenJDK Runtime Environment (8.0_265-b01) (build 1.8.0_265-8u265-b01-0ubuntu2~18.04-b01)
# Java VM: OpenJDK 64-Bit Server VM (25.265-b01 mixed mode linux-amd64 compressed oops)
# Failed to write core dump. Core dumps have been disabled. To enable core dumping, try "ulimit -c unlimited" before starting Java again
#

---------------  T H R E A D  ---------------

Current thread (0x00007f3f600fc000):  VMThread [stack: 0x00007f3f50dff000,0x00007f3f50eff000] [id=7254]

Stack: [0x00007f3f50dff000,0x00007f3f50eff000],  sp=0x00007f3f50efd370,  free space=1016k
Native frames: (J=compiled Java code, j=interpreted, Vv=VM code, C=native code)
V  [libjvm.so+0xabaae2]
V  [libjvm.so+0x4de3f7]
V  [libjvm.so+0x8f0560]
V  [libjvm.so+0x8e74be]
V  [libjvm.so+0x96eb16]
V  [libjvm.so+0x95d34a]
V  [libjvm.so+0x95d518]
V  [libjvm.so+0x95e120]
V  [libjvm.so+0x9644dc]
V  [libjvm.so+0x96c735]
V  [libjvm.so+0x91ae28]
V  [libjvm.so+0xabc812]
V  [libjvm.so+0xac11b6]
V  [libjvm.so+0xabf14e]
V  [libjvm.so+0xabfd5b]
V  [libjvm.so+0xac0198]
V  [libjvm.so+0x8ed782]

VM_Operation (0x00007f3f694b9060): ParallelGCFailedAllocation, mode: safepoint, requested by thread 0x00007f3f6000b000


---------------  P R O C E S S  ---------------

Java Threads: ( => current thread )
  0x00007f3f60144800 JavaThread "Service Thread" daemon [_thread_blocked, id=7260, stack(0x00007f3f504b9000,0x00007f3f505ba000)]
  0x00007f3f60142000 JavaThread "C1 CompilerThread1" daemon [_thread_blocked, id=7259, stack(0x00007f3f505bb000,0x00007f3f506bb000)]
  0x00007f3f6013f000 JavaThread "C2 CompilerThread0" daemon [_thread_blocked, id=7258, stack(0x00007f3f506bc000,0x00007f3f507bc000)]
  0x00007f3f6013b000 JavaThread "Signal Dispatcher" daemon [_thread_blocked, id=7257, stack(0x00007f3f507bc000,0x00007f3f508bd000)]
  0x00007f3f6010a000 JavaThread "Finalizer" daemon [_thread_blocked, id=7256, stack(0x00007f3f50bfc000,0x00007f3f50cfd000)]
  0x00007f3f60105800 JavaThread "Reference Handler" daemon [_thread_blocked, id=7255, stack(0x00007f3f50cfd000,0x00007f3f50dfe000)]
  0x00007f3f6000b000 JavaThread "main" [_thread_blocked, id=7251, stack(0x00007f3f693bd000,0x00007f3f694bd000)]

Other Threads:
=>0x00007f3f600fc000 VMThread [stack: 0x00007f3f50dff000,0x00007f3f50eff000] [id=7254]
  0x00007f3f60147000 WatcherThread [stack: 0x00007f3f503b9000,0x00007f3f504b9000] [id=7261]

VM state:at safepoint (normal execution)

VM Mutex/Monitor currently owned by a thread:  ([mutex/lock_event])
[0x00007f3f600074c0] ExpandHeap_lock - owner thread: 0x00007f3f600fc000
[0x00007f3f60007b40] Threads_lock - owner thread: 0x00007f3f600fc000
[0x00007f3f60008040] Heap_lock - owner thread: 0x00007f3f6000b000

heap address: 0x00000000c2400000, size: 988 MB, Compressed Oops mode: 32-bit
Narrow klass base: 0x0000000000000000, Narrow klass shift: 3
Compressed class space size: 1073741824 Address: 0x0000000100000000

Heap:
 PSYoungGen      total 316416K, used 0K [0x00000000eb700000, 0x0000000100000000, 0x0000000100000000)
  eden space 299008K, 0% used [0x00000000eb700000,0x00000000eb700000,0x00000000fdb00000)
  from space 17408K, 0% used [0x00000000fef00000,0x00000000fef00000,0x0000000100000000)
  to   space 18944K, 0% used [0x00000000fdb00000,0x00000000fdb00000,0x00000000fed80000)
 ParOldGen       total 67072K, used 61977K [0x00000000c2400000, 0x00000000c6580000, 0x00000000eb700000)
  object space 67072K, 92% used [0x00000000c2400000,0x00000000c6086438,0x00000000c6580000)
 Metaspace       used 32169K, capacity 32686K, committed 38656K, reserved 1083392K
  class space    used 3430K, capacity 3607K, committed 4352K, reserved 1048576K

Card table byte_map: [0x00007f3f6576c000,0x00007f3f6595b000] byte_map_base: 0x00007f3f6515a000

Marking Bits: (ParMarkBitMap*) 0x00007f3f68663520
 Begin Bits: [0x00007f3f4a120000, 0x00007f3f4b090000)
 End Bits:   [0x00007f3f4b090000, 0x00007f3f4c000000)

Polling page: 0x00007f3f694e4000

CodeCache: size=245760Kb used=13130Kb max_used=14529Kb free=232629Kb
 bounds [0x00007f3f51000000, 0x00007f3f51e80000, 0x00007f3f60000000]
 total_blobs=3877 nmethods=3482 adapters=308
 compilation: enabled

Compilation events (10 events):
Event: 366.355 Thread 0x00007f3f6013f000 4451       4       sun.reflect.annotation.AnnotationInvocationHandler::invoke (277 bytes)
Event: 366.373 Thread 0x00007f3f6013f000 nmethod 4451 0x00007f3f512db4d0 code [0x00007f3f512db6e0, 0x00007f3f512dc580]
Event: 369.129 Thread 0x00007f3f60142000 4452       3       org.mockito.asm.ByteVector::putByte (39 bytes)
Event: 369.503 Thread 0x00007f3f60142000 nmethod 4452 0x00007f3f517776d0 code [0x00007f3f51777840, 0x00007f3f51777a68]
Event: 373.292 Thread 0x00007f3f6013f000 4453       4       javassist.compiler.JvstTypeChecker::atCallExpr (92 bytes)
Event: 373.736 Thread 0x00007f3f6013f000 nmethod 4453 0x00007f3f51b6af10 code [0x00007f3f51b6b180, 0x00007f3f51b6c3c0]
Event: 374.866 Thread 0x00007f3f60142000 4454 %     3       javassist.bytecode.ConstPool::write @ 21 (44 bytes)
Event: 374.877 Thread 0x00007f3f60142000 nmethod 4454% 0x00007f3f51812010 code [0x00007f3f518121e0, 0x00007f3f51812a48]
Event: 380.784 Thread 0x00007f3f60142000 4455       3       javassist.ClassPool::cacheCtClass (11 bytes)
Event: 380.826 Thread 0x00007f3f60142000 nmethod 4455 0x00007f3f5170a150 code [0x00007f3f5170a2c0, 0x00007f3f5170a4e8]

GC Heap History (10 events):
Event: 77.166 GC heap after
Heap after GC invocations=20 (full 1):
 PSYoungGen      total 278528K, used 11630K [0x00000000eb700000, 0x0000000100000000, 0x0000000100000000)
  eden space 265216K, 0% used [0x00000000eb700000,0x00000000eb700000,0x00000000fba00000)
  from space 13312K, 87% used [0x00000000fba00000,0x00000000fc55ba48,0x00000000fc700000)
  to   space 14848K, 0% used [0x00000000ff180000,0x00000000ff180000,0x0000000100000000)
 ParOldGen       total 35328K, used 28698K [0x00000000c2400000, 0x00000000c4680000, 0x00000000eb700000)
  object space 35328K, 81% used [0x00000000c2400000,0x00000000c4006b50,0x00000000c4680000)
 Metaspace       used 33220K, capacity 33748K, committed 34176K, reserved 1079296K
  class space    used 3715K, capacity 3888K, committed 3968K, reserved 1048576K
}
Event: 150.855 GC heap before
{Heap before GC invocations=21 (full 1):
 PSYoungGen      total 278528K, used 276846K [0x00000000eb700000, 0x0000000100000000, 0x0000000100000000)
  eden space 265216K, 100% used [0x00000000eb700000,0x00000000fba00000,0x00000000fba00000)
  from space 13312K, 87% used [0x00000000fba00000,0x00000000fc55ba48,0x00000000fc700000)
  to   space 14848K, 0% used [0x00000000ff180000,0x00000000ff180000,0x0000000100000000)
 ParOldGen       total 35328K, used 28698K [0x00000000c2400000, 0x00000000c4680000, 0x00000000eb700000)
  object space 35328K, 81% used [0x00000000c2400000,0x00000000c4006b50,0x00000000c4680000)
 Metaspace       used 34348K, capacity 34956K, committed 35328K, reserved 1081344K
  class space    used 3806K, capacity 3994K, committed 4096K, reserved 1048576K
Event: 163.842 GC heap after
Heap after GC invocations=21 (full 1):
 PSYoungGen      total 320000K, used 11995K [0x00000000eb700000, 0x0000000100000000, 0x0000000100000000)
  eden space 305152K, 0% used [0x00000000eb700000,0x00000000eb700000,0x00000000fe100000)
  from space 14848K, 80% used [0x00000000ff180000,0x00000000ffd36e48,0x0000000100000000)
  to   space 15872K, 0% used [0x00000000fe100000,0x00000000fe100000,0x00000000ff080000)
 ParOldGen       total 38912K, used 38400K [0x00000000c2400000, 0x00000000c4a00000, 0x00000000eb700000)
  object space 38912K, 98% used [0x00000000c2400000,0x00000000c4980360,0x00000000c4a00000)
 Metaspace       used 34348K, capacity 34956K, committed 35328K, reserved 1081344K
  class space    used 3806K, capacity 3994K, committed 4096K, reserved 1048576K
}
Event: 163.890 GC heap before
{Heap before GC invocations=22 (full 2):
 PSYoungGen      total 320000K, used 11995K [0x00000000eb700000, 0x0000000100000000, 0x0000000100000000)
  eden space 305152K, 0% used [0x00000000eb700000,0x00000000eb700000,0x00000000fe100000)
  from space 14848K, 80% used [0x00000000ff180000,0x00000000ffd36e48,0x0000000100000000)
  to   space 15872K, 0% used [0x00000000fe100000,0x00000000fe100000,0x00000000ff080000)
 ParOldGen       total 38912K, used 38400K [0x00000000c2400000, 0x00000000c4a00000, 0x00000000eb700000)
  object space 38912K, 98% used [0x00000000c2400000,0x00000000c4980360,0x00000000c4a00000)
 Metaspace       used 34348K, capacity 34956K, committed 35328K, reserved 1081344K
  class space    used 3806K, capacity 3994K, committed 4096K, reserved 1048576K
Event: 164.379 GC heap after
Heap after GC invocations=22 (full 2):
 PSYoungGen      total 320000K, used 8302K [0x00000000eb700000, 0x0000000100000000, 0x0000000100000000)
  eden space 305152K, 0% used [0x00000000eb700000,0x00000000eb700000,0x00000000fe100000)
  from space 14848K, 55% used [0x00000000ff180000,0x00000000ff99bac0,0x0000000100000000)
  to   space 15872K, 0% used [0x00000000fe100000,0x00000000fe100000,0x00000000ff080000)
 ParOldGen       total 67072K, used 38877K [0x00000000c2400000, 0x00000000c6580000, 0x00000000eb700000)
  object space 67072K, 57% used [0x00000000c2400000,0x00000000c49f7798,0x00000000c6580000)
 Metaspace       used 34296K, capacity 34872K, committed 35328K, reserved 1081344K
  class space    used 3798K, capacity 3980K, committed 4096K, reserved 1048576K
}
Event: 244.947 GC heap before
{Heap before GC invocations=23 (full 2):
 PSYoungGen      total 320000K, used 313454K [0x00000000eb700000, 0x0000000100000000, 0x0000000100000000)
  eden space 305152K, 100% used [0x00000000eb700000,0x00000000fe100000,0x00000000fe100000)
  from space 14848K, 55% used [0x00000000ff180000,0x00000000ff99bac0,0x0000000100000000)
  to   space 15872K, 0% used [0x00000000fe100000,0x00000000fe100000,0x00000000ff080000)
 ParOldGen       total 67072K, used 38877K [0x00000000c2400000, 0x00000000c6580000, 0x00000000eb700000)
  object space 67072K, 57% used [0x00000000c2400000,0x00000000c49f7798,0x00000000c6580000)
 Metaspace       used 35994K, capacity 36560K, committed 36992K, reserved 1081344K
  class space    used 3924K, capacity 4118K, committed 4224K, reserved 1048576K
Event: 247.513 GC heap after
Heap after GC invocations=23 (full 2):
 PSYoungGen      total 317952K, used 12472K [0x00000000eb700000, 0x0000000100000000, 0x0000000100000000)
  eden space 305152K, 0% used [0x00000000eb700000,0x00000000eb700000,0x00000000fe100000)
  from space 12800K, 97% used [0x00000000fe100000,0x00000000fed2e030,0x00000000fed80000)
  to   space 17408K, 0% used [0x00000000fef00000,0x00000000fef00000,0x0000000100000000)
 ParOldGen       total 67072K, used 46029K [0x00000000c2400000, 0x00000000c6580000, 0x00000000eb700000)
  object space 67072K, 68% used [0x00000000c2400000,0x00000000c50f3798,0x00000000c6580000)
 Metaspace       used 35994K, capacity 36560K, committed 36992K, reserved 1081344K
  class space    used 3924K, capacity 4118K, committed 4224K, reserved 1048576K
}
Event: 385.218 GC heap before
{Heap before GC invocations=24 (full 2):
 PSYoungGen      total 317952K, used 317624K [0x00000000eb700000, 0x0000000100000000, 0x0000000100000000)
  eden space 305152K, 100% used [0x00000000eb700000,0x00000000fe100000,0x00000000fe100000)
  from space 12800K, 97% used [0x00000000fe100000,0x00000000fed2e030,0x00000000fed80000)
  to   space 17408K, 0% used [0x00000000fef00000,0x00000000fef00000,0x0000000100000000)
 ParOldGen       total 67072K, used 46029K [0x00000000c2400000, 0x00000000c6580000, 0x00000000eb700000)
  object space 67072K, 68% used [0x00000000c2400000,0x00000000c50f3798,0x00000000c6580000)
 Metaspace       used 37584K, capacity 38208K, committed 38656K, reserved 1083392K
  class space    used 4056K, capacity 4266K, committed 4352K, reserved 1048576K
Event: 386.154 GC heap after
Heap after GC invocations=24 (full 2):
 PSYoungGen      total 316416K, used 14660K [0x00000000eb700000, 0x0000000100000000, 0x0000000100000000)
  eden space 299008K, 0% used [0x00000000eb700000,0x00000000eb700000,0x00000000fdb00000)
  from space 17408K, 84% used [0x00000000fef00000,0x00000000ffd51030,0x0000000100000000)
  to   space 18944K, 0% used [0x00000000fdb00000,0x00000000fdb00000,0x00000000fed80000)
 ParOldGen       total 67072K, used 56958K [0x00000000c2400000, 0x00000000c6580000, 0x00000000eb700000)
  object space 67072K, 84% used [0x00000000c2400000,0x00000000c5b9f8f8,0x00000000c6580000)
 Metaspace       used 37584K, capacity 38208K, committed 38656K, reserved 1083392K
  class space    used 4056K, capacity 4266K, committed 4352K, reserved 1048576K
}
Event: 386.210 GC heap before
{Heap before GC invocations=25 (full 3):
 PSYoungGen      total 316416K, used 14660K [0x00000000eb700000, 0x0000000100000000, 0x0000000100000000)
  eden space 299008K, 0% used [0x00000000eb700000,0x00000000eb700000,0x00000000fdb00000)
  from space 17408K, 84% used [0x00000000fef00000,0x00000000ffd51030,0x0000000100000000)
  to   space 18944K, 0% used [0x00000000fdb00000,0x00000000fdb00000,0x00000000fed80000)
 ParOldGen       total 67072K, used 56958K [0x00000000c2400000, 0x00000000c6580000, 0x00000000eb700000)
  object space 67072K, 84% used [0x00000000c2400000,0x00000000c5b9f8f8,0x00000000c6580000)
 Metaspace       used 37584K, capacity 38208K, committed 38656K, reserved 1083392K
  class space    used 4056K, capacity 4266K, committed 4352K, reserved 1048576K

Deoptimization events (10 events):
Event: 200.573 Thread 0x00007f3f6000b000 Uncommon trap: reason=array_check action=maybe_recompile pc=0x00007f3f517d8acc method=java.util.ComparableTimSort.mergeHi(IIII)V @ 654
Event: 231.430 Thread 0x00007f3f6000b000 Uncommon trap: reason=bimorphic action=maybe_recompile pc=0x00007f3f51d8a6b4 method=javassist.bytecode.stackmap.Tracer.setFieldTarget(ZI)V @ 34
Event: 233.965 Thread 0x00007f3f6000b000 Uncommon trap: reason=class_check action=maybe_recompile pc=0x00007f3f51b795c4 method=javassist.bytecode.stackmap.TypeData$TypeVar.fixByUppers(Ljava/util/ArrayList;Ljavassist/ClassPool;Ljava/util/HashSet;Ljavassist/CtClass;)Ljavassist/CtClass; @ 97
Event: 317.968 Thread 0x00007f3f6000b000 Uncommon trap: reason=predicate action=maybe_recompile pc=0x00007f3f511992d8 method=java.util.ComparableTimSort.reverseRange([Ljava/lang/Object;II)V @ 8
Event: 325.142 Thread 0x00007f3f6000b000 Uncommon trap: reason=array_check action=maybe_recompile pc=0x00007f3f51c54f68 method=java.util.ComparableTimSort.reverseRange([Ljava/lang/Object;II)V @ 20
Event: 325.145 Thread 0x00007f3f6000b000 Uncommon trap: reason=array_check action=maybe_recompile pc=0x00007f3f51c54f68 method=java.util.ComparableTimSort.reverseRange([Ljava/lang/Object;II)V @ 20
Event: 325.183 Thread 0x00007f3f6000b000 Uncommon trap: reason=array_check action=maybe_recompile pc=0x00007f3f51c54f68 method=java.util.ComparableTimSort.reverseRange([Ljava/lang/Object;II)V @ 20
Event: 325.821 Thread 0x00007f3f6000b000 Uncommon trap: reason=array_check action=maybe_recompile pc=0x00007f3f51c54f68 method=java.util.ComparableTimSort.reverseRange([Ljava/lang/Object;II)V @ 20
Event: 336.780 Thread 0x00007f3f6000b000 Uncommon trap: reason=array_check action=maybe_recompile pc=0x00007f3f5127b33c method=java.util.ComparableTimSort.reverseRange([Ljava/lang/Object;II)V @ 27
Event: 336.976 Thread 0x00007f3f6000b000 Uncommon trap: reason=array_check action=maybe_recompile pc=0x00007f3f5127b33c method=java.util.ComparableTimSort.reverseRange([Ljava/lang/Object;II)V @ 27

Classes redefined (0 events):
No events

Internal exceptions (10 events):
Event: 8.832 Thread 0x00007f3f6000b000 Exception <a 'java/lang/ArrayIndexOutOfBoundsException': 42> (0x00000000ec3ef128) thrown at [/build/openjdk-8-nxKaDu/openjdk-8-8u265-b01/src/hotspot/src/share/vm/interpreter/interpreterRuntime.cpp, line 368]
Event: 8.833 Thread 0x00007f3f6000b000 Exception <a 'java/lang/ArrayIndexOutOfBoundsException': 139> (0x00000000ec3f0ff8) thrown at [/build/openjdk-8-nxKaDu/openjdk-8-8u265-b01/src/hotspot/src/share/vm/interpreter/interpreterRuntime.cpp, line 368]
Event: 9.295 Thread 0x00007f3f6000b000 Exception <a 'java/lang/reflect/InvocationTargetException'> (0x00000000ec835c80) thrown at [/build/openjdk-8-nxKaDu/openjdk-8-8u265-b01/src/hotspot/src/share/vm/runtime/reflection.cpp, line 1092]
Event: 9.297 Thread 0x00007f3f6000b000 Exception <a 'java/lang/reflect/InvocationTargetException'> (0x00000000ec84f970) thrown at [/build/openjdk-8-nxKaDu/openjdk-8-8u265-b01/src/hotspot/src/share/vm/runtime/reflection.cpp, line 1092]
Event: 9.633 Thread 0x00007f3f6000b000 Exception <a 'java/net/UnknownHostException'> (0x00000000ec973948) thrown at [/build/openjdk-8-nxKaDu/openjdk-8-8u265-b01/src/hotspot/src/share/vm/prims/jni.cpp, line 711]
Event: 11.207 Thread 0x00007f3f6000b000 Exception <a 'java/lang/NoSuchFieldError': method resolution failed> (0x00000000ebaebb10) thrown at [/build/openjdk-8-nxKaDu/openjdk-8-8u265-b01/src/hotspot/src/share/vm/prims/methodHandles.cpp, line 1169]
Event: 11.208 Thread 0x00007f3f6000b000 Exception <a 'java/lang/NoSuchFieldError': method resolution failed> (0x00000000ebaf91d0) thrown at [/build/openjdk-8-nxKaDu/openjdk-8-8u265-b01/src/hotspot/src/share/vm/prims/methodHandles.cpp, line 1169]
Event: 22.382 Thread 0x00007f3f6000b000 Implicit null exception at 0x00007f3f515788b8 to 0x00007f3f51578c85
Event: 22.382 Thread 0x00007f3f6000b000 Implicit null exception at 0x00007f3f515bc8fa to 0x00007f3f515be3ed
Event: 164.498 Thread 0x00007f3f6010a000 Implicit null exception at 0x00007f3f51490777 to 0x00007f3f514907f5

Events (10 events):
Event: 325.823 Thread 0x00007f3f6000b000 DEOPT UNPACKING pc=0x00007f3f5104547a sp=0x00007f3f694b9048 mode 2
Event: 336.779 Thread 0x00007f3f6000b000 Uncommon trap: trap_request=0xffffffd6 fr.pc=0x00007f3f5127b33c
Event: 336.780 Thread 0x00007f3f6000b000 DEOPT PACKING pc=0x00007f3f5127b33c sp=0x00007f3f694b9100
Event: 336.780 Thread 0x00007f3f6000b000 DEOPT UNPACKING pc=0x00007f3f5104547a sp=0x00007f3f694b9048 mode 2
Event: 336.976 Thread 0x00007f3f6000b000 Uncommon trap: trap_request=0xffffffd6 fr.pc=0x00007f3f5127b33c
Event: 336.976 Thread 0x00007f3f6000b000 DEOPT PACKING pc=0x00007f3f5127b33c sp=0x00007f3f694b9100
Event: 336.976 Thread 0x00007f3f6000b000 DEOPT UNPACKING pc=0x00007f3f5104547a sp=0x00007f3f694b9048 mode 2
Event: 349.286 Thread 0x00007f3f6000b000 DEOPT PACKING pc=0x00007f3f51201959 sp=0x00007f3f694b8d50
Event: 349.286 Thread 0x00007f3f6000b000 DEOPT UNPACKING pc=0x00007f3f510474c4 sp=0x00007f3f694b8ae0 mode 0
Event: 385.024 Executing VM operation: ParallelGCFailedAllocation


Dynamic libraries:
c2400000-c6580000 rw-p 00000000 00:00 0 
c8080000-eb700000 ---p 00000000 00:00 0 
eb700000-100000000 rw-p 00000000 00:00 0 
100000000-100440000 rw-p 00000000 00:00 0 
100440000-140000000 ---p 00000000 00:00 0 
56304c6b4000-56304c6b5000 r-xp 00000000 fc:01 1816964                    /usr/lib/jvm/java-8-openjdk-amd64/jre/bin/java
56304c8b4000-56304c8b5000 r--p 00000000 fc:01 1816964                    /usr/lib/jvm/java-8-openjdk-amd64/jre/bin/java
56304c8b5000-56304c8b6000 rw-p 00001000 fc:01 1816964                    /usr/lib/jvm/java-8-openjdk-amd64/jre/bin/java
56304dc3f000-56304dc60000 rw-p 00000000 00:00 0                          [heap]
7f3f18000000-7f3f18021000 rw-p 00000000 00:00 0 
7f3f18021000-7f3f1c000000 ---p 00000000 00:00 0 
7f3f1f800000-7f3f1f980000 rw-p 00000000 00:00 0 
7f3f1f980000-7f3f1fa00000 ---p 00000000 00:00 0 
7f3f1fa00000-7f3f1fc00000 rw-p 00000000 00:00 0 
7f3f1fc00000-7f3f1fe00000 rw-p 00000000 00:00 0 
7f3f1fe00000-7f3f20000000 rw-p 00000000 00:00 0 
7f3f20000000-7f3f20021000 rw-p 00000000 00:00 0 
7f3f20021000-7f3f24000000 ---p 00000000 00:00 0 
7f3f24000000-7f3f24021000 rw-p 00000000 00:00 0 
7f3f24021000-7f3f28000000 ---p 00000000 00:00 0 
7f3f28000000-7f3f284f9000 rw-p 00000000 00:00 0 
7f3f284f9000-7f3f2c000000 ---p 00000000 00:00 0 
7f3f2c000000-7f3f2c021000 rw-p 00000000 00:00 0 
7f3f2c021000-7f3f30000000 ---p 00000000 00:00 0 
7f3f30000000-7f3f30021000 rw-p 00000000 00:00 0 
7f3f30021000-7f3f34000000 ---p 00000000 00:00 0 
7f3f34000000-7f3f366bc000 rw-p 00000000 00:00 0 
7f3f366bc000-7f3f38000000 ---p 00000000 00:00 0 
7f3f38000000-7f3f38021000 rw-p 00000000 00:00 0 
7f3f38021000-7f3f3c000000 ---p 00000000 00:00 0 
7f3f3c000000-7f3f3c021000 rw-p 00000000 00:00 0 
7f3f3c021000-7f3f40000000 ---p 00000000 00:00 0 
7f3f40000000-7f3f40069000 rw-p 00000000 00:00 0 
7f3f40069000-7f3f44000000 ---p 00000000 00:00 0 
7f3f44000000-7f3f44021000 rw-p 00000000 00:00 0 
7f3f44021000-7f3f48000000 ---p 00000000 00:00 0 
7f3f48126000-7f3f48326000 rw-p 00000000 00:00 0 
7f3f48326000-7f3f48526000 rw-p 00000000 00:00 0 
7f3f48526000-7f3f48726000 rw-p 00000000 00:00 0 
7f3f48726000-7f3f48926000 rw-p 00000000 00:00 0 
7f3f48926000-7f3f48b26000 rw-p 00000000 00:00 0 
7f3f48b26000-7f3f48d26000 rw-p 00000000 00:00 0 
7f3f48d26000-7f3f48d35000 r-xp 00000000 fc:01 25923                      /lib/x86_64-linux-gnu/libnss_myhostname.so.2
7f3f48d35000-7f3f48f34000 ---p 0000f000 fc:01 25923                      /lib/x86_64-linux-gnu/libnss_myhostname.so.2
7f3f48f34000-7f3f48f37000 r--p 0000e000 fc:01 25923                      /lib/x86_64-linux-gnu/libnss_myhostname.so.2
7f3f48f37000-7f3f48f38000 rw-p 00011000 fc:01 25923                      /lib/x86_64-linux-gnu/libnss_myhostname.so.2
7f3f48f38000-7f3f48f4f000 r-xp 00000000 fc:01 47546                      /lib/x86_64-linux-gnu/libresolv-2.27.so
7f3f48f4f000-7f3f4914f000 ---p 00017000 fc:01 47546                      /lib/x86_64-linux-gnu/libresolv-2.27.so
7f3f4914f000-7f3f49150000 r--p 00017000 fc:01 47546                      /lib/x86_64-linux-gnu/libresolv-2.27.so
7f3f49150000-7f3f49151000 rw-p 00018000 fc:01 47546                      /lib/x86_64-linux-gnu/libresolv-2.27.so
7f3f49151000-7f3f49153000 rw-p 00000000 00:00 0 
7f3f49153000-7f3f49158000 r-xp 00000000 fc:01 47529                      /lib/x86_64-linux-gnu/libnss_dns-2.27.so
7f3f49158000-7f3f49358000 ---p 00005000 fc:01 47529                      /lib/x86_64-linux-gnu/libnss_dns-2.27.so
7f3f49358000-7f3f49359000 r--p 00005000 fc:01 47529                      /lib/x86_64-linux-gnu/libnss_dns-2.27.so
7f3f49359000-7f3f4935a000 rw-p 00006000 fc:01 47529                      /lib/x86_64-linux-gnu/libnss_dns-2.27.so
7f3f4935a000-7f3f4935c000 r-xp 00000000 fc:01 69785                      /lib/x86_64-linux-gnu/libnss_mdns4_minimal.so.2
7f3f4935c000-7f3f4955b000 ---p 00002000 fc:01 69785                      /lib/x86_64-linux-gnu/libnss_mdns4_minimal.so.2
7f3f4955b000-7f3f4955c000 r--p 00001000 fc:01 69785                      /lib/x86_64-linux-gnu/libnss_mdns4_minimal.so.2
7f3f4955c000-7f3f4955d000 rw-p 00002000 fc:01 69785                      /lib/x86_64-linux-gnu/libnss_mdns4_minimal.so.2
7f3f49570000-7f3f49583000 r--s 00346000 fc:01 1822944                    /usr/lib/jvm/java-8-openjdk-amd64/jre/lib/resources.jar
7f3f49583000-7f3f49586000 ---p 00000000 00:00 0 
7f3f49586000-7f3f49884000 rw-p 00000000 00:00 0 
7f3f49884000-7f3f49887000 ---p 00000000 00:00 0 
7f3f49887000-7f3f49b85000 rw-p 00000000 00:00 0 
7f3f49b85000-7f3f49d85000 rw-p 00000000 00:00 0 
7f3f49d85000-7f3f49d87000 r--s 00016000 fc:01 1822938                    /usr/lib/jvm/java-8-openjdk-amd64/jre/lib/jce.jar
7f3f49d87000-7f3f49d8c000 r--s 000a7000 fc:01 1822940                    /usr/lib/jvm/java-8-openjdk-amd64/jre/lib/jsse.jar
7f3f49d8c000-7f3f49d8e000 r--s 0000e000 fc:01 4148325                    /home/jhbu228/.m2/repository/org/apache/maven/surefire/surefire-junit4/2.16/surefire-junit4-2.16.jar
7f3f49d8e000-7f3f49d8f000 r--s 00000000 fc:01 4147130                    /home/jhbu228/.m2/repository/org/jenkins-ci/test-annotations/1.1/test-annotations-1.1.jar
7f3f49d8f000-7f3f49d90000 r--s 00000000 fc:01 4147128                    /home/jhbu228/.m2/repository/org/codehaus/mojo/animal-sniffer-annotations/1.9/animal-sniffer-annotations-1.9.jar
7f3f49d90000-7f3f49d92000 r--s 00010000 fc:01 4149501                    /home/jhbu228/.m2/repository/com/jcraft/jzlib/1.1.3-kohsuke-1/jzlib-1.1.3-kohsuke-1.jar
7f3f49d92000-7f3f49d95000 r--s 00006000 fc:01 4149500                    /home/jhbu228/.m2/repository/com/google/code/findbugs/jsr305/1.3.9/jsr305-1.3.9.jar
7f3f49d95000-7f3f49db5000 r--s 00173000 fc:01 3893105                    /home/jhbu228/.m2/repository/com/google/guava/guava/11.0.1/guava-11.0.1.jar
7f3f49db5000-7f3f49db6000 r--s 00004000 fc:01 4149497                    /home/jhbu228/.m2/repository/org/mindrot/jbcrypt/0.3m/jbcrypt-0.3m.jar
7f3f49db6000-7f3f49db8000 r--s 0000f000 fc:01 4149494                    /home/jhbu228/.m2/repository/commons-fileupload/commons-fileupload/1.3.1-jenkins-1/commons-fileupload-1.3.1-jenkins-1.jar
7f3f49db8000-7f3f49dba000 r--s 00005000 fc:01 4149493                    /home/jhbu228/.m2/repository/findbugs/annotations/1.0.0/annotations-1.0.0.jar
7f3f49dba000-7f3f49dbb000 r--s 00001000 fc:01 4149492                    /home/jhbu228/.m2/repository/org/kohsuke/access-modifier-annotation/1.4/access-modifier-annotation-1.4.jar
7f3f49dbb000-7f3f49dc2000 r--s 0003a000 fc:01 4149489                    /home/jhbu228/.m2/repository/commons-codec/commons-codec/1.8/commons-codec-1.8.jar
7f3f49dc2000-7f3f49dc4000 r--s 00000000 fc:01 4149486                    /home/jhbu228/.m2/repository/org/jvnet/robust-http-client/robust-http-client/1.2/robust-http-client-1.2.jar
7f3f49dc4000-7f3f49dc5000 r--s 00001000 fc:01 3893103                    /home/jhbu228/.m2/repository/org/kohsuke/metainf-services/metainf-services/1.4/metainf-services-1.4.jar
7f3f49dc5000-7f3f49dcc000 r--s 0005b000 fc:01 4149485                    /home/jhbu228/.m2/repository/org/samba/jcifs/jcifs/1.3.17-kohsuke-1/jcifs-1.3.17-kohsuke-1.jar
7f3f49dcc000-7f3f49dcf000 r--s 0001a000 fc:01 4149484                    /home/jhbu228/.m2/repository/org/kohsuke/jinterop/j-interopdeps/2.0.6-kohsuke-1/j-interopdeps-2.0.6-kohsuke-1.jar
7f3f49dcf000-7f3f49dd5000 r--s 00059000 fc:01 4149483                    /home/jhbu228/.m2/repository/org/kohsuke/jinterop/j-interop/2.0.6-kohsuke-1/j-interop-2.0.6-kohsuke-1.jar
7f3f49dd5000-7f3f49dd7000 r--s 00006000 fc:01 3880437                    /home/jhbu228/.m2/repository/net/java/sezpoz/sezpoz/1.9/sezpoz-1.9.jar
7f3f49dd7000-7f3f49dd8000 r--s 00001000 fc:01 4149478                    /home/jhbu228/.m2/repository/com/sun/solaris/embedded_su4j/1.1/embedded_su4j-1.1.jar
7f3f49dd8000-7f3f49ddb000 r--s 0000d000 fc:01 4149477                    /home/jhbu228/.m2/repository/org/jvnet/libzfs/libzfs/0.5/libzfs-0.5.jar
7f3f49ddb000-7f3f49ddc000 r--s 00004000 fc:01 4149476                    /home/jhbu228/.m2/repository/org/kohsuke/libpam4j/1.8/libpam4j-1.8.jar
7f3f49ddc000-7f3f49ddd000 r--s 00004000 fc:01 4149472                    /home/jhbu228/.m2/repository/org/kohsuke/akuma/1.9/akuma-1.9.jar
7f3f49ddd000-7f3f49de1000 r--s 000dc000 fc:01 4149471                    /home/jhbu228/.m2/repository/net/java/dev/jna/jna/4.1.0/jna-4.1.0.jar
7f3f49de1000-7f3f49de7000 r--s 0005a000 fc:01 4149470                    /home/jhbu228/.m2/repository/org/jenkins-ci/jmdns/3.4.0-jenkins-3/jmdns-3.4.0-jenkins-3.jar
7f3f49de7000-7f3f49de9000 r--s 00005000 fc:01 4149468                    /home/jhbu228/.m2/repository/stax/stax-api/1.0.1/stax-api-1.0.1.jar
7f3f49de9000-7f3f49def000 r--s 0007a000 fc:01 4149464                    /home/jhbu228/.m2/repository/org/codehaus/woodstox/wstx-asl/3.2.9/wstx-asl-3.2.9.jar
7f3f49def000-7f3f49df1000 r--s 00003000 fc:01 4149462                    /home/jhbu228/.m2/repository/org/jenkins-ci/memory-monitor/1.9/memory-monitor-1.9.jar
7f3f49df1000-7f3f49df3000 r--s 00004000 fc:01 4149461                    /home/jhbu228/.m2/repository/org/jvnet/winp/winp/1.22/winp-1.22.jar
7f3f49df3000-7f3f49e01000 r--s 0007f000 fc:01 4147001                    /home/jhbu228/.m2/repository/commons-collections/commons-collections/3.2.1/commons-collections-3.2.1.jar
7f3f49e01000-7f3f49e02000 r--s 00004000 fc:01 4149460                    /home/jhbu228/.m2/repository/relaxngDatatype/relaxngDatatype/20020414/relaxngDatatype-20020414.jar
7f3f49e02000-7f3f49e04000 r--s 00004000 fc:01 4149456                    /home/jhbu228/.m2/repository/javax/xml/stream/stax-api/1.0-2/stax-api-1.0-2.jar
7f3f49e04000-7f3f49e07000 r--s 0000e000 fc:01 3893101                    /home/jhbu228/.m2/repository/com/sun/xml/txw2/txw2/20110809/txw2-20110809.jar
7f3f49e07000-7f3f49e09000 r--s 0000e000 fc:01 4149455                    /home/jhbu228/.m2/repository/commons-logging/commons-logging/1.1.3/commons-logging-1.1.3.jar
7f3f49e09000-7f3f49e0b000 r--s 00003000 fc:01 4149454                    /home/jhbu228/.m2/repository/javax/servlet/jstl/1.1.0/jstl-1.1.0.jar
7f3f49e0b000-7f3f49e0d000 r--s 00003000 fc:01 4148107                    /home/jhbu228/.m2/repository/org/powermock/powermock-api-support/1.5.6/powermock-api-support-1.5.6.jar
7f3f49e0d000-7f3f49e2e000 r--s 00162000 fc:01 4148106                    /home/jhbu228/.m2/repository/org/mockito/mockito-all/1.9.5/mockito-all-1.9.5.jar
7f3f49e2e000-7f3f49e31000 r--s 0000f000 fc:01 4148105                    /home/jhbu228/.m2/repository/org/powermock/powermock-api-mockito/1.5.6/powermock-api-mockito-1.5.6.jar
7f3f49e31000-7f3f49e33000 r--s 00009000 fc:01 4148099                    /home/jhbu228/.m2/repository/org/powermock/powermock-reflect/1.5.6/powermock-reflect-1.5.6.jar
7f3f49e33000-7f3f49e3d000 r--s 000a5000 fc:01 4148094                    /home/jhbu228/.m2/repository/org/javassist/javassist/3.18.2-GA/javassist-3.18.2-GA.jar
7f3f49e3d000-7f3f49e40000 r--s 00012000 fc:01 4148095                    /home/jhbu228/.m2/repository/org/powermock/powermock-core/1.5.6/powermock-core-1.5.6.jar
7f3f49e40000-7f3f49e42000 r--s 00002000 fc:01 4148097                    /home/jhbu228/.m2/repository/org/powermock/powermock-module-junit4-common/1.5.6/powermock-module-junit4-common-1.5.6.jar
7f3f49e42000-7f3f49e43000 r--s 00005000 fc:01 4148091                    /home/jhbu228/.m2/repository/org/powermock/powermock-module-junit4/1.5.6/powermock-module-junit4-1.5.6.jar
7f3f49e43000-7f3f49e45000 r--s 00005000 fc:01 4149445                    /home/jhbu228/.m2/repository/org/objenesis/objenesis/1.0/objenesis-1.0.jar
7f3f49e45000-7f3f49e64000 r--s 00150000 fc:01 4149448                    /home/jhbu228/.m2/repository/org/mockito/mockito-core/1.9.5/mockito-core-1.9.5.jar
7f3f49e64000-7f3f49e66000 r--s 00009000 fc:01 4148118                    /home/jhbu228/.m2/repository/org/hamcrest/hamcrest-core/1.3/hamcrest-core-1.3.jar
7f3f49e66000-7f3f49e6c000 r--s 00036000 fc:01 4148116                    /home/jhbu228/.m2/repository/junit/junit/4.11/junit-4.11.jar
7f3f49e6c000-7f3f49e6f000 r--s 0001b000 fc:01 4149447                    /home/jhbu228/.m2/repository/xpp3/xpp3/1.1.4c/xpp3-1.1.4c.jar
7f3f49e6f000-7f3f49e77000 r--s 00048000 fc:01 4149444                    /home/jhbu228/.m2/repository/org/springframework/spring-aop/2.5.6.SEC03/spring-aop-2.5.6.SEC03.jar
7f3f49e77000-7f3f49e7d000 r--s 00040000 fc:01 4148632                    /home/jhbu228/.m2/repository/org/springframework/spring-core/2.5.6.SEC03/spring-core-2.5.6.SEC03.jar
7f3f49e7d000-7f3f49e82000 r--s 0002b000 fc:01 4149446                    /home/jhbu228/.m2/repository/org/springframework/spring-web/2.5.6.SEC03/spring-web-2.5.6.SEC03.jar
7f3f49e82000-7f3f49e8e000 r--s 00069000 fc:01 4148663                    /home/jhbu228/.m2/repository/org/springframework/spring-context/2.5.6.SEC03/spring-context-2.5.6.SEC03.jar
7f3f49e8e000-7f3f49e98000 r--s 0006e000 fc:01 4148694                    /home/jhbu228/.m2/repository/org/springframework/spring-beans/2.5.6.SEC03/spring-beans-2.5.6.SEC03.jar
7f3f49e98000-7f3f49ea1000 r--s 0005a000 fc:01 4148689                    /home/jhbu228/.m2/repository/org/springframework/spring-webmvc/2.5.6.SEC03/spring-webmvc-2.5.6.SEC03.jar
7f3f49ea1000-7f3f49eff000 r--s 00592000 fc:01 4148661                    /home/jhbu228/.m2/repository/org/codehaus/groovy/groovy-all/1.8.9/groovy-all-1.8.9.jar
7f3f49eff000-7f3f49f07000 r--s 0004f000 fc:01 4147504                    /home/jhbu228/.m2/repository/log4j/log4j/1.2.9/log4j-1.2.9.jar
7f3f49f07000-7f3f49f1e000 r-xp 00000000 fc:01 1817044                    /usr/lib/jvm/java-8-openjdk-amd64/jre/lib/amd64/libnet.so
7f3f49f1e000-7f3f4a11e000 ---p 00017000 fc:01 1817044                    /usr/lib/jvm/java-8-openjdk-amd64/jre/lib/amd64/libnet.so
7f3f4a11e000-7f3f4a11f000 r--p 00017000 fc:01 1817044                    /usr/lib/jvm/java-8-openjdk-amd64/jre/lib/amd64/libnet.so
7f3f4a11f000-7f3f4a120000 rw-p 00018000 fc:01 1817044                    /usr/lib/jvm/java-8-openjdk-amd64/jre/lib/amd64/libnet.so
7f3f4a120000-7f3f4c000000 rw-p 00000000 00:00 0 
7f3f4c000000-7f3f4c02b000 rw-p 00000000 00:00 0 
7f3f4c02b000-7f3f50000000 ---p 00000000 00:00 0 
7f3f50000000-7f3f50003000 r--s 00015000 fc:01 4149376                    /home/jhbu228/.m2/repository/org/springframework/spring-context-support/2.5.6.SEC03/spring-context-support-2.5.6.SEC03.jar
7f3f50003000-7f3f50005000 r--s 0001a000 fc:01 4148664                    /home/jhbu228/.m2/repository/org/fusesource/jansi/jansi/1.9/jansi-1.9.jar
7f3f50005000-7f3f50007000 r--s 00014000 fc:01 3880859                    /home/jhbu228/.m2/repository/jline/jline/0.9.94/jline-0.9.94.jar
7f3f50007000-7f3f50009000 r--s 0000e000 fc:01 3885804                    /home/jhbu228/.m2/repository/oro/oro/2.0.8/oro-2.0.8.jar
7f3f50009000-7f3f5000d000 r--s 00014000 fc:01 4148582                    /home/jhbu228/.m2/repository/org/springframework/spring-dao/1.2.9/spring-dao-1.2.9.jar
7f3f5000d000-7f3f50012000 r--s 00029000 fc:01 4148640                    /home/jhbu228/.m2/repository/org/springframework/spring-jdbc/1.2.9/spring-jdbc-1.2.9.jar
7f3f50012000-7f3f5001f000 r--s 00079000 fc:01 4148639                    /home/jhbu228/.m2/repository/org/acegisecurity/acegi-security/1.0.7/acegi-security-1.0.7.jar
7f3f5001f000-7f3f50023000 r--s 0001f000 fc:01 4148585                    /home/jhbu228/.m2/repository/org/jenkins-ci/commons-jexl/1.1-jenkins-20111212/commons-jexl-1.1-jenkins-20111212.jar
7f3f50023000-7f3f50025000 r--s 00004000 fc:01 4148631                    /home/jhbu228/.m2/repository/org/jvnet/hudson/commons-jelly-tags-define/1.0.1-hudson-20071021/commons-jelly-tags-define-1.0.1-hudson-20071021.jar
7f3f50025000-7f3f50027000 r--s 00008000 fc:01 4148635                    /home/jhbu228/.m2/repository/commons-jelly/commons-jelly-tags-xml/1.1/commons-jelly-tags-xml-1.1.jar
7f3f50027000-7f3f50028000 r--s 00005000 fc:01 4148627                    /home/jhbu228/.m2/repository/commons-jelly/commons-jelly-tags-fmt/1.0/commons-jelly-tags-fmt-1.0.jar
7f3f50028000-7f3f5002e000 r--s 00035000 fc:01 4148625                    /home/jhbu228/.m2/repository/jaxen/jaxen/1.1-beta-11/jaxen-1.1-beta-11.jar
7f3f5002e000-7f3f50030000 r--s 00010000 fc:01 4148609                    /home/jhbu228/.m2/repository/org/jvnet/hudson/activation/1.1.1-hudson-1/activation-1.1.1-hudson-1.jar
7f3f50030000-7f3f50037000 r--s 00072000 fc:01 4148595                    /home/jhbu228/.m2/repository/javax/mail/mail/1.4.4/mail-1.4.4.jar
7f3f50037000-7f3f5003e000 r--s 00056000 fc:01 4148607                    /home/jhbu228/.m2/repository/org/apache/commons/commons-compress/1.9/commons-compress-1.9.jar
7f3f5003e000-7f3f50043000 r--s 00034000 fc:01 4148598                    /home/jhbu228/.m2/repository/commons-beanutils/commons-beanutils/1.8.3/commons-beanutils-1.8.3.jar
7f3f50043000-7f3f50049000 r--s 0002b000 fc:01 4148596                    /home/jhbu228/.m2/repository/commons-digester/commons-digester/2.1/commons-digester-2.1.jar
7f3f50049000-7f3f5004e000 r--s 00041000 fc:01 4146999                    /home/jhbu228/.m2/repository/commons-lang/commons-lang/2.6/commons-lang-2.6.jar
7f3f5004e000-7f3f50052000 r--s 0002a000 fc:01 4148593                    /home/jhbu228/.m2/repository/commons-io/commons-io/2.4/commons-io-2.4.jar
7f3f50052000-7f3f50054000 r--s 00016000 fc:01 4147507                    /home/jhbu228/.m2/repository/javax/servlet/servlet-api/2.4/servlet-api-2.4.jar
7f3f50054000-7f3f50055000 r--s 00004000 fc:01 4148592                    /home/jhbu228/.m2/repository/org/apache/ant/ant-launcher/1.8.4/ant-launcher-1.8.4.jar
7f3f50055000-7f3f50073000 r--s 001bd000 fc:01 4148587                    /home/jhbu228/.m2/repository/org/apache/ant/ant/1.8.4/ant-1.8.4.jar
7f3f50073000-7f3f50079000 r--s 00046000 fc:01 4148583                    /home/jhbu228/.m2/repository/jfree/jcommon/1.0.12/jcommon-1.0.12.jar
7f3f50079000-7f3f50088000 r--s 0012d000 fc:01 4149442                    /home/jhbu228/.m2/repository/jfree/jfreechart/1.0.9/jfreechart-1.0.9.jar
7f3f50088000-7f3f50096000 r--s 00075000 fc:01 4149441                    /home/jhbu228/.m2/repository/org/jvnet/hudson/xstream/1.4.7-jenkins-1/xstream-1.4.7-jenkins-1.jar
7f3f50096000-7f3f5009c000 r--s 00067000 fc:01 4149439                    /home/jhbu228/.m2/repository/antlr/antlr/2.7.6/antlr-2.7.6.jar
7f3f5009c000-7f3f5009d000 r--s 00001000 fc:01 3893037                    /home/jhbu228/.m2/repository/org/jvnet/localizer/localizer/1.23/localizer-1.23.jar
7f3f5009d000-7f3f5009e000 r--s 00004000 fc:01 4149438                    /home/jhbu228/.m2/repository/org/jenkins-ci/task-reactor/1.4/task-reactor-1.4.jar
7f3f5009e000-7f3f500a3000 r--s 00058000 fc:01 4149436                    /home/jhbu228/.m2/repository/org/kohsuke/asm5/5.0.1/asm5-5.0.1.jar
7f3f500a3000-7f3f500a5000 r--s 00005000 fc:01 4149430                    /home/jhbu228/.m2/repository/org/jenkins-ci/bytecode-compatibility-transformer/1.5/bytecode-compatibility-transformer-1.5.jar
7f3f500a5000-7f3f500a6000 r--s 00003000 fc:01 4149429                    /home/jhbu228/.m2/repository/org/jenkins-ci/annotation-indexer/1.7/annotation-indexer-1.7.jar
7f3f500a6000-7f3f500a9000 r--s 00013000 fc:01 4149427                    /home/jhbu228/.m2/repository/args4j/args4j/2.0.31/args4j-2.0.31.jar
7f3f500a9000-7f3f500af000 r--s 00045000 fc:01 4149419                    /home/jhbu228/.m2/repository/commons-httpclient/commons-httpclient/3.1/commons-httpclient-3.1.jar
7f3f500af000-7f3f500b2000 r--s 00013000 fc:01 4149423                    /home/jhbu228/.m2/repository/net/sf/ezmorph/ezmorph/1.0.6/ezmorph-1.0.6.jar
7f3f500b2000-7f3f500b5000 r--s 00020000 fc:01 4149422                    /home/jhbu228/.m2/repository/org/kohsuke/stapler/json-lib/2.4-jenkins-2/json-lib-2.4-jenkins-2.jar
7f3f500b5000-7f3f500b6000 r--s 00000000 fc:01 4149421                    /home/jhbu228/.m2/repository/com/infradna/tool/bridge-method-annotation/1.13/bridge-method-annotation-1.13.jar
7f3f500b6000-7f3f500b9000 r--s 0002d000 fc:01 4149420                    /home/jhbu228/.m2/repository/org/kohsuke/stapler/stapler-adjunct-timeline/1.4/stapler-adjunct-timeline-1.4-tests.jar
7f3f500b9000-7f3f500bf000 r--s 0003e000 fc:01 4149417                    /home/jhbu228/.m2/repository/org/kohsuke/stapler/stapler-adjunct-codemirror/1.3/stapler-adjunct-codemirror-1.3.jar
7f3f500bf000-7f3f500c3000 r--s 00025000 fc:01 4149414                    /home/jhbu228/.m2/repository/org/kohsuke/stapler/stapler-adjunct-timeline/1.4/stapler-adjunct-timeline-1.4.jar
7f3f500c3000-7f3f500c4000 r--s 00004000 fc:01 4149413                    /home/jhbu228/.m2/repository/org/kohsuke/stapler/stapler-adjunct-zeroclipboard/1.3.5-1/stapler-adjunct-zeroclipboard-1.3.5-1.jar
7f3f500c4000-7f3f500c6000 r--s 00000000 fc:01 4149411                    /home/jhbu228/.m2/repository/org/kohsuke/windows-package-checker/1.0/windows-package-checker-1.0.jar
7f3f500c6000-7f3f500c8000 r--s 00003000 fc:01 3893099                    /home/jhbu228/.m2/repository/org/jvnet/tiger-types/1.3/tiger-types-1.3.jar
7f3f500c8000-7f3f500cb000 r--s 00010000 fc:01 3878182                    /home/jhbu228/.m2/repository/commons-discovery/commons-discovery/0.4/commons-discovery-0.4.jar
7f3f500cb000-7f3f500cd000 r--s 00005000 fc:01 4149408                    /home/jhbu228/.m2/repository/javax/annotation/javax.annotation-api/1.2/javax.annotation-api-1.2.jar
7f3f500cd000-7f3f500d4000 r--s 0004f000 fc:01 4149405                    /home/jhbu228/.m2/repository/org/kohsuke/stapler/stapler/1.236/stapler-1.236.jar
7f3f500d4000-7f3f500d5000 r--s 00001000 fc:01 4149404                    /home/jhbu228/.m2/repository/org/kohsuke/stapler/stapler-jrebel/1.236/stapler-jrebel-1.236.jar
7f3f500d5000-7f3f500da000 r--s 0003a000 fc:01 4149402                    /home/jhbu228/.m2/repository/org/jenkins-ci/dom4j/dom4j/1.6.1-jenkins-4/dom4j-1.6.1-jenkins-4.jar
7f3f500da000-7f3f500de000 r--s 00026000 fc:01 4149400                    /home/jhbu228/.m2/repository/org/jenkins-ci/commons-jelly/1.1-jenkins-20120928/commons-jelly-1.1-jenkins-20120928.jar
7f3f500de000-7f3f500e1000 r--s 00013000 fc:01 4149385                    /home/jhbu228/.m2/repository/org/kohsuke/stapler/stapler-jelly/1.236/stapler-jelly-1.236.jar
7f3f500e1000-7f3f500e3000 r--s 00007000 fc:01 3893097                    /home/jhbu228/.m2/repository/org/kohsuke/stapler/stapler-groovy/1.236/stapler-groovy-1.236.jar
7f3f500e3000-7f3f500e8000 r--s 0003c000 fc:01 4149397                    /home/jhbu228/.m2/repository/org/jenkins-ci/trilead-ssh2/build217-jenkins-8/trilead-ssh2-build217-jenkins-8.jar
7f3f500e8000-7f3f500e9000 r--s 00001000 fc:01 4149396                    /home/jhbu228/.m2/repository/org/kohsuke/trilead-putty-extension/1.2/trilead-putty-extension-1.2.jar
7f3f500e9000-7f3f500ee000 r--s 00048000 fc:01 4149395                    /home/jhbu228/.m2/repository/com/github/jnr/jnr-constants/0.8.5/jnr-constants-0.8.5.jar
7f3f500ee000-7f3f500f1000 r--s 00033000 fc:01 4149386                    /home/jhbu228/.m2/repository/com/github/jnr/jnr-x86asm/1.0.2/jnr-x86asm-1.0.2.jar
7f3f500f1000-7f3f500f3000 r--s 00008000 fc:01 4149389                    /home/jhbu228/.m2/repository/org/ow2/asm/asm-util/4.0/asm-util-4.0.jar
7f3f500f3000-7f3f500f5000 r--s 00004000 fc:01 4149351                    /home/jhbu228/.m2/repository/org/ow2/asm/asm-tree/4.0/asm-tree-4.0.jar
7f3f500f5000-7f3f500f6000 r--s 00004000 fc:01 4149367                    /home/jhbu228/.m2/repository/org/ow2/asm/asm-analysis/4.0/asm-analysis-4.0.jar
7f3f500f6000-7f3f500f8000 r--s 00008000 fc:01 4149388                    /home/jhbu228/.m2/repository/org/ow2/asm/asm-commons/4.0/asm-commons-4.0.jar
7f3f500f8000-7f3f500fa000 r--s 0000a000 fc:01 4149379                    /home/jhbu228/.m2/repository/org/ow2/asm/asm/4.0/asm-4.0.jar
7f3f500fa000-7f3f500fc000 r--s 0005d000 fc:01 4149353                    /home/jhbu228/.m2/repository/com/github/jnr/jffi/1.2.7/jffi-1.2.7-native.jar
7f3f500fc000-7f3f50100000 r--s 00020000 fc:01 4149377                    /home/jhbu228/.m2/repository/com/github/jnr/jffi/1.2.7/jffi-1.2.7.jar
7f3f50100000-7f3f50110000 r--s 0008e000 fc:01 4149369                    /home/jhbu228/.m2/repository/com/github/jnr/jnr-ffi/1.0.7/jnr-ffi-1.0.7.jar
7f3f50110000-7f3f50114000 r--s 00023000 fc:01 4149370                    /home/jhbu228/.m2/repository/com/github/jnr/jnr-posix/3.0.1/jnr-posix-3.0.1.jar
7f3f50114000-7f3f50117000 r--s 00014000 fc:01 4149368                    /home/jhbu228/.m2/repository/org/jruby/ext/posix/jna-posix/1.0.3-jenkins-1/jna-posix-1.0.3-jenkins-1.jar
7f3f50117000-7f3f50119000 r--s 00000000 fc:01 4149359                    /home/jhbu228/.m2/repository/aopalliance/aopalliance/1.0/aopalliance-1.0.jar
7f3f50119000-7f3f5011a000 r--s 00000000 fc:01 4149355                    /home/jhbu228/.m2/repository/javax/inject/javax.inject/1/javax.inject-1.jar
7f3f5011a000-7f3f5013a000 r--s 0014c000 fc:01 4149366                    /home/jhbu228/.m2/repository/com/google/inject/guice/4.0-beta/guice-4.0-beta.jar
7f3f5013a000-7f3f5013b000 r--s 00000000 fc:01 4149360                    /home/jhbu228/.m2/repository/org/jenkins-ci/core-annotation-processors/1.0/core-annotation-processors-1.0.jar
7f3f5013b000-7f3f5013e000 r--s 0001c000 fc:01 4149356                    /home/jhbu228/.m2/repository/org/jvnet/hudson/jtidy/4aug2000r7-dev-hudson-1/jtidy-4aug2000r7-dev-hudson-1.jar
7f3f5013e000-7f3f50140000 r--s 00000000 fc:01 4149354                    /home/jhbu228/.m2/repository/org/jenkins-ci/crypto-util/1.1/crypto-util-1.1.jar
7f3f50140000-7f3f50141000 r--s 00002000 fc:01 4149358                    /home/jhbu228/.m2/repository/org/jenkins-ci/version-number/1.1/version-number-1.1.jar
7f3f50141000-7f3f50143000 r--s 00008000 fc:01 4389055                    /home/jhbu228/CS498/mp3/jenkins/cli/target/cli-1.610-SNAPSHOT.jar
7f3f50143000-7f3f50144000 r--s 00003000 fc:01 4148113                    /home/jhbu228/.m2/repository/org/jenkins-ci/constant-pool-scanner/1.2/constant-pool-scanner-1.2.jar
7f3f50144000-7f3f5014d000 r--s 0006c000 fc:01 4148112                    /home/jhbu228/.m2/repository/org/jenkins-ci/main/remoting/2.50/remoting-2.50.jar
7f3f5014d000-7f3f5014f000 r--s 00003000 fc:01 4149352                    /home/jhbu228/.m2/repository/org/jenkins-ci/plugins/icon-shim/icon-set/1.0.5/icon-set-1.0.5.jar
7f3f5014f000-7f3f50153000 r--s 00021000 fc:01 4148306                    /home/jhbu228/.m2/repository/org/apache/maven/surefire/surefire-api/2.16/surefire-api-2.16.jar
7f3f50153000-7f3f50165000 r-xp 00000000 fc:01 1817045                    /usr/lib/jvm/java-8-openjdk-amd64/jre/lib/amd64/libnio.so
7f3f50165000-7f3f50364000 ---p 00012000 fc:01 1817045                    /usr/lib/jvm/java-8-openjdk-amd64/jre/lib/amd64/libnio.so
7f3f50364000-7f3f50365000 r--p 00011000 fc:01 1817045                    /usr/lib/jvm/java-8-openjdk-amd64/jre/lib/amd64/libnio.so
7f3f50365000-7f3f50366000 rw-p 00012000 fc:01 1817045                    /usr/lib/jvm/java-8-openjdk-amd64/jre/lib/amd64/libnio.so
7f3f50366000-7f3f50368000 r--s 00008000 fc:01 4148310                    /home/jhbu228/.m2/repository/org/apache/maven/surefire/surefire-booter/2.16/surefire-booter-2.16.jar
7f3f50368000-7f3f50369000 r--s 00003000 fc:01 4403931                    /home/jhbu228/CS498/mp3/jenkins/core/target/surefire/surefirebooter5543584291727401155.jar
7f3f50369000-7f3f5036c000 r--s 0000f000 fc:01 1818085                    /usr/lib/jvm/java-8-openjdk-amd64/jre/lib/ext/icedtea-sound.jar
7f3f5036c000-7f3f50370000 r--s 0003a000 fc:01 1822826                    /usr/lib/jvm/java-8-openjdk-amd64/jre/lib/ext/sunpkcs11.jar
7f3f50370000-7f3f5038b000 r--s 001d6000 fc:01 1820035                    /usr/lib/jvm/java-8-openjdk-amd64/jre/lib/ext/nashorn.jar
7f3f5038b000-7f3f50395000 r--s 00117000 fc:01 1818087                    /usr/lib/jvm/java-8-openjdk-amd64/jre/lib/ext/localedata.jar
7f3f50395000-7f3f5039b000 r--s 0003d000 fc:01 1822825                    /usr/lib/jvm/java-8-openjdk-amd64/jre/lib/ext/sunjce_provider.jar
7f3f5039b000-7f3f5039d000 r--s 00007000 fc:01 76117                      /usr/share/java/java-atk-wrapper.jar
7f3f5039d000-7f3f503b8000 r--s 00394000 fc:01 1818074                    /usr/lib/jvm/java-8-openjdk-amd64/jre/lib/ext/cldrdata.jar
7f3f503b8000-7f3f503b9000 ---p 00000000 00:00 0 
7f3f503b9000-7f3f504b9000 rw-p 00000000 00:00 0 
7f3f504b9000-7f3f504bc000 ---p 00000000 00:00 0 
7f3f504bc000-7f3f505ba000 rw-p 00000000 00:00 0 
7f3f505ba000-7f3f505bb000 ---p 00000000 00:00 0 
7f3f505bb000-7f3f505be000 ---p 00000000 00:00 0 
7f3f505be000-7f3f506bb000 rw-p 00000000 00:00 0 
7f3f506bb000-7f3f506bc000 ---p 00000000 00:00 0 
7f3f506bc000-7f3f506bf000 ---p 00000000 00:00 0 
7f3f506bf000-7f3f507bc000 rw-p 00000000 00:00 0 
7f3f507bc000-7f3f507bf000 ---p 00000000 00:00 0 
7f3f507bf000-7f3f508bd000 rw-p 00000000 00:00 0 
7f3f508bd000-7f3f508ee000 r--p 00000000 fc:01 25818                      /usr/lib/locale/C.UTF-8/LC_CTYPE
7f3f508ee000-7f3f50a61000 r--p 00000000 fc:01 25817                      /usr/lib/locale/C.UTF-8/LC_COLLATE
7f3f50a61000-7f3f50bfc000 r--p 00000000 fc:01 38854                      /usr/lib/locale/locale-archive
7f3f50bfc000-7f3f50bff000 ---p 00000000 00:00 0 
7f3f50bff000-7f3f50cfd000 rw-p 00000000 00:00 0 
7f3f50cfd000-7f3f50d00000 ---p 00000000 00:00 0 
7f3f50d00000-7f3f50dfe000 rw-p 00000000 00:00 0 
7f3f50dfe000-7f3f50dff000 ---p 00000000 00:00 0 
7f3f50dff000-7f3f51000000 rw-p 00000000 00:00 0 
7f3f51000000-7f3f51e80000 rwxp 00000000 00:00 0 
7f3f51e80000-7f3f60000000 ---p 00000000 00:00 0 
7f3f60000000-7f3f610d3000 rw-p 00000000 00:00 0 
7f3f610d3000-7f3f64000000 ---p 00000000 00:00 0 
7f3f64000000-7f3f64001000 r--s 0000a000 fc:01 1818086                    /usr/lib/jvm/java-8-openjdk-amd64/jre/lib/ext/jaccess.jar
7f3f64001000-7f3f64003000 r--s 00001000 fc:01 1818084                    /usr/lib/jvm/java-8-openjdk-amd64/jre/lib/ext/dnsns.jar
7f3f64003000-7f3f64004000 r--s 00010000 fc:01 1822922                    /usr/lib/jvm/java-8-openjdk-amd64/jre/lib/ext/zipfs.jar
7f3f64004000-7f3f64005000 r--s 0000d000 fc:01 1820037                    /usr/lib/jvm/java-8-openjdk-amd64/jre/lib/ext/sunec.jar
7f3f64005000-7f3f64006000 r--p 00000000 fc:01 25824                      /usr/lib/locale/C.UTF-8/LC_NUMERIC
7f3f64006000-7f3f64007000 r--p 00000000 fc:01 25827                      /usr/lib/locale/C.UTF-8/LC_TIME
7f3f64007000-7f3f64008000 r--p 00000000 fc:01 25822                      /usr/lib/locale/C.UTF-8/LC_MONETARY
7f3f64008000-7f3f64009000 r--p 00000000 fc:01 25821                      /usr/lib/locale/C.UTF-8/LC_MESSAGES/SYS_LC_MESSAGES
7f3f64009000-7f3f6400a000 r--p 00000000 fc:01 25825                      /usr/lib/locale/C.UTF-8/LC_PAPER
7f3f6400a000-7f3f64860000 rw-p 00000000 00:00 0 
7f3f64860000-7f3f64a32000 r--s 03ca8000 fc:01 1822945                    /usr/lib/jvm/java-8-openjdk-amd64/jre/lib/rt.jar
7f3f64a32000-7f3f65420000 rw-p 00000000 00:00 0 
7f3f65420000-7f3f65421000 ---p 00000000 00:00 0 
7f3f65421000-7f3f65521000 rw-p 00000000 00:00 0 
7f3f65521000-7f3f65522000 ---p 00000000 00:00 0 
7f3f65522000-7f3f65643000 rw-p 00000000 00:00 0 
7f3f65643000-7f3f6576c000 ---p 00000000 00:00 0 
7f3f6576c000-7f3f6578d000 rw-p 00000000 00:00 0 
7f3f6578d000-7f3f658b5000 ---p 00000000 00:00 0 
7f3f658b5000-7f3f6595a000 rw-p 00000000 00:00 0 
7f3f6595a000-7f3f65995000 rw-p 00000000 00:00 0 
7f3f65995000-7f3f65d1b000 ---p 00000000 00:00 0 
7f3f65d1b000-7f3f65d23000 r-xp 00000000 fc:01 1817052                    /usr/lib/jvm/java-8-openjdk-amd64/jre/lib/amd64/libzip.so
7f3f65d23000-7f3f65f22000 ---p 00008000 fc:01 1817052                    /usr/lib/jvm/java-8-openjdk-amd64/jre/lib/amd64/libzip.so
7f3f65f22000-7f3f65f23000 r--p 00007000 fc:01 1817052                    /usr/lib/jvm/java-8-openjdk-amd64/jre/lib/amd64/libzip.so
7f3f65f23000-7f3f65f24000 rw-p 00008000 fc:01 1817052                    /usr/lib/jvm/java-8-openjdk-amd64/jre/lib/amd64/libzip.so
7f3f65f24000-7f3f65f2f000 r-xp 00000000 fc:01 47531                      /lib/x86_64-linux-gnu/libnss_files-2.27.so
7f3f65f2f000-7f3f6612e000 ---p 0000b000 fc:01 47531                      /lib/x86_64-linux-gnu/libnss_files-2.27.so
7f3f6612e000-7f3f6612f000 r--p 0000a000 fc:01 47531                      /lib/x86_64-linux-gnu/libnss_files-2.27.so
7f3f6612f000-7f3f66130000 rw-p 0000b000 fc:01 47531                      /lib/x86_64-linux-gnu/libnss_files-2.27.so
7f3f66130000-7f3f66136000 rw-p 00000000 00:00 0 
7f3f66136000-7f3f6614d000 r-xp 00000000 fc:01 30395                      /lib/x86_64-linux-gnu/libnsl-2.27.so
7f3f6614d000-7f3f6634c000 ---p 00017000 fc:01 30395                      /lib/x86_64-linux-gnu/libnsl-2.27.so
7f3f6634c000-7f3f6634d000 r--p 00016000 fc:01 30395                      /lib/x86_64-linux-gnu/libnsl-2.27.so
7f3f6634d000-7f3f6634e000 rw-p 00017000 fc:01 30395                      /lib/x86_64-linux-gnu/libnsl-2.27.so
7f3f6634e000-7f3f66350000 rw-p 00000000 00:00 0 
7f3f66350000-7f3f6635b000 r-xp 00000000 fc:01 47534                      /lib/x86_64-linux-gnu/libnss_nis-2.27.so
7f3f6635b000-7f3f6655a000 ---p 0000b000 fc:01 47534                      /lib/x86_64-linux-gnu/libnss_nis-2.27.so
7f3f6655a000-7f3f6655b000 r--p 0000a000 fc:01 47534                      /lib/x86_64-linux-gnu/libnss_nis-2.27.so
7f3f6655b000-7f3f6655c000 rw-p 0000b000 fc:01 47534                      /lib/x86_64-linux-gnu/libnss_nis-2.27.so
7f3f6655c000-7f3f66564000 r-xp 00000000 fc:01 47527                      /lib/x86_64-linux-gnu/libnss_compat-2.27.so
7f3f66564000-7f3f66764000 ---p 00008000 fc:01 47527                      /lib/x86_64-linux-gnu/libnss_compat-2.27.so
7f3f66764000-7f3f66765000 r--p 00008000 fc:01 47527                      /lib/x86_64-linux-gnu/libnss_compat-2.27.so
7f3f66765000-7f3f66766000 rw-p 00009000 fc:01 47527                      /lib/x86_64-linux-gnu/libnss_compat-2.27.so
7f3f66766000-7f3f66790000 r-xp 00000000 fc:01 1817015                    /usr/lib/jvm/java-8-openjdk-amd64/jre/lib/amd64/libjava.so
7f3f66790000-7f3f6698f000 ---p 0002a000 fc:01 1817015                    /usr/lib/jvm/java-8-openjdk-amd64/jre/lib/amd64/libjava.so
7f3f6698f000-7f3f66990000 r--p 00029000 fc:01 1817015                    /usr/lib/jvm/java-8-openjdk-amd64/jre/lib/amd64/libjava.so
7f3f66990000-7f3f66992000 rw-p 0002a000 fc:01 1817015                    /usr/lib/jvm/java-8-openjdk-amd64/jre/lib/amd64/libjava.so
7f3f66992000-7f3f669a2000 r-xp 00000000 fc:01 1817051                    /usr/lib/jvm/java-8-openjdk-amd64/jre/lib/amd64/libverify.so
7f3f669a2000-7f3f66ba1000 ---p 00010000 fc:01 1817051                    /usr/lib/jvm/java-8-openjdk-amd64/jre/lib/amd64/libverify.so
7f3f66ba1000-7f3f66ba3000 r--p 0000f000 fc:01 1817051                    /usr/lib/jvm/java-8-openjdk-amd64/jre/lib/amd64/libverify.so
7f3f66ba3000-7f3f66ba4000 rw-p 00011000 fc:01 1817051                    /usr/lib/jvm/java-8-openjdk-amd64/jre/lib/amd64/libverify.so
7f3f66ba4000-7f3f66bab000 r-xp 00000000 fc:01 47547                      /lib/x86_64-linux-gnu/librt-2.27.so
7f3f66bab000-7f3f66daa000 ---p 00007000 fc:01 47547                      /lib/x86_64-linux-gnu/librt-2.27.so
7f3f66daa000-7f3f66dab000 r--p 00006000 fc:01 47547                      /lib/x86_64-linux-gnu/librt-2.27.so
7f3f66dab000-7f3f66dac000 rw-p 00007000 fc:01 47547                      /lib/x86_64-linux-gnu/librt-2.27.so
7f3f66dac000-7f3f66dc3000 r-xp 00000000 fc:01 15773                      /lib/x86_64-linux-gnu/libgcc_s.so.1
7f3f66dc3000-7f3f66fc2000 ---p 00017000 fc:01 15773                      /lib/x86_64-linux-gnu/libgcc_s.so.1
7f3f66fc2000-7f3f66fc3000 r--p 00016000 fc:01 15773                      /lib/x86_64-linux-gnu/libgcc_s.so.1
7f3f66fc3000-7f3f66fc4000 rw-p 00017000 fc:01 15773                      /lib/x86_64-linux-gnu/libgcc_s.so.1
7f3f66fc4000-7f3f67161000 r-xp 00000000 fc:01 29621                      /lib/x86_64-linux-gnu/libm-2.27.so
7f3f67161000-7f3f67360000 ---p 0019d000 fc:01 29621                      /lib/x86_64-linux-gnu/libm-2.27.so
7f3f67360000-7f3f67361000 r--p 0019c000 fc:01 29621                      /lib/x86_64-linux-gnu/libm-2.27.so
7f3f67361000-7f3f67362000 rw-p 0019d000 fc:01 29621                      /lib/x86_64-linux-gnu/libm-2.27.so
7f3f67362000-7f3f674db000 r-xp 00000000 fc:01 47831                      /usr/lib/x86_64-linux-gnu/libstdc++.so.6.0.25
7f3f674db000-7f3f676db000 ---p 00179000 fc:01 47831                      /usr/lib/x86_64-linux-gnu/libstdc++.so.6.0.25
7f3f676db000-7f3f676e5000 r--p 00179000 fc:01 47831                      /usr/lib/x86_64-linux-gnu/libstdc++.so.6.0.25
7f3f676e5000-7f3f676e7000 rw-p 00183000 fc:01 47831                      /usr/lib/x86_64-linux-gnu/libstdc++.so.6.0.25
7f3f676e7000-7f3f676eb000 rw-p 00000000 00:00 0 
7f3f676eb000-7f3f68393000 r-xp 00000000 fc:01 1817054                    /usr/lib/jvm/java-8-openjdk-amd64/jre/lib/amd64/server/libjvm.so
7f3f68393000-7f3f68593000 ---p 00ca8000 fc:01 1817054                    /usr/lib/jvm/java-8-openjdk-amd64/jre/lib/amd64/server/libjvm.so
7f3f68593000-7f3f68627000 r--p 00ca8000 fc:01 1817054                    /usr/lib/jvm/java-8-openjdk-amd64/jre/lib/amd64/server/libjvm.so
7f3f68627000-7f3f68650000 rw-p 00d3c000 fc:01 1817054                    /usr/lib/jvm/java-8-openjdk-amd64/jre/lib/amd64/server/libjvm.so
7f3f68650000-7f3f68680000 rw-p 00000000 00:00 0 
7f3f68680000-7f3f6869a000 r-xp 00000000 fc:01 47544                      /lib/x86_64-linux-gnu/libpthread-2.27.so
7f3f6869a000-7f3f68899000 ---p 0001a000 fc:01 47544                      /lib/x86_64-linux-gnu/libpthread-2.27.so
7f3f68899000-7f3f6889a000 r--p 00019000 fc:01 47544                      /lib/x86_64-linux-gnu/libpthread-2.27.so
7f3f6889a000-7f3f6889b000 rw-p 0001a000 fc:01 47544                      /lib/x86_64-linux-gnu/libpthread-2.27.so
7f3f6889b000-7f3f6889f000 rw-p 00000000 00:00 0 
7f3f6889f000-7f3f688a2000 r-xp 00000000 fc:01 29619                      /lib/x86_64-linux-gnu/libdl-2.27.so
7f3f688a2000-7f3f68aa1000 ---p 00003000 fc:01 29619                      /lib/x86_64-linux-gnu/libdl-2.27.so
7f3f68aa1000-7f3f68aa2000 r--p 00002000 fc:01 29619                      /lib/x86_64-linux-gnu/libdl-2.27.so
7f3f68aa2000-7f3f68aa3000 rw-p 00003000 fc:01 29619                      /lib/x86_64-linux-gnu/libdl-2.27.so
7f3f68aa3000-7f3f68abf000 r-xp 00000000 fc:01 2187                       /lib/x86_64-linux-gnu/libz.so.1.2.11
7f3f68abf000-7f3f68cbe000 ---p 0001c000 fc:01 2187                       /lib/x86_64-linux-gnu/libz.so.1.2.11
7f3f68cbe000-7f3f68cbf000 r--p 0001b000 fc:01 2187                       /lib/x86_64-linux-gnu/libz.so.1.2.11
7f3f68cbf000-7f3f68cc0000 rw-p 0001c000 fc:01 2187                       /lib/x86_64-linux-gnu/libz.so.1.2.11
7f3f68cc0000-7f3f68ea7000 r-xp 00000000 fc:01 13724                      /lib/x86_64-linux-gnu/libc-2.27.so
7f3f68ea7000-7f3f690a7000 ---p 001e7000 fc:01 13724                      /lib/x86_64-linux-gnu/libc-2.27.so
7f3f690a7000-7f3f690ab000 r--p 001e7000 fc:01 13724                      /lib/x86_64-linux-gnu/libc-2.27.so
7f3f690ab000-7f3f690ad000 rw-p 001eb000 fc:01 13724                      /lib/x86_64-linux-gnu/libc-2.27.so
7f3f690ad000-7f3f690b1000 rw-p 00000000 00:00 0 
7f3f690b1000-7f3f690bf000 r-xp 00000000 fc:01 1816974                    /usr/lib/jvm/java-8-openjdk-amd64/jre/lib/amd64/jli/libjli.so
7f3f690bf000-7f3f692be000 ---p 0000e000 fc:01 1816974                    /usr/lib/jvm/java-8-openjdk-amd64/jre/lib/amd64/jli/libjli.so
7f3f692be000-7f3f692bf000 r--p 0000d000 fc:01 1816974                    /usr/lib/jvm/java-8-openjdk-amd64/jre/lib/amd64/jli/libjli.so
7f3f692bf000-7f3f692c0000 rw-p 0000e000 fc:01 1816974                    /usr/lib/jvm/java-8-openjdk-amd64/jre/lib/amd64/jli/libjli.so
7f3f692c0000-7f3f692e7000 r-xp 00000000 fc:01 13292                      /lib/x86_64-linux-gnu/ld-2.27.so
7f3f692e7000-7f3f692e8000 r--p 00000000 fc:01 25823                      /usr/lib/locale/C.UTF-8/LC_NAME
7f3f692e8000-7f3f692e9000 r--p 00000000 fc:01 25816                      /usr/lib/locale/C.UTF-8/LC_ADDRESS
7f3f692e9000-7f3f692ea000 r--p 00000000 fc:01 25826                      /usr/lib/locale/C.UTF-8/LC_TELEPHONE
7f3f692ea000-7f3f692eb000 r--p 00000000 fc:01 25820                      /usr/lib/locale/C.UTF-8/LC_MEASUREMENT
7f3f692eb000-7f3f693bc000 rw-p 00000000 00:00 0 
7f3f693bc000-7f3f693bd000 ---p 00000000 00:00 0 
7f3f693bd000-7f3f693c0000 ---p 00000000 00:00 0 
7f3f693c0000-7f3f694bf000 rw-p 00000000 00:00 0 
7f3f694bf000-7f3f694c6000 r--s 00000000 fc:01 48023                      /usr/lib/x86_64-linux-gnu/gconv/gconv-modules.cache
7f3f694c6000-7f3f694c7000 r--p 00000000 fc:01 25819                      /usr/lib/locale/C.UTF-8/LC_IDENTIFICATION
7f3f694c7000-7f3f694db000 rw-p 00000000 00:00 0 
7f3f694db000-7f3f694e3000 rw-s 00000000 fc:01 3894301                    /tmp/hsperfdata_jhbu228/7250
7f3f694e3000-7f3f694e4000 rw-p 00000000 00:00 0 
7f3f694e4000-7f3f694e5000 ---p 00000000 00:00 0 
7f3f694e5000-7f3f694e7000 rw-p 00000000 00:00 0 
7f3f694e7000-7f3f694e8000 r--p 00027000 fc:01 13292                      /lib/x86_64-linux-gnu/ld-2.27.so
7f3f694e8000-7f3f694e9000 rw-p 00028000 fc:01 13292                      /lib/x86_64-linux-gnu/ld-2.27.so
7f3f694e9000-7f3f694ea000 rw-p 00000000 00:00 0 
7fff97e3c000-7fff97e5d000 rw-p 00000000 00:00 0                          [stack]
7fff97fc8000-7fff97fcb000 r--p 00000000 00:00 0                          [vvar]
7fff97fcb000-7fff97fcd000 r-xp 00000000 00:00 0                          [vdso]
ffffffffff600000-ffffffffff601000 r-xp 00000000 00:00 0                  [vsyscall]

VM Arguments:
jvm_args: -XX:MaxPermSize=128m 
java_command: /home/jhbu228/CS498/mp3/jenkins/core/target/surefire/surefirebooter5543584291727401155.jar /home/jhbu228/CS498/mp3/jenkins/core/target/surefire/surefire1879703519879861028tmp /home/jhbu228/CS498/mp3/jenkins/core/target/surefire/surefire_01361549067886688067tmp
java_class_path (initial): /home/jhbu228/CS498/mp3/jenkins/core/target/surefire/surefirebooter5543584291727401155.jar
Launcher Type: SUN_STANDARD

Environment Variables:
JAVA_HOME=/usr/lib/jvm/java-8-openjdk-amd64
PATH=/usr/lib/jvm/java-8-openjdk-amd64/jre/bin:/usr/local/sbin:/usr/local/bin:/usr/sbin:/usr/bin:/sbin:/bin:/usr/games:/usr/local/games:/snap/bin
SHELL=/bin/bash

Signal Handlers:
SIGSEGV: [libjvm.so+0xabb430], sa_mask[0]=11111111011111111101111111111110, sa_flags=SA_RESTART|SA_SIGINFO
SIGBUS: [libjvm.so+0xabb430], sa_mask[0]=11111111011111111101111111111110, sa_flags=SA_RESTART|SA_SIGINFO
SIGFPE: [libjvm.so+0x8eb5b0], sa_mask[0]=11111111011111111101111111111110, sa_flags=SA_RESTART|SA_SIGINFO
SIGPIPE: [libjvm.so+0x8eb5b0], sa_mask[0]=11111111011111111101111111111110, sa_flags=SA_RESTART|SA_SIGINFO
SIGXFSZ: [libjvm.so+0x8eb5b0], sa_mask[0]=11111111011111111101111111111110, sa_flags=SA_RESTART|SA_SIGINFO
SIGILL: [libjvm.so+0x8eb5b0], sa_mask[0]=11111111011111111101111111111110, sa_flags=SA_RESTART|SA_SIGINFO
SIGUSR1: SIG_DFL, sa_mask[0]=00000000000000000000000000000000, sa_flags=none
SIGUSR2: [libjvm.so+0x8eb460], sa_mask[0]=00100000000000000000000000000000, sa_flags=SA_RESTART|SA_SIGINFO
SIGHUP: [libjvm.so+0x8ebad0], sa_mask[0]=11111111011111111101111111111110, sa_flags=SA_RESTART|SA_SIGINFO
SIGINT: [libjvm.so+0x8ebad0], sa_mask[0]=11111111011111111101111111111110, sa_flags=SA_RESTART|SA_SIGINFO
SIGTERM: [libjvm.so+0x8ebad0], sa_mask[0]=11111111011111111101111111111110, sa_flags=SA_RESTART|SA_SIGINFO
SIGQUIT: [libjvm.so+0x8ebad0], sa_mask[0]=11111111011111111101111111111110, sa_flags=SA_RESTART|SA_SIGINFO


---------------  S Y S T E M  ---------------

OS:DISTRIB_ID=Ubuntu
DISTRIB_RELEASE=18.04
DISTRIB_CODENAME=bionic
DISTRIB_DESCRIPTION="Ubuntu 18.04.5 LTS"

uname:Linux 4.15.0-112-generic #113-Ubuntu SMP Thu Jul 9 23:41:39 UTC 2020 x86_64
libc:glibc 2.27 NPTL 2.27 
rlimit: STACK 8192k, CORE 0k, NPROC 15517, NOFILE 1048576, AS infinity
load average:10.64 8.24 4.13

/proc/meminfo:
MemTotal:        4039144 kB
MemFree:           88296 kB
MemAvailable:          0 kB
Buffers:             440 kB
Cached:            26728 kB
SwapCached:         2376 kB
Active:          3086500 kB
Inactive:         658152 kB
Active(anon):    3083836 kB
Inactive(anon):   651472 kB
Active(file):       2664 kB
Inactive(file):     6680 kB
Unevictable:          64 kB
Mlocked:              64 kB
SwapTotal:       1048572 kB
SwapFree:              0 kB
Dirty:                84 kB
Writeback:            12 kB
AnonPages:       3715616 kB
Mapped:            16816 kB
Shmem:             17636 kB
Slab:             115704 kB
SReclaimable:      52452 kB
SUnreclaim:        63252 kB
KernelStack:        9136 kB
PageTables:        42004 kB
NFS_Unstable:          0 kB
Bounce:                0 kB
WritebackTmp:          0 kB
CommitLimit:     3068144 kB
Committed_AS:    7869964 kB
VmallocTotal:   34359738367 kB
VmallocUsed:           0 kB
VmallocChunk:          0 kB
HardwareCorrupted:     0 kB
AnonHugePages:         0 kB
ShmemHugePages:        0 kB
ShmemPmdMapped:        0 kB
CmaTotal:              0 kB
CmaFree:               0 kB
HugePages_Total:       0
HugePages_Free:        0
HugePages_Rsvd:        0
HugePages_Surp:        0
Hugepagesize:       2048 kB
DirectMap4k:      550768 kB
DirectMap2M:     3643392 kB
DirectMap1G:     2097152 kB

container (cgroup) information:
container_type: cgroupv1
cpu_cpuset_cpus: 0-1
cpu_memory_nodes: 0
active_processor_count: 2
cpu_quota: -1
cpu_period: 100000
cpu_shares: -1
memory_limit_in_bytes: -1
memory_and_swap_limit_in_bytes: -2
memory_soft_limit_in_bytes: -1
memory_usage_in_bytes: 3828490240
memory_max_usage_in_bytes: 3856482304


CPU:total 2 (initial active 2) (1 cores per cpu, 1 threads per core) family 6 model 85 stepping 4, cmov, cx8, fxsr, mmx, sse, sse2, sse3, ssse3, sse4.1, sse4.2, popcnt, avx, avx2, aes, clmul, erms, rtm, 3dnowpref, lzcnt, tsc, bmi1, bmi2, adx

/proc/cpuinfo:
processor	: 0
vendor_id	: GenuineIntel
cpu family	: 6
model		: 85
model name	: Intel Xeon Processor (Skylake, IBRS)
stepping	: 4
microcode	: 0x1
cpu MHz		: 2095.074
cache size	: 16384 KB
physical id	: 0
siblings	: 1
core id		: 0
cpu cores	: 1
apicid		: 0
initial apicid	: 0
fpu		: yes
fpu_exception	: yes
cpuid level	: 13
wp		: yes
flags		: fpu vme de pse tsc msr pae mce cx8 apic sep mtrr pge mca cmov pat pse36 clflush mmx fxsr sse sse2 ss syscall nx pdpe1gb rdtscp lm constant_tsc rep_good nopl xtopology cpuid tsc_known_freq pni pclmulqdq vmx ssse3 fma cx16 pcid sse4_1 sse4_2 x2apic movbe popcnt tsc_deadline_timer aes xsave avx f16c rdrand hypervisor lahf_lm abm 3dnowprefetch cpuid_fault invpcid_single pti ssbd ibrs ibpb tpr_shadow vnmi flexpriority ept vpid fsgsbase tsc_adjust bmi1 hle avx2 smep bmi2 erms invpcid rtm mpx avx512f avx512dq rdseed adx smap clflushopt clwb avx512cd avx512bw avx512vl xsaveopt xsavec xgetbv1 xsaves arat pku ospke md_clear
bugs		: cpu_meltdown spectre_v1 spectre_v2 spec_store_bypass l1tf mds swapgs taa itlb_multihit
bogomips	: 4190.14
clflush size	: 64
cache_alignment	: 64
address sizes	: 40 bits physical, 48 bits virtual
power management:

processor	: 1
vendor_id	: GenuineIntel
cpu family	: 6
model		: 85
model name	: Intel Xeon Processor (Skylake, IBRS)
stepping	: 4
microcode	: 0x1
cpu MHz		: 2095.074
cache size	: 16384 KB
physical id	: 1
siblings	: 1
core id		: 0
cpu cores	: 1
apicid		: 1
initial apicid	: 1
fpu		: yes
fpu_exception	: yes
cpuid level	: 13
wp		: yes
flags		: fpu vme de pse tsc msr pae mce cx8 apic sep mtrr pge mca cmov pat pse36 clflush mmx fxsr sse sse2 ss syscall nx pdpe1gb rdtscp lm constant_tsc rep_good nopl xtopology cpuid tsc_known_freq pni pclmulqdq vmx ssse3 fma cx16 pcid sse4_1 sse4_2 x2apic movbe popcnt tsc_deadline_timer aes xsave avx f16c rdrand hypervisor lahf_lm abm 3dnowprefetch cpuid_fault invpcid_single pti ssbd ibrs ibpb tpr_shadow vnmi flexpriority ept vpid fsgsbase tsc_adjust bmi1 hle avx2 smep bmi2 erms invpcid rtm mpx avx512f avx512dq rdseed adx smap clflushopt clwb avx512cd avx512bw avx512vl xsaveopt xsavec xgetbv1 xsaves arat pku ospke md_clear
bugs		: cpu_meltdown spectre_v1 spectre_v2 spec_store_bypass l1tf mds swapgs taa itlb_multihit
bogomips	: 4190.14
clflush size	: 64
cache_alignment	: 64
address sizes	: 40 bits physical, 48 bits virtual
power management:



Memory: 4k page, physical 4039144k(91760k free), swap 1048572k(4k free)

vm_info: OpenJDK 64-Bit Server VM (25.265-b01) for linux-amd64 JRE (1.8.0_265-8u265-b01-0ubuntu2~18.04-b01), built on Aug  3 2020 01:16:56 by "buildd" with gcc 7.5.0

time: Tue Oct 27 22:48:51 2020
timezone: EDT
elapsed time: 393 seconds (0d 0h 6m 33s)

