#
# There is insufficient memory for the Java Runtime Environment to continue.
# Native memory allocation (mmap) failed to map 41943040 bytes for committing reserved memory.
# Possible reasons:
#   The system is out of physical RAM or swap space
#   The process is running with CompressedOops enabled, and the Java Heap may be blocking the growth of the native heap
# Possible solutions:
#   Reduce memory load on the system
#   Increase physical memory or swap space
#   Check if swap backing store is full
#   Decrease Java heap size (-Xmx/-Xms)
#   Decrease number of Java threads
#   Decrease Java thread stack sizes (-Xss)
#   Set larger code cache with -XX:ReservedCodeCacheSize=
#   JVM is running with Unscaled Compressed Oops mode in which the Java heap is
#     placed in the first 4GB address space. The Java Heap base address is the
#     maximum limit for the native heap growth. Please use -XX:HeapBaseMinAddress
#     to set the Java Heap base and to place the Java Heap above 4GB virtual address.
# This output file may be truncated or incomplete.
#
#  Out of Memory Error (os_linux.cpp:2792), pid=14369, tid=0x00007f0a7601e700
#
# JRE version: OpenJDK Runtime Environment (8.0_265-b01) (build 1.8.0_265-8u265-b01-0ubuntu2~18.04-b01)
# Java VM: OpenJDK 64-Bit Server VM (25.265-b01 mixed mode linux-amd64 compressed oops)
# Failed to write core dump. Core dumps have been disabled. To enable core dumping, try "ulimit -c unlimited" before starting Java again
#

---------------  T H R E A D  ---------------

Current thread (0x00007f0a8c0fc000):  VMThread [stack: 0x00007f0a75f1f000,0x00007f0a7601f000] [id=14373]

Stack: [0x00007f0a75f1f000,0x00007f0a7601f000],  sp=0x00007f0a7601d370,  free space=1016k
Native frames: (J=compiled Java code, j=interpreted, Vv=VM code, C=native code)
V  [libjvm.so+0xabaae2]
V  [libjvm.so+0x4de3f7]
V  [libjvm.so+0x8f0560]
V  [libjvm.so+0x8e74be]
V  [libjvm.so+0x96eb16]
V  [libjvm.so+0x95d34a]
V  [libjvm.so+0x95d518]
V  [libjvm.so+0x95e120]
V  [libjvm.so+0x9644dc]
V  [libjvm.so+0x96c735]
V  [libjvm.so+0x91ae28]
V  [libjvm.so+0xabc812]
V  [libjvm.so+0xac11b6]
V  [libjvm.so+0xabf14e]
V  [libjvm.so+0xabfd5b]
V  [libjvm.so+0xac0198]
V  [libjvm.so+0x8ed782]

VM_Operation (0x00007f0a9467ba90): ParallelGCFailedAllocation, mode: safepoint, requested by thread 0x00007f0a8c00b000


---------------  P R O C E S S  ---------------

Java Threads: ( => current thread )
  0x00007f0a8c144800 JavaThread "Service Thread" daemon [_thread_blocked, id=14379, stack(0x00007f0a7560a000,0x00007f0a7570b000)]
  0x00007f0a8c142000 JavaThread "C1 CompilerThread1" daemon [_thread_blocked, id=14378, stack(0x00007f0a7570c000,0x00007f0a7580c000)]
  0x00007f0a8c13f000 JavaThread "C2 CompilerThread0" daemon [_thread_blocked, id=14377, stack(0x00007f0a7580d000,0x00007f0a7590d000)]
  0x00007f0a8c13b000 JavaThread "Signal Dispatcher" daemon [_thread_blocked, id=14376, stack(0x00007f0a7590d000,0x00007f0a75a0e000)]
  0x00007f0a8c10a000 JavaThread "Finalizer" daemon [_thread_blocked, id=14375, stack(0x00007f0a75d1c000,0x00007f0a75e1d000)]
  0x00007f0a8c105800 JavaThread "Reference Handler" daemon [_thread_blocked, id=14374, stack(0x00007f0a75e1d000,0x00007f0a75f1e000)]
  0x00007f0a8c00b000 JavaThread "main" [_thread_blocked, id=14370, stack(0x00007f0a94580000,0x00007f0a94680000)]

Other Threads:
=>0x00007f0a8c0fc000 VMThread [stack: 0x00007f0a75f1f000,0x00007f0a7601f000] [id=14373]
  0x00007f0a8c147000 WatcherThread [stack: 0x00007f0a7550a000,0x00007f0a7560a000] [id=14380]

VM state:at safepoint (normal execution)

VM Mutex/Monitor currently owned by a thread:  ([mutex/lock_event])
[0x00007f0a8c0074c0] ExpandHeap_lock - owner thread: 0x00007f0a8c0fc000
[0x00007f0a8c007b40] Threads_lock - owner thread: 0x00007f0a8c0fc000
[0x00007f0a8c008040] Heap_lock - owner thread: 0x00007f0a8c00b000

heap address: 0x00000000c2400000, size: 988 MB, Compressed Oops mode: 32-bit
Narrow klass base: 0x0000000000000000, Narrow klass shift: 3
Compressed class space size: 1073741824 Address: 0x0000000100000000

Heap:
 PSYoungGen      total 310784K, used 0K [0x00000000eb700000, 0x0000000100000000, 0x0000000100000000)
  eden space 294912K, 0% used [0x00000000eb700000,0x00000000eb700000,0x00000000fd700000)
  from space 15872K, 0% used [0x00000000fd700000,0x00000000fd700000,0x00000000fe680000)
  to   space 22528K, 0% used [0x00000000fea00000,0x00000000fea00000,0x0000000100000000)
 ParOldGen       total 70144K, used 69108K [0x00000000c2400000, 0x00000000c6880000, 0x00000000eb700000)
  object space 70144K, 98% used [0x00000000c2400000,0x00000000c677d2e0,0x00000000c6880000)
 Metaspace       used 33099K, capacity 33690K, committed 39552K, reserved 1085440K
  class space    used 3516K, capacity 3711K, committed 4480K, reserved 1048576K

Card table byte_map: [0x00007f0a9092f000,0x00007f0a90b1e000] byte_map_base: 0x00007f0a9031d000

Marking Bits: (ParMarkBitMap*) 0x00007f0a93826520
 Begin Bits: [0x00007f0a76120000, 0x00007f0a77090000)
 End Bits:   [0x00007f0a77090000, 0x00007f0a78000000)

Polling page: 0x00007f0a946a7000

CodeCache: size=245760Kb used=13410Kb max_used=14233Kb free=232349Kb
 bounds [0x00007f0a7d000000, 0x00007f0a7de30000, 0x00007f0a8c000000]
 total_blobs=3955 nmethods=3561 adapters=308
 compilation: enabled

Compilation events (10 events):
Event: 154.990 Thread 0x00007f0a8c13f000 4526       4       java.util.ComparableTimSort::countRunAndMakeAscending (123 bytes)
Event: 155.434 Thread 0x00007f0a8c13f000 nmethod 4526 0x00007f0a7d975410 code [0x00007f0a7d9755c0, 0x00007f0a7d975f78]
Event: 166.056 Thread 0x00007f0a8c13f000 4527       4       javassist.compiler.MemberCodeGen::resolveClassName (9 bytes)
Event: 166.362 Thread 0x00007f0a8c13f000 nmethod 4527 0x00007f0a7d875090 code [0x00007f0a7d875240, 0x00007f0a7d875d98]
Event: 166.695 Thread 0x00007f0a8c13f000 4528       4       java.util.ComparableTimSort::countRunAndMakeAscending (123 bytes)
Event: 166.707 Thread 0x00007f0a8c13f000 nmethod 4528 0x00007f0a7d95fad0 code [0x00007f0a7d95fc80, 0x00007f0a7d960758]
Event: 168.864 Thread 0x00007f0a8c13f000 4529       4       javassist.compiler.Javac$1::doit (52 bytes)
Event: 170.028 Thread 0x00007f0a8c13f000 nmethod 4529 0x00007f0a7da4a810 code [0x00007f0a7da4aa00, 0x00007f0a7da4b168]
Event: 170.406 Thread 0x00007f0a8c13f000 4530       4       javassist.bytecode.ConstPool::getInterfaceMethodrefType (42 bytes)
Event: 170.480 Thread 0x00007f0a8c13f000 nmethod 4530 0x00007f0a7d95e610 code [0x00007f0a7d95e7a0, 0x00007f0a7d95eab8]

GC Heap History (10 events):
Event: 51.172 GC heap after
Heap after GC invocations=21 (full 1):
 PSYoungGen      total 318464K, used 9612K [0x00000000eb700000, 0x0000000100000000, 0x0000000100000000)
  eden space 304128K, 0% used [0x00000000eb700000,0x00000000eb700000,0x00000000fe000000)
  from space 14336K, 67% used [0x00000000fee80000,0x00000000ff7e3210,0x00000000ffc80000)
  to   space 14848K, 0% used [0x00000000fe000000,0x00000000fe000000,0x00000000fee80000)
 ParOldGen       total 37888K, used 36876K [0x00000000c2400000, 0x00000000c4900000, 0x00000000eb700000)
  object space 37888K, 97% used [0x00000000c2400000,0x00000000c4803100,0x00000000c4900000)
 Metaspace       used 34719K, capacity 35230K, committed 35496K, reserved 1081344K
  class space    used 3864K, capacity 4067K, committed 4096K, reserved 1048576K
}
Event: 51.172 GC heap before
{Heap before GC invocations=22 (full 2):
 PSYoungGen      total 318464K, used 9612K [0x00000000eb700000, 0x0000000100000000, 0x0000000100000000)
  eden space 304128K, 0% used [0x00000000eb700000,0x00000000eb700000,0x00000000fe000000)
  from space 14336K, 67% used [0x00000000fee80000,0x00000000ff7e3210,0x00000000ffc80000)
  to   space 14848K, 0% used [0x00000000fe000000,0x00000000fe000000,0x00000000fee80000)
 ParOldGen       total 37888K, used 36876K [0x00000000c2400000, 0x00000000c4900000, 0x00000000eb700000)
  object space 37888K, 97% used [0x00000000c2400000,0x00000000c4803100,0x00000000c4900000)
 Metaspace       used 34719K, capacity 35230K, committed 35496K, reserved 1081344K
  class space    used 3864K, capacity 4067K, committed 4096K, reserved 1048576K
Event: 51.572 GC heap after
Heap after GC invocations=22 (full 2):
 PSYoungGen      total 318464K, used 5886K [0x00000000eb700000, 0x0000000100000000, 0x0000000100000000)
  eden space 304128K, 0% used [0x00000000eb700000,0x00000000eb700000,0x00000000fe000000)
  from space 14336K, 41% used [0x00000000fee80000,0x00000000ff43fb70,0x00000000ffc80000)
  to   space 14848K, 0% used [0x00000000fe000000,0x00000000fe000000,0x00000000fee80000)
 ParOldGen       total 70144K, used 37730K [0x00000000c2400000, 0x00000000c6880000, 0x00000000eb700000)
  object space 70144K, 53% used [0x00000000c2400000,0x00000000c48d8868,0x00000000c6880000)
 Metaspace       used 34663K, capacity 35140K, committed 35496K, reserved 1081344K
  class space    used 3856K, capacity 4052K, committed 4096K, reserved 1048576K
}
Event: 62.335 GC heap before
{Heap before GC invocations=23 (full 2):
 PSYoungGen      total 318464K, used 310014K [0x00000000eb700000, 0x0000000100000000, 0x0000000100000000)
  eden space 304128K, 100% used [0x00000000eb700000,0x00000000fe000000,0x00000000fe000000)
  from space 14336K, 41% used [0x00000000fee80000,0x00000000ff43fb70,0x00000000ffc80000)
  to   space 14848K, 0% used [0x00000000fe000000,0x00000000fe000000,0x00000000fee80000)
 ParOldGen       total 70144K, used 37730K [0x00000000c2400000, 0x00000000c6880000, 0x00000000eb700000)
  object space 70144K, 53% used [0x00000000c2400000,0x00000000c48d8868,0x00000000c6880000)
 Metaspace       used 36018K, capacity 36610K, committed 36992K, reserved 1081344K
  class space    used 3962K, capacity 4159K, committed 4224K, reserved 1048576K
Event: 62.549 GC heap after
Heap after GC invocations=23 (full 2):
 PSYoungGen      total 318976K, used 14844K [0x00000000eb700000, 0x0000000100000000, 0x0000000100000000)
  eden space 304128K, 0% used [0x00000000eb700000,0x00000000eb700000,0x00000000fe000000)
  from space 14848K, 99% used [0x00000000fe000000,0x00000000fee7f050,0x00000000fee80000)
  to   space 17920K, 0% used [0x00000000fee80000,0x00000000fee80000,0x0000000100000000)
 ParOldGen       total 70144K, used 42183K [0x00000000c2400000, 0x00000000c6880000, 0x00000000eb700000)
  object space 70144K, 60% used [0x00000000c2400000,0x00000000c4d31c60,0x00000000c6880000)
 Metaspace       used 36018K, capacity 36610K, committed 36992K, reserved 1081344K
  class space    used 3962K, capacity 4159K, committed 4224K, reserved 1048576K
}
Event: 119.348 GC heap before
{Heap before GC invocations=24 (full 2):
 PSYoungGen      total 318976K, used 318972K [0x00000000eb700000, 0x0000000100000000, 0x0000000100000000)
  eden space 304128K, 100% used [0x00000000eb700000,0x00000000fe000000,0x00000000fe000000)
  from space 14848K, 99% used [0x00000000fe000000,0x00000000fee7f050,0x00000000fee80000)
  to   space 17920K, 0% used [0x00000000fee80000,0x00000000fee80000,0x0000000100000000)
 ParOldGen       total 70144K, used 42183K [0x00000000c2400000, 0x00000000c6880000, 0x00000000eb700000)
  object space 70144K, 60% used [0x00000000c2400000,0x00000000c4d31c60,0x00000000c6880000)
 Metaspace       used 37260K, capacity 37882K, committed 38400K, reserved 1083392K
  class space    used 4052K, capacity 4265K, committed 4352K, reserved 1048576K
Event: 119.492 GC heap after
Heap after GC invocations=24 (full 2):
 PSYoungGen      total 312832K, used 16021K [0x00000000eb700000, 0x0000000100000000, 0x0000000100000000)
  eden space 294912K, 0% used [0x00000000eb700000,0x00000000eb700000,0x00000000fd700000)
  from space 17920K, 89% used [0x00000000fee80000,0x00000000ffe25778,0x0000000100000000)
  to   space 20992K, 0% used [0x00000000fd700000,0x00000000fd700000,0x00000000feb80000)
 ParOldGen       total 70144K, used 53792K [0x00000000c2400000, 0x00000000c6880000, 0x00000000eb700000)
  object space 70144K, 76% used [0x00000000c2400000,0x00000000c5888130,0x00000000c6880000)
 Metaspace       used 37260K, capacity 37882K, committed 38400K, reserved 1083392K
  class space    used 4052K, capacity 4265K, committed 4352K, reserved 1048576K
}
Event: 171.010 GC heap before
{Heap before GC invocations=25 (full 2):
 PSYoungGen      total 312832K, used 310933K [0x00000000eb700000, 0x0000000100000000, 0x0000000100000000)
  eden space 294912K, 100% used [0x00000000eb700000,0x00000000fd700000,0x00000000fd700000)
  from space 17920K, 89% used [0x00000000fee80000,0x00000000ffe25778,0x0000000100000000)
  to   space 20992K, 0% used [0x00000000fd700000,0x00000000fd700000,0x00000000feb80000)
 ParOldGen       total 70144K, used 53792K [0x00000000c2400000, 0x00000000c6880000, 0x00000000eb700000)
  object space 70144K, 76% used [0x00000000c2400000,0x00000000c5888130,0x00000000c6880000)
 Metaspace       used 38500K, capacity 39154K, committed 39552K, reserved 1085440K
  class space    used 4142K, capacity 4371K, committed 4480K, reserved 1048576K
Event: 171.308 GC heap after
Heap after GC invocations=25 (full 2):
 PSYoungGen      total 310784K, used 15609K [0x00000000eb700000, 0x0000000100000000, 0x0000000100000000)
  eden space 294912K, 0% used [0x00000000eb700000,0x00000000eb700000,0x00000000fd700000)
  from space 15872K, 98% used [0x00000000fd700000,0x00000000fe63e6c0,0x00000000fe680000)
  to   space 22528K, 0% used [0x00000000fea00000,0x00000000fea00000,0x0000000100000000)
 ParOldGen       total 70144K, used 65128K [0x00000000c2400000, 0x00000000c6880000, 0x00000000eb700000)
  object space 70144K, 92% used [0x00000000c2400000,0x00000000c639a130,0x00000000c6880000)
 Metaspace       used 38500K, capacity 39154K, committed 39552K, reserved 1085440K
  class space    used 4142K, capacity 4371K, committed 4480K, reserved 1048576K
}
Event: 171.309 GC heap before
{Heap before GC invocations=26 (full 3):
 PSYoungGen      total 310784K, used 15609K [0x00000000eb700000, 0x0000000100000000, 0x0000000100000000)
  eden space 294912K, 0% used [0x00000000eb700000,0x00000000eb700000,0x00000000fd700000)
  from space 15872K, 98% used [0x00000000fd700000,0x00000000fe63e6c0,0x00000000fe680000)
  to   space 22528K, 0% used [0x00000000fea00000,0x00000000fea00000,0x0000000100000000)
 ParOldGen       total 70144K, used 65128K [0x00000000c2400000, 0x00000000c6880000, 0x00000000eb700000)
  object space 70144K, 92% used [0x00000000c2400000,0x00000000c639a130,0x00000000c6880000)
 Metaspace       used 38500K, capacity 39154K, committed 39552K, reserved 1085440K
  class space    used 4142K, capacity 4371K, committed 4480K, reserved 1048576K

Deoptimization events (10 events):
Event: 59.597 Thread 0x00007f0a8c00b000 Uncommon trap: reason=class_check action=maybe_recompile pc=0x00007f0a7d15cc04 method=javassist.bytecode.stackmap.TypeData$TypeVar.fixByUppers(Ljava/util/ArrayList;Ljavassist/ClassPool;Ljava/util/HashSet;Ljavassist/CtClass;)Ljavassist/CtClass; @ 97
Event: 59.680 Thread 0x00007f0a8c00b000 Uncommon trap: reason=array_check action=maybe_recompile pc=0x00007f0a7d85518c method=java.util.ComparableTimSort.mergeHi(IIII)V @ 654
Event: 59.806 Thread 0x00007f0a8c00b000 Uncommon trap: reason=array_check action=maybe_recompile pc=0x00007f0a7d85518c method=java.util.ComparableTimSort.mergeHi(IIII)V @ 654
Event: 140.190 Thread 0x00007f0a8c00b000 Uncommon trap: reason=predicate action=maybe_recompile pc=0x00007f0a7d97b198 method=java.util.ComparableTimSort.reverseRange([Ljava/lang/Object;II)V @ 8
Event: 146.948 Thread 0x00007f0a8c00b000 Uncommon trap: reason=array_check action=maybe_recompile pc=0x00007f0a7d17e2a8 method=java.util.ComparableTimSort.reverseRange([Ljava/lang/Object;II)V @ 20
Event: 151.417 Thread 0x00007f0a8c00b000 Uncommon trap: reason=array_check action=maybe_recompile pc=0x00007f0a7d17e2a8 method=java.util.ComparableTimSort.reverseRange([Ljava/lang/Object;II)V @ 20
Event: 151.815 Thread 0x00007f0a8c00b000 Uncommon trap: reason=array_check action=maybe_recompile pc=0x00007f0a7d17e2a8 method=java.util.ComparableTimSort.reverseRange([Ljava/lang/Object;II)V @ 20
Event: 151.873 Thread 0x00007f0a8c00b000 Uncommon trap: reason=array_check action=maybe_recompile pc=0x00007f0a7d17e2a8 method=java.util.ComparableTimSort.reverseRange([Ljava/lang/Object;II)V @ 20
Event: 155.813 Thread 0x00007f0a8c00b000 Uncommon trap: reason=array_check action=maybe_recompile pc=0x00007f0a7d975bb8 method=java.util.ComparableTimSort.reverseRange([Ljava/lang/Object;II)V @ 27
Event: 155.864 Thread 0x00007f0a8c00b000 Uncommon trap: reason=array_check action=maybe_recompile pc=0x00007f0a7d975bb8 method=java.util.ComparableTimSort.reverseRange([Ljava/lang/Object;II)V @ 27

Classes redefined (0 events):
No events

Internal exceptions (10 events):
Event: 10.728 Thread 0x00007f0a8c00b000 Exception <a 'java/lang/ArrayIndexOutOfBoundsException': 18> (0x00000000ec3f0428) thrown at [/build/openjdk-8-nxKaDu/openjdk-8-8u265-b01/src/hotspot/src/share/vm/interpreter/interpreterRuntime.cpp, line 368]
Event: 10.728 Thread 0x00007f0a8c00b000 Exception <a 'java/lang/ArrayIndexOutOfBoundsException': 42> (0x00000000ec3f1200) thrown at [/build/openjdk-8-nxKaDu/openjdk-8-8u265-b01/src/hotspot/src/share/vm/interpreter/interpreterRuntime.cpp, line 368]
Event: 10.729 Thread 0x00007f0a8c00b000 Exception <a 'java/lang/ArrayIndexOutOfBoundsException': 139> (0x00000000ec3f30d0) thrown at [/build/openjdk-8-nxKaDu/openjdk-8-8u265-b01/src/hotspot/src/share/vm/interpreter/interpreterRuntime.cpp, line 368]
Event: 11.071 Thread 0x00007f0a8c00b000 Exception <a 'java/lang/reflect/InvocationTargetException'> (0x00000000ec836af0) thrown at [/build/openjdk-8-nxKaDu/openjdk-8-8u265-b01/src/hotspot/src/share/vm/runtime/reflection.cpp, line 1092]
Event: 11.072 Thread 0x00007f0a8c00b000 Exception <a 'java/lang/reflect/InvocationTargetException'> (0x00000000ec8507e0) thrown at [/build/openjdk-8-nxKaDu/openjdk-8-8u265-b01/src/hotspot/src/share/vm/runtime/reflection.cpp, line 1092]
Event: 11.448 Thread 0x00007f0a8c00b000 Exception <a 'java/net/UnknownHostException'> (0x00000000ec975520) thrown at [/build/openjdk-8-nxKaDu/openjdk-8-8u265-b01/src/hotspot/src/share/vm/prims/jni.cpp, line 711]
Event: 12.895 Thread 0x00007f0a8c00b000 Exception <a 'java/lang/NoSuchFieldError': method resolution failed> (0x00000000ebaea6c8) thrown at [/build/openjdk-8-nxKaDu/openjdk-8-8u265-b01/src/hotspot/src/share/vm/prims/methodHandles.cpp, line 1169]
Event: 12.902 Thread 0x00007f0a8c00b000 Exception <a 'java/lang/NoSuchFieldError': method resolution failed> (0x00000000ebaf7d88) thrown at [/build/openjdk-8-nxKaDu/openjdk-8-8u265-b01/src/hotspot/src/share/vm/prims/methodHandles.cpp, line 1169]
Event: 19.729 Thread 0x00007f0a8c00b000 Implicit null exception at 0x00007f0a7d5d2278 to 0x00007f0a7d5d2645
Event: 19.729 Thread 0x00007f0a8c00b000 Implicit null exception at 0x00007f0a7d5de49a to 0x00007f0a7d5e0195

Events (10 events):
Event: 170.481 Thread 0x00007f0a8c13f000 flushing nmethod 0x00007f0a7db29b10
Event: 170.481 Thread 0x00007f0a8c13f000 flushing nmethod 0x00007f0a7db2b950
Event: 170.481 Thread 0x00007f0a8c13f000 flushing nmethod 0x00007f0a7db2f090
Event: 170.481 Thread 0x00007f0a8c13f000 flushing nmethod 0x00007f0a7db42650
Event: 170.481 Thread 0x00007f0a8c13f000 flushing nmethod 0x00007f0a7db474d0
Event: 170.481 Thread 0x00007f0a8c13f000 flushing nmethod 0x00007f0a7db49e90
Event: 170.481 Thread 0x00007f0a8c13f000 flushing nmethod 0x00007f0a7db51d50
Event: 170.481 Thread 0x00007f0a8c13f000 flushing nmethod 0x00007f0a7db60290
Event: 170.481 Thread 0x00007f0a8c13f000 flushing nmethod 0x00007f0a7dbd4450
Event: 170.878 Executing VM operation: ParallelGCFailedAllocation


Dynamic libraries:
c2400000-c6880000 rw-p 00000000 00:00 0 
c9080000-eb700000 ---p 00000000 00:00 0 
eb700000-100000000 rw-p 00000000 00:00 0 
100000000-100460000 rw-p 00000000 00:00 0 
100460000-140000000 ---p 00000000 00:00 0 
55abb3e33000-55abb3e34000 r-xp 00000000 fc:01 1816964                    /usr/lib/jvm/java-8-openjdk-amd64/jre/bin/java
55abb4033000-55abb4034000 r--p 00000000 fc:01 1816964                    /usr/lib/jvm/java-8-openjdk-amd64/jre/bin/java
55abb4034000-55abb4035000 rw-p 00001000 fc:01 1816964                    /usr/lib/jvm/java-8-openjdk-amd64/jre/bin/java
55abb5bf8000-55abb5c19000 rw-p 00000000 00:00 0                          [heap]
7f0a467ee000-7f0a4682e000 rw-p 00000000 00:00 0 
7f0a4682e000-7f0a469ee000 ---p 00000000 00:00 0 
7f0a469ee000-7f0a46bee000 rw-p 00000000 00:00 0 
7f0a46bee000-7f0a46dee000 rw-p 00000000 00:00 0 
7f0a46dee000-7f0a46fee000 rw-p 00000000 00:00 0 
7f0a46fee000-7f0a471ee000 rw-p 00000000 00:00 0 
7f0a471ee000-7f0a473ee000 rw-p 00000000 00:00 0 
7f0a473ee000-7f0a475ee000 rw-p 00000000 00:00 0 
7f0a475ee000-7f0a477ee000 rw-p 00000000 00:00 0 
7f0a477ee000-7f0a479ee000 rw-p 00000000 00:00 0 
7f0a479ee000-7f0a47bee000 rw-p 00000000 00:00 0 
7f0a47bee000-7f0a47dee000 rw-p 00000000 00:00 0 
7f0a47dee000-7f0a47dfd000 r-xp 00000000 fc:01 25923                      /lib/x86_64-linux-gnu/libnss_myhostname.so.2
7f0a47dfd000-7f0a47ffc000 ---p 0000f000 fc:01 25923                      /lib/x86_64-linux-gnu/libnss_myhostname.so.2
7f0a47ffc000-7f0a47fff000 r--p 0000e000 fc:01 25923                      /lib/x86_64-linux-gnu/libnss_myhostname.so.2
7f0a47fff000-7f0a48000000 rw-p 00011000 fc:01 25923                      /lib/x86_64-linux-gnu/libnss_myhostname.so.2
7f0a48000000-7f0a48021000 rw-p 00000000 00:00 0 
7f0a48021000-7f0a4c000000 ---p 00000000 00:00 0 
7f0a4c000000-7f0a4c021000 rw-p 00000000 00:00 0 
7f0a4c021000-7f0a50000000 ---p 00000000 00:00 0 
7f0a50000000-7f0a50021000 rw-p 00000000 00:00 0 
7f0a50021000-7f0a54000000 ---p 00000000 00:00 0 
7f0a54000000-7f0a54021000 rw-p 00000000 00:00 0 
7f0a54021000-7f0a58000000 ---p 00000000 00:00 0 
7f0a58000000-7f0a59c85000 rw-p 00000000 00:00 0 
7f0a59c85000-7f0a5c000000 ---p 00000000 00:00 0 
7f0a5c000000-7f0a5c5f8000 rw-p 00000000 00:00 0 
7f0a5c5f8000-7f0a60000000 ---p 00000000 00:00 0 
7f0a60000000-7f0a60021000 rw-p 00000000 00:00 0 
7f0a60021000-7f0a64000000 ---p 00000000 00:00 0 
7f0a64000000-7f0a64021000 rw-p 00000000 00:00 0 
7f0a64021000-7f0a68000000 ---p 00000000 00:00 0 
7f0a68000000-7f0a68021000 rw-p 00000000 00:00 0 
7f0a68021000-7f0a6c000000 ---p 00000000 00:00 0 
7f0a6c000000-7f0a6c021000 rw-p 00000000 00:00 0 
7f0a6c021000-7f0a70000000 ---p 00000000 00:00 0 
7f0a70000000-7f0a70021000 rw-p 00000000 00:00 0 
7f0a70021000-7f0a74000000 ---p 00000000 00:00 0 
7f0a740fb000-7f0a74112000 r-xp 00000000 fc:01 47546                      /lib/x86_64-linux-gnu/libresolv-2.27.so
7f0a74112000-7f0a74312000 ---p 00017000 fc:01 47546                      /lib/x86_64-linux-gnu/libresolv-2.27.so
7f0a74312000-7f0a74313000 r--p 00017000 fc:01 47546                      /lib/x86_64-linux-gnu/libresolv-2.27.so
7f0a74313000-7f0a74314000 rw-p 00018000 fc:01 47546                      /lib/x86_64-linux-gnu/libresolv-2.27.so
7f0a74314000-7f0a74316000 rw-p 00000000 00:00 0 
7f0a74316000-7f0a7431b000 r-xp 00000000 fc:01 47529                      /lib/x86_64-linux-gnu/libnss_dns-2.27.so
7f0a7431b000-7f0a7451b000 ---p 00005000 fc:01 47529                      /lib/x86_64-linux-gnu/libnss_dns-2.27.so
7f0a7451b000-7f0a7451c000 r--p 00005000 fc:01 47529                      /lib/x86_64-linux-gnu/libnss_dns-2.27.so
7f0a7451c000-7f0a7451d000 rw-p 00006000 fc:01 47529                      /lib/x86_64-linux-gnu/libnss_dns-2.27.so
7f0a7451d000-7f0a7451f000 r-xp 00000000 fc:01 69785                      /lib/x86_64-linux-gnu/libnss_mdns4_minimal.so.2
7f0a7451f000-7f0a7471e000 ---p 00002000 fc:01 69785                      /lib/x86_64-linux-gnu/libnss_mdns4_minimal.so.2
7f0a7471e000-7f0a7471f000 r--p 00001000 fc:01 69785                      /lib/x86_64-linux-gnu/libnss_mdns4_minimal.so.2
7f0a7471f000-7f0a74720000 rw-p 00002000 fc:01 69785                      /lib/x86_64-linux-gnu/libnss_mdns4_minimal.so.2
7f0a74733000-7f0a74746000 r--s 00346000 fc:01 1822944                    /usr/lib/jvm/java-8-openjdk-amd64/jre/lib/resources.jar
7f0a74746000-7f0a74749000 ---p 00000000 00:00 0 
7f0a74749000-7f0a74a47000 rw-p 00000000 00:00 0 
7f0a74a47000-7f0a74a4a000 ---p 00000000 00:00 0 
7f0a74a4a000-7f0a74d48000 rw-p 00000000 00:00 0 
7f0a74d48000-7f0a74f48000 rw-p 00000000 00:00 0 
7f0a74f48000-7f0a74f4a000 r--s 00016000 fc:01 1822938                    /usr/lib/jvm/java-8-openjdk-amd64/jre/lib/jce.jar
7f0a74f4a000-7f0a74f4f000 r--s 000a7000 fc:01 1822940                    /usr/lib/jvm/java-8-openjdk-amd64/jre/lib/jsse.jar
7f0a74f4f000-7f0a74f51000 r--s 0000e000 fc:01 4148325                    /home/jhbu228/.m2/repository/org/apache/maven/surefire/surefire-junit4/2.16/surefire-junit4-2.16.jar
7f0a74f51000-7f0a74f52000 r--s 00000000 fc:01 4147130                    /home/jhbu228/.m2/repository/org/jenkins-ci/test-annotations/1.1/test-annotations-1.1.jar
7f0a74f52000-7f0a74f53000 r--s 00000000 fc:01 4147128                    /home/jhbu228/.m2/repository/org/codehaus/mojo/animal-sniffer-annotations/1.9/animal-sniffer-annotations-1.9.jar
7f0a74f53000-7f0a74f55000 r--s 00010000 fc:01 4149501                    /home/jhbu228/.m2/repository/com/jcraft/jzlib/1.1.3-kohsuke-1/jzlib-1.1.3-kohsuke-1.jar
7f0a74f55000-7f0a74f58000 r--s 00006000 fc:01 4149500                    /home/jhbu228/.m2/repository/com/google/code/findbugs/jsr305/1.3.9/jsr305-1.3.9.jar
7f0a74f58000-7f0a74f78000 r--s 00173000 fc:01 3893105                    /home/jhbu228/.m2/repository/com/google/guava/guava/11.0.1/guava-11.0.1.jar
7f0a74f78000-7f0a74f79000 r--s 00004000 fc:01 4149497                    /home/jhbu228/.m2/repository/org/mindrot/jbcrypt/0.3m/jbcrypt-0.3m.jar
7f0a74f79000-7f0a74f7b000 r--s 0000f000 fc:01 4149494                    /home/jhbu228/.m2/repository/commons-fileupload/commons-fileupload/1.3.1-jenkins-1/commons-fileupload-1.3.1-jenkins-1.jar
7f0a74f7b000-7f0a74f7d000 r--s 00005000 fc:01 4149493                    /home/jhbu228/.m2/repository/findbugs/annotations/1.0.0/annotations-1.0.0.jar
7f0a74f7d000-7f0a74f7e000 r--s 00001000 fc:01 4149492                    /home/jhbu228/.m2/repository/org/kohsuke/access-modifier-annotation/1.4/access-modifier-annotation-1.4.jar
7f0a74f7e000-7f0a74f85000 r--s 0003a000 fc:01 4149489                    /home/jhbu228/.m2/repository/commons-codec/commons-codec/1.8/commons-codec-1.8.jar
7f0a74f85000-7f0a74f87000 r--s 00000000 fc:01 4149486                    /home/jhbu228/.m2/repository/org/jvnet/robust-http-client/robust-http-client/1.2/robust-http-client-1.2.jar
7f0a74f87000-7f0a74f88000 r--s 00001000 fc:01 3893103                    /home/jhbu228/.m2/repository/org/kohsuke/metainf-services/metainf-services/1.4/metainf-services-1.4.jar
7f0a74f88000-7f0a74f8f000 r--s 0005b000 fc:01 4149485                    /home/jhbu228/.m2/repository/org/samba/jcifs/jcifs/1.3.17-kohsuke-1/jcifs-1.3.17-kohsuke-1.jar
7f0a74f8f000-7f0a74f92000 r--s 0001a000 fc:01 4149484                    /home/jhbu228/.m2/repository/org/kohsuke/jinterop/j-interopdeps/2.0.6-kohsuke-1/j-interopdeps-2.0.6-kohsuke-1.jar
7f0a74f92000-7f0a74f98000 r--s 00059000 fc:01 4149483                    /home/jhbu228/.m2/repository/org/kohsuke/jinterop/j-interop/2.0.6-kohsuke-1/j-interop-2.0.6-kohsuke-1.jar
7f0a74f98000-7f0a74f9a000 r--s 00006000 fc:01 3880437                    /home/jhbu228/.m2/repository/net/java/sezpoz/sezpoz/1.9/sezpoz-1.9.jar
7f0a74f9a000-7f0a74f9b000 r--s 00001000 fc:01 4149478                    /home/jhbu228/.m2/repository/com/sun/solaris/embedded_su4j/1.1/embedded_su4j-1.1.jar
7f0a74f9b000-7f0a74f9e000 r--s 0000d000 fc:01 4149477                    /home/jhbu228/.m2/repository/org/jvnet/libzfs/libzfs/0.5/libzfs-0.5.jar
7f0a74f9e000-7f0a74f9f000 r--s 00004000 fc:01 4149476                    /home/jhbu228/.m2/repository/org/kohsuke/libpam4j/1.8/libpam4j-1.8.jar
7f0a74f9f000-7f0a74fa0000 r--s 00004000 fc:01 4149472                    /home/jhbu228/.m2/repository/org/kohsuke/akuma/1.9/akuma-1.9.jar
7f0a74fa0000-7f0a74fa4000 r--s 000dc000 fc:01 4149471                    /home/jhbu228/.m2/repository/net/java/dev/jna/jna/4.1.0/jna-4.1.0.jar
7f0a74fa4000-7f0a74faa000 r--s 0005a000 fc:01 4149470                    /home/jhbu228/.m2/repository/org/jenkins-ci/jmdns/3.4.0-jenkins-3/jmdns-3.4.0-jenkins-3.jar
7f0a74faa000-7f0a74fac000 r--s 00005000 fc:01 4149468                    /home/jhbu228/.m2/repository/stax/stax-api/1.0.1/stax-api-1.0.1.jar
7f0a74fac000-7f0a74fb2000 r--s 0007a000 fc:01 4149464                    /home/jhbu228/.m2/repository/org/codehaus/woodstox/wstx-asl/3.2.9/wstx-asl-3.2.9.jar
7f0a74fb2000-7f0a74fb4000 r--s 00003000 fc:01 4149462                    /home/jhbu228/.m2/repository/org/jenkins-ci/memory-monitor/1.9/memory-monitor-1.9.jar
7f0a74fb4000-7f0a74fb6000 r--s 00004000 fc:01 4149461                    /home/jhbu228/.m2/repository/org/jvnet/winp/winp/1.22/winp-1.22.jar
7f0a74fb6000-7f0a74fc4000 r--s 0007f000 fc:01 4147001                    /home/jhbu228/.m2/repository/commons-collections/commons-collections/3.2.1/commons-collections-3.2.1.jar
7f0a74fc4000-7f0a74fc5000 r--s 00004000 fc:01 4149460                    /home/jhbu228/.m2/repository/relaxngDatatype/relaxngDatatype/20020414/relaxngDatatype-20020414.jar
7f0a74fc5000-7f0a74fc7000 r--s 00004000 fc:01 4149456                    /home/jhbu228/.m2/repository/javax/xml/stream/stax-api/1.0-2/stax-api-1.0-2.jar
7f0a74fc7000-7f0a74fca000 r--s 0000e000 fc:01 3893101                    /home/jhbu228/.m2/repository/com/sun/xml/txw2/txw2/20110809/txw2-20110809.jar
7f0a74fca000-7f0a74fcc000 r--s 0000e000 fc:01 4149455                    /home/jhbu228/.m2/repository/commons-logging/commons-logging/1.1.3/commons-logging-1.1.3.jar
7f0a74fcc000-7f0a74fce000 r--s 00003000 fc:01 4149454                    /home/jhbu228/.m2/repository/javax/servlet/jstl/1.1.0/jstl-1.1.0.jar
7f0a74fce000-7f0a74fd0000 r--s 00003000 fc:01 4148107                    /home/jhbu228/.m2/repository/org/powermock/powermock-api-support/1.5.6/powermock-api-support-1.5.6.jar
7f0a74fd0000-7f0a74ff1000 r--s 00162000 fc:01 4148106                    /home/jhbu228/.m2/repository/org/mockito/mockito-all/1.9.5/mockito-all-1.9.5.jar
7f0a74ff1000-7f0a74ff4000 r--s 0000f000 fc:01 4148105                    /home/jhbu228/.m2/repository/org/powermock/powermock-api-mockito/1.5.6/powermock-api-mockito-1.5.6.jar
7f0a74ff4000-7f0a74ff6000 r--s 00009000 fc:01 4148099                    /home/jhbu228/.m2/repository/org/powermock/powermock-reflect/1.5.6/powermock-reflect-1.5.6.jar
7f0a74ff6000-7f0a75000000 r--s 000a5000 fc:01 4148094                    /home/jhbu228/.m2/repository/org/javassist/javassist/3.18.2-GA/javassist-3.18.2-GA.jar
7f0a75000000-7f0a75003000 r--s 00012000 fc:01 4148095                    /home/jhbu228/.m2/repository/org/powermock/powermock-core/1.5.6/powermock-core-1.5.6.jar
7f0a75003000-7f0a75005000 r--s 00002000 fc:01 4148097                    /home/jhbu228/.m2/repository/org/powermock/powermock-module-junit4-common/1.5.6/powermock-module-junit4-common-1.5.6.jar
7f0a75005000-7f0a75007000 r--s 00005000 fc:01 4149445                    /home/jhbu228/.m2/repository/org/objenesis/objenesis/1.0/objenesis-1.0.jar
7f0a75007000-7f0a75026000 r--s 00150000 fc:01 4149448                    /home/jhbu228/.m2/repository/org/mockito/mockito-core/1.9.5/mockito-core-1.9.5.jar
7f0a75026000-7f0a75028000 r--s 00009000 fc:01 4148118                    /home/jhbu228/.m2/repository/org/hamcrest/hamcrest-core/1.3/hamcrest-core-1.3.jar
7f0a75028000-7f0a7502e000 r--s 00036000 fc:01 4148116                    /home/jhbu228/.m2/repository/junit/junit/4.11/junit-4.11.jar
7f0a7502e000-7f0a75031000 r--s 0001b000 fc:01 4149447                    /home/jhbu228/.m2/repository/xpp3/xpp3/1.1.4c/xpp3-1.1.4c.jar
7f0a75031000-7f0a75039000 r--s 00048000 fc:01 4149444                    /home/jhbu228/.m2/repository/org/springframework/spring-aop/2.5.6.SEC03/spring-aop-2.5.6.SEC03.jar
7f0a75039000-7f0a7503f000 r--s 00040000 fc:01 4148632                    /home/jhbu228/.m2/repository/org/springframework/spring-core/2.5.6.SEC03/spring-core-2.5.6.SEC03.jar
7f0a7503f000-7f0a75044000 r--s 0002b000 fc:01 4149446                    /home/jhbu228/.m2/repository/org/springframework/spring-web/2.5.6.SEC03/spring-web-2.5.6.SEC03.jar
7f0a75044000-7f0a75047000 r--s 00015000 fc:01 4149376                    /home/jhbu228/.m2/repository/org/springframework/spring-context-support/2.5.6.SEC03/spring-context-support-2.5.6.SEC03.jar
7f0a75047000-7f0a75053000 r--s 00069000 fc:01 4148663                    /home/jhbu228/.m2/repository/org/springframework/spring-context/2.5.6.SEC03/spring-context-2.5.6.SEC03.jar
7f0a75053000-7f0a7505d000 r--s 0006e000 fc:01 4148694                    /home/jhbu228/.m2/repository/org/springframework/spring-beans/2.5.6.SEC03/spring-beans-2.5.6.SEC03.jar
7f0a7505d000-7f0a75066000 r--s 0005a000 fc:01 4148689                    /home/jhbu228/.m2/repository/org/springframework/spring-webmvc/2.5.6.SEC03/spring-webmvc-2.5.6.SEC03.jar
7f0a75066000-7f0a75068000 r--s 0001a000 fc:01 4148664                    /home/jhbu228/.m2/repository/org/fusesource/jansi/jansi/1.9/jansi-1.9.jar
7f0a75068000-7f0a7506a000 r--s 00014000 fc:01 3880859                    /home/jhbu228/.m2/repository/jline/jline/0.9.94/jline-0.9.94.jar
7f0a7506a000-7f0a750c8000 r--s 00592000 fc:01 4148661                    /home/jhbu228/.m2/repository/org/codehaus/groovy/groovy-all/1.8.9/groovy-all-1.8.9.jar
7f0a750c8000-7f0a750d0000 r--s 0004f000 fc:01 4147504                    /home/jhbu228/.m2/repository/log4j/log4j/1.2.9/log4j-1.2.9.jar
7f0a750d0000-7f0a750dd000 r--s 00079000 fc:01 4148639                    /home/jhbu228/.m2/repository/org/acegisecurity/acegi-security/1.0.7/acegi-security-1.0.7.jar
7f0a750dd000-7f0a750f4000 r-xp 00000000 fc:01 1817044                    /usr/lib/jvm/java-8-openjdk-amd64/jre/lib/amd64/libnet.so
7f0a750f4000-7f0a752f4000 ---p 00017000 fc:01 1817044                    /usr/lib/jvm/java-8-openjdk-amd64/jre/lib/amd64/libnet.so
7f0a752f4000-7f0a752f5000 r--p 00017000 fc:01 1817044                    /usr/lib/jvm/java-8-openjdk-amd64/jre/lib/amd64/libnet.so
7f0a752f5000-7f0a752f6000 rw-p 00018000 fc:01 1817044                    /usr/lib/jvm/java-8-openjdk-amd64/jre/lib/amd64/libnet.so
7f0a752f6000-7f0a75308000 r-xp 00000000 fc:01 1817045                    /usr/lib/jvm/java-8-openjdk-amd64/jre/lib/amd64/libnio.so
7f0a75308000-7f0a75507000 ---p 00012000 fc:01 1817045                    /usr/lib/jvm/java-8-openjdk-amd64/jre/lib/amd64/libnio.so
7f0a75507000-7f0a75508000 r--p 00011000 fc:01 1817045                    /usr/lib/jvm/java-8-openjdk-amd64/jre/lib/amd64/libnio.so
7f0a75508000-7f0a75509000 rw-p 00012000 fc:01 1817045                    /usr/lib/jvm/java-8-openjdk-amd64/jre/lib/amd64/libnio.so
7f0a75509000-7f0a7550a000 ---p 00000000 00:00 0 
7f0a7550a000-7f0a7560a000 rw-p 00000000 00:00 0 
7f0a7560a000-7f0a7560d000 ---p 00000000 00:00 0 
7f0a7560d000-7f0a7570b000 rw-p 00000000 00:00 0 
7f0a7570b000-7f0a7570c000 ---p 00000000 00:00 0 
7f0a7570c000-7f0a7570f000 ---p 00000000 00:00 0 
7f0a7570f000-7f0a7580c000 rw-p 00000000 00:00 0 
7f0a7580c000-7f0a7580d000 ---p 00000000 00:00 0 
7f0a7580d000-7f0a75810000 ---p 00000000 00:00 0 
7f0a75810000-7f0a7590d000 rw-p 00000000 00:00 0 
7f0a7590d000-7f0a75910000 ---p 00000000 00:00 0 
7f0a75910000-7f0a75a0e000 rw-p 00000000 00:00 0 
7f0a75a0e000-7f0a75b81000 r--p 00000000 fc:01 25817                      /usr/lib/locale/C.UTF-8/LC_COLLATE
7f0a75b81000-7f0a75d1c000 r--p 00000000 fc:01 38854                      /usr/lib/locale/locale-archive
7f0a75d1c000-7f0a75d1f000 ---p 00000000 00:00 0 
7f0a75d1f000-7f0a75e1d000 rw-p 00000000 00:00 0 
7f0a75e1d000-7f0a75e20000 ---p 00000000 00:00 0 
7f0a75e20000-7f0a75f1e000 rw-p 00000000 00:00 0 
7f0a75f1e000-7f0a75f1f000 ---p 00000000 00:00 0 
7f0a75f1f000-7f0a78000000 rw-p 00000000 00:00 0 
7f0a78000000-7f0a7802c000 rw-p 00000000 00:00 0 
7f0a7802c000-7f0a7c000000 ---p 00000000 00:00 0 
7f0a7c000000-7f0a7c001000 r--s 00005000 fc:01 4148091                    /home/jhbu228/.m2/repository/org/powermock/powermock-module-junit4/1.5.6/powermock-module-junit4-1.5.6.jar
7f0a7c001000-7f0a7c003000 r--s 0000e000 fc:01 3885804                    /home/jhbu228/.m2/repository/oro/oro/2.0.8/oro-2.0.8.jar
7f0a7c003000-7f0a7c007000 r--s 00014000 fc:01 4148582                    /home/jhbu228/.m2/repository/org/springframework/spring-dao/1.2.9/spring-dao-1.2.9.jar
7f0a7c007000-7f0a7c00c000 r--s 00029000 fc:01 4148640                    /home/jhbu228/.m2/repository/org/springframework/spring-jdbc/1.2.9/spring-jdbc-1.2.9.jar
7f0a7c00c000-7f0a7c010000 r--s 0001f000 fc:01 4148585                    /home/jhbu228/.m2/repository/org/jenkins-ci/commons-jexl/1.1-jenkins-20111212/commons-jexl-1.1-jenkins-20111212.jar
7f0a7c010000-7f0a7c012000 r--s 00004000 fc:01 4148631                    /home/jhbu228/.m2/repository/org/jvnet/hudson/commons-jelly-tags-define/1.0.1-hudson-20071021/commons-jelly-tags-define-1.0.1-hudson-20071021.jar
7f0a7c012000-7f0a7c014000 r--s 00008000 fc:01 4148635                    /home/jhbu228/.m2/repository/commons-jelly/commons-jelly-tags-xml/1.1/commons-jelly-tags-xml-1.1.jar
7f0a7c014000-7f0a7c015000 r--s 00005000 fc:01 4148627                    /home/jhbu228/.m2/repository/commons-jelly/commons-jelly-tags-fmt/1.0/commons-jelly-tags-fmt-1.0.jar
7f0a7c015000-7f0a7c01b000 r--s 00035000 fc:01 4148625                    /home/jhbu228/.m2/repository/jaxen/jaxen/1.1-beta-11/jaxen-1.1-beta-11.jar
7f0a7c01b000-7f0a7c01d000 r--s 00010000 fc:01 4148609                    /home/jhbu228/.m2/repository/org/jvnet/hudson/activation/1.1.1-hudson-1/activation-1.1.1-hudson-1.jar
7f0a7c01d000-7f0a7c024000 r--s 00072000 fc:01 4148595                    /home/jhbu228/.m2/repository/javax/mail/mail/1.4.4/mail-1.4.4.jar
7f0a7c024000-7f0a7c02b000 r--s 00056000 fc:01 4148607                    /home/jhbu228/.m2/repository/org/apache/commons/commons-compress/1.9/commons-compress-1.9.jar
7f0a7c02b000-7f0a7c030000 r--s 00034000 fc:01 4148598                    /home/jhbu228/.m2/repository/commons-beanutils/commons-beanutils/1.8.3/commons-beanutils-1.8.3.jar
7f0a7c030000-7f0a7c036000 r--s 0002b000 fc:01 4148596                    /home/jhbu228/.m2/repository/commons-digester/commons-digester/2.1/commons-digester-2.1.jar
7f0a7c036000-7f0a7c03b000 r--s 00041000 fc:01 4146999                    /home/jhbu228/.m2/repository/commons-lang/commons-lang/2.6/commons-lang-2.6.jar
7f0a7c03b000-7f0a7c03f000 r--s 0002a000 fc:01 4148593                    /home/jhbu228/.m2/repository/commons-io/commons-io/2.4/commons-io-2.4.jar
7f0a7c03f000-7f0a7c041000 r--s 00016000 fc:01 4147507                    /home/jhbu228/.m2/repository/javax/servlet/servlet-api/2.4/servlet-api-2.4.jar
7f0a7c041000-7f0a7c042000 r--s 00004000 fc:01 4148592                    /home/jhbu228/.m2/repository/org/apache/ant/ant-launcher/1.8.4/ant-launcher-1.8.4.jar
7f0a7c042000-7f0a7c060000 r--s 001bd000 fc:01 4148587                    /home/jhbu228/.m2/repository/org/apache/ant/ant/1.8.4/ant-1.8.4.jar
7f0a7c060000-7f0a7c066000 r--s 00046000 fc:01 4148583                    /home/jhbu228/.m2/repository/jfree/jcommon/1.0.12/jcommon-1.0.12.jar
7f0a7c066000-7f0a7c075000 r--s 0012d000 fc:01 4149442                    /home/jhbu228/.m2/repository/jfree/jfreechart/1.0.9/jfreechart-1.0.9.jar
7f0a7c075000-7f0a7c083000 r--s 00075000 fc:01 4149441                    /home/jhbu228/.m2/repository/org/jvnet/hudson/xstream/1.4.7-jenkins-1/xstream-1.4.7-jenkins-1.jar
7f0a7c083000-7f0a7c089000 r--s 00067000 fc:01 4149439                    /home/jhbu228/.m2/repository/antlr/antlr/2.7.6/antlr-2.7.6.jar
7f0a7c089000-7f0a7c08a000 r--s 00001000 fc:01 3893037                    /home/jhbu228/.m2/repository/org/jvnet/localizer/localizer/1.23/localizer-1.23.jar
7f0a7c08a000-7f0a7c08b000 r--s 00004000 fc:01 4149438                    /home/jhbu228/.m2/repository/org/jenkins-ci/task-reactor/1.4/task-reactor-1.4.jar
7f0a7c08b000-7f0a7c090000 r--s 00058000 fc:01 4149436                    /home/jhbu228/.m2/repository/org/kohsuke/asm5/5.0.1/asm5-5.0.1.jar
7f0a7c090000-7f0a7c092000 r--s 00005000 fc:01 4149430                    /home/jhbu228/.m2/repository/org/jenkins-ci/bytecode-compatibility-transformer/1.5/bytecode-compatibility-transformer-1.5.jar
7f0a7c092000-7f0a7c093000 r--s 00003000 fc:01 4149429                    /home/jhbu228/.m2/repository/org/jenkins-ci/annotation-indexer/1.7/annotation-indexer-1.7.jar
7f0a7c093000-7f0a7c096000 r--s 00013000 fc:01 4149427                    /home/jhbu228/.m2/repository/args4j/args4j/2.0.31/args4j-2.0.31.jar
7f0a7c096000-7f0a7c09c000 r--s 00045000 fc:01 4149419                    /home/jhbu228/.m2/repository/commons-httpclient/commons-httpclient/3.1/commons-httpclient-3.1.jar
7f0a7c09c000-7f0a7c09f000 r--s 00013000 fc:01 4149423                    /home/jhbu228/.m2/repository/net/sf/ezmorph/ezmorph/1.0.6/ezmorph-1.0.6.jar
7f0a7c09f000-7f0a7c0a2000 r--s 00020000 fc:01 4149422                    /home/jhbu228/.m2/repository/org/kohsuke/stapler/json-lib/2.4-jenkins-2/json-lib-2.4-jenkins-2.jar
7f0a7c0a2000-7f0a7c0a3000 r--s 00000000 fc:01 4149421                    /home/jhbu228/.m2/repository/com/infradna/tool/bridge-method-annotation/1.13/bridge-method-annotation-1.13.jar
7f0a7c0a3000-7f0a7c0a6000 r--s 0002d000 fc:01 4149420                    /home/jhbu228/.m2/repository/org/kohsuke/stapler/stapler-adjunct-timeline/1.4/stapler-adjunct-timeline-1.4-tests.jar
7f0a7c0a6000-7f0a7c0ac000 r--s 0003e000 fc:01 4149417                    /home/jhbu228/.m2/repository/org/kohsuke/stapler/stapler-adjunct-codemirror/1.3/stapler-adjunct-codemirror-1.3.jar
7f0a7c0ac000-7f0a7c0b0000 r--s 00025000 fc:01 4149414                    /home/jhbu228/.m2/repository/org/kohsuke/stapler/stapler-adjunct-timeline/1.4/stapler-adjunct-timeline-1.4.jar
7f0a7c0b0000-7f0a7c0b1000 r--s 00004000 fc:01 4149413                    /home/jhbu228/.m2/repository/org/kohsuke/stapler/stapler-adjunct-zeroclipboard/1.3.5-1/stapler-adjunct-zeroclipboard-1.3.5-1.jar
7f0a7c0b1000-7f0a7c0b3000 r--s 00000000 fc:01 4149411                    /home/jhbu228/.m2/repository/org/kohsuke/windows-package-checker/1.0/windows-package-checker-1.0.jar
7f0a7c0b3000-7f0a7c0b5000 r--s 00003000 fc:01 3893099                    /home/jhbu228/.m2/repository/org/jvnet/tiger-types/1.3/tiger-types-1.3.jar
7f0a7c0b5000-7f0a7c0b8000 r--s 00010000 fc:01 3878182                    /home/jhbu228/.m2/repository/commons-discovery/commons-discovery/0.4/commons-discovery-0.4.jar
7f0a7c0b8000-7f0a7c0ba000 r--s 00005000 fc:01 4149408                    /home/jhbu228/.m2/repository/javax/annotation/javax.annotation-api/1.2/javax.annotation-api-1.2.jar
7f0a7c0ba000-7f0a7c0c1000 r--s 0004f000 fc:01 4149405                    /home/jhbu228/.m2/repository/org/kohsuke/stapler/stapler/1.236/stapler-1.236.jar
7f0a7c0c1000-7f0a7c0c2000 r--s 00001000 fc:01 4149404                    /home/jhbu228/.m2/repository/org/kohsuke/stapler/stapler-jrebel/1.236/stapler-jrebel-1.236.jar
7f0a7c0c2000-7f0a7c0c7000 r--s 0003a000 fc:01 4149402                    /home/jhbu228/.m2/repository/org/jenkins-ci/dom4j/dom4j/1.6.1-jenkins-4/dom4j-1.6.1-jenkins-4.jar
7f0a7c0c7000-7f0a7c0cb000 r--s 00026000 fc:01 4149400                    /home/jhbu228/.m2/repository/org/jenkins-ci/commons-jelly/1.1-jenkins-20120928/commons-jelly-1.1-jenkins-20120928.jar
7f0a7c0cb000-7f0a7c0ce000 r--s 00013000 fc:01 4149385                    /home/jhbu228/.m2/repository/org/kohsuke/stapler/stapler-jelly/1.236/stapler-jelly-1.236.jar
7f0a7c0ce000-7f0a7c0d0000 r--s 00007000 fc:01 3893097                    /home/jhbu228/.m2/repository/org/kohsuke/stapler/stapler-groovy/1.236/stapler-groovy-1.236.jar
7f0a7c0d0000-7f0a7c0d5000 r--s 0003c000 fc:01 4149397                    /home/jhbu228/.m2/repository/org/jenkins-ci/trilead-ssh2/build217-jenkins-8/trilead-ssh2-build217-jenkins-8.jar
7f0a7c0d5000-7f0a7c0d6000 r--s 00001000 fc:01 4149396                    /home/jhbu228/.m2/repository/org/kohsuke/trilead-putty-extension/1.2/trilead-putty-extension-1.2.jar
7f0a7c0d6000-7f0a7c0db000 r--s 00048000 fc:01 4149395                    /home/jhbu228/.m2/repository/com/github/jnr/jnr-constants/0.8.5/jnr-constants-0.8.5.jar
7f0a7c0db000-7f0a7c0de000 r--s 00033000 fc:01 4149386                    /home/jhbu228/.m2/repository/com/github/jnr/jnr-x86asm/1.0.2/jnr-x86asm-1.0.2.jar
7f0a7c0de000-7f0a7c0e0000 r--s 00008000 fc:01 4149389                    /home/jhbu228/.m2/repository/org/ow2/asm/asm-util/4.0/asm-util-4.0.jar
7f0a7c0e0000-7f0a7c0e2000 r--s 00004000 fc:01 4149351                    /home/jhbu228/.m2/repository/org/ow2/asm/asm-tree/4.0/asm-tree-4.0.jar
7f0a7c0e2000-7f0a7c0e3000 r--s 00004000 fc:01 4149367                    /home/jhbu228/.m2/repository/org/ow2/asm/asm-analysis/4.0/asm-analysis-4.0.jar
7f0a7c0e3000-7f0a7c0e5000 r--s 00008000 fc:01 4149388                    /home/jhbu228/.m2/repository/org/ow2/asm/asm-commons/4.0/asm-commons-4.0.jar
7f0a7c0e5000-7f0a7c0e7000 r--s 0000a000 fc:01 4149379                    /home/jhbu228/.m2/repository/org/ow2/asm/asm/4.0/asm-4.0.jar
7f0a7c0e7000-7f0a7c0e9000 r--s 0005d000 fc:01 4149353                    /home/jhbu228/.m2/repository/com/github/jnr/jffi/1.2.7/jffi-1.2.7-native.jar
7f0a7c0e9000-7f0a7c0f9000 r--s 0008e000 fc:01 4149369                    /home/jhbu228/.m2/repository/com/github/jnr/jnr-ffi/1.0.7/jnr-ffi-1.0.7.jar
7f0a7c0f9000-7f0a7d000000 rw-p 00000000 00:00 0 
7f0a7d000000-7f0a7de30000 rwxp 00000000 00:00 0 
7f0a7de30000-7f0a8c000000 ---p 00000000 00:00 0 
7f0a8c000000-7f0a8d137000 rw-p 00000000 00:00 0 
7f0a8d137000-7f0a90000000 ---p 00000000 00:00 0 
7f0a90000000-7f0a90004000 r--s 00020000 fc:01 4149377                    /home/jhbu228/.m2/repository/com/github/jnr/jffi/1.2.7/jffi-1.2.7.jar
7f0a90004000-7f0a90008000 r--s 00023000 fc:01 4149370                    /home/jhbu228/.m2/repository/com/github/jnr/jnr-posix/3.0.1/jnr-posix-3.0.1.jar
7f0a90008000-7f0a9000b000 r--s 00014000 fc:01 4149368                    /home/jhbu228/.m2/repository/org/jruby/ext/posix/jna-posix/1.0.3-jenkins-1/jna-posix-1.0.3-jenkins-1.jar
7f0a9000b000-7f0a9000d000 r--s 00000000 fc:01 4149359                    /home/jhbu228/.m2/repository/aopalliance/aopalliance/1.0/aopalliance-1.0.jar
7f0a9000d000-7f0a9000e000 r--s 00000000 fc:01 4149355                    /home/jhbu228/.m2/repository/javax/inject/javax.inject/1/javax.inject-1.jar
7f0a9000e000-7f0a9002e000 r--s 0014c000 fc:01 4149366                    /home/jhbu228/.m2/repository/com/google/inject/guice/4.0-beta/guice-4.0-beta.jar
7f0a9002e000-7f0a9002f000 r--s 00000000 fc:01 4149360                    /home/jhbu228/.m2/repository/org/jenkins-ci/core-annotation-processors/1.0/core-annotation-processors-1.0.jar
7f0a9002f000-7f0a90032000 r--s 0001c000 fc:01 4149356                    /home/jhbu228/.m2/repository/org/jvnet/hudson/jtidy/4aug2000r7-dev-hudson-1/jtidy-4aug2000r7-dev-hudson-1.jar
7f0a90032000-7f0a90034000 r--s 00000000 fc:01 4149354                    /home/jhbu228/.m2/repository/org/jenkins-ci/crypto-util/1.1/crypto-util-1.1.jar
7f0a90034000-7f0a90035000 r--s 00002000 fc:01 4149358                    /home/jhbu228/.m2/repository/org/jenkins-ci/version-number/1.1/version-number-1.1.jar
7f0a90035000-7f0a90037000 r--s 00008000 fc:01 4148356                    /home/jhbu228/CS498/mp3/jenkins/cli/target/cli-1.610-SNAPSHOT.jar
7f0a90037000-7f0a90038000 r--s 00003000 fc:01 4148113                    /home/jhbu228/.m2/repository/org/jenkins-ci/constant-pool-scanner/1.2/constant-pool-scanner-1.2.jar
7f0a90038000-7f0a90041000 r--s 0006c000 fc:01 4148112                    /home/jhbu228/.m2/repository/org/jenkins-ci/main/remoting/2.50/remoting-2.50.jar
7f0a90041000-7f0a90043000 r--s 00003000 fc:01 4149352                    /home/jhbu228/.m2/repository/org/jenkins-ci/plugins/icon-shim/icon-set/1.0.5/icon-set-1.0.5.jar
7f0a90043000-7f0a90047000 r--s 00021000 fc:01 4148306                    /home/jhbu228/.m2/repository/org/apache/maven/surefire/surefire-api/2.16/surefire-api-2.16.jar
7f0a90047000-7f0a90049000 r--s 00008000 fc:01 4148310                    /home/jhbu228/.m2/repository/org/apache/maven/surefire/surefire-booter/2.16/surefire-booter-2.16.jar
7f0a90049000-7f0a9004a000 r--s 00003000 fc:01 4388925                    /home/jhbu228/CS498/mp3/jenkins/core/target/surefire/surefirebooter5710630617616638626.jar
7f0a9004a000-7f0a9004d000 r--s 0000f000 fc:01 1818085                    /usr/lib/jvm/java-8-openjdk-amd64/jre/lib/ext/icedtea-sound.jar
7f0a9004d000-7f0a90051000 r--s 0003a000 fc:01 1822826                    /usr/lib/jvm/java-8-openjdk-amd64/jre/lib/ext/sunpkcs11.jar
7f0a90051000-7f0a9006c000 r--s 001d6000 fc:01 1820035                    /usr/lib/jvm/java-8-openjdk-amd64/jre/lib/ext/nashorn.jar
7f0a9006c000-7f0a90076000 r--s 00117000 fc:01 1818087                    /usr/lib/jvm/java-8-openjdk-amd64/jre/lib/ext/localedata.jar
7f0a90076000-7f0a9007c000 r--s 0003d000 fc:01 1822825                    /usr/lib/jvm/java-8-openjdk-amd64/jre/lib/ext/sunjce_provider.jar
7f0a9007c000-7f0a9007d000 r--s 0000a000 fc:01 1818086                    /usr/lib/jvm/java-8-openjdk-amd64/jre/lib/ext/jaccess.jar
7f0a9007d000-7f0a9007f000 r--s 00007000 fc:01 76117                      /usr/share/java/java-atk-wrapper.jar
7f0a9007f000-7f0a90081000 r--s 00001000 fc:01 1818084                    /usr/lib/jvm/java-8-openjdk-amd64/jre/lib/ext/dnsns.jar
7f0a90081000-7f0a9009c000 r--s 00394000 fc:01 1818074                    /usr/lib/jvm/java-8-openjdk-amd64/jre/lib/ext/cldrdata.jar
7f0a9009c000-7f0a9009d000 r--s 00010000 fc:01 1822922                    /usr/lib/jvm/java-8-openjdk-amd64/jre/lib/ext/zipfs.jar
7f0a9009d000-7f0a9009e000 r--s 0000d000 fc:01 1820037                    /usr/lib/jvm/java-8-openjdk-amd64/jre/lib/ext/sunec.jar
7f0a9009e000-7f0a900cf000 r--p 00000000 fc:01 25818                      /usr/lib/locale/C.UTF-8/LC_CTYPE
7f0a900cf000-7f0a900d0000 r--p 00000000 fc:01 25824                      /usr/lib/locale/C.UTF-8/LC_NUMERIC
7f0a900d0000-7f0a900d1000 r--p 00000000 fc:01 25827                      /usr/lib/locale/C.UTF-8/LC_TIME
7f0a900d1000-7f0a900d2000 r--p 00000000 fc:01 25822                      /usr/lib/locale/C.UTF-8/LC_MONETARY
7f0a900d2000-7f0a900d3000 r--p 00000000 fc:01 25821                      /usr/lib/locale/C.UTF-8/LC_MESSAGES/SYS_LC_MESSAGES
7f0a900d3000-7f0a900d4000 r--p 00000000 fc:01 25825                      /usr/lib/locale/C.UTF-8/LC_PAPER
7f0a900d4000-7f0a90223000 rw-p 00000000 00:00 0 
7f0a90223000-7f0a903f5000 r--s 03ca8000 fc:01 1822945                    /usr/lib/jvm/java-8-openjdk-amd64/jre/lib/rt.jar
7f0a903f5000-7f0a905e3000 rw-p 00000000 00:00 0 
7f0a905e3000-7f0a905e4000 ---p 00000000 00:00 0 
7f0a905e4000-7f0a906e4000 rw-p 00000000 00:00 0 
7f0a906e4000-7f0a906e5000 ---p 00000000 00:00 0 
7f0a906e5000-7f0a90808000 rw-p 00000000 00:00 0 
7f0a90808000-7f0a9092f000 ---p 00000000 00:00 0 
7f0a9092f000-7f0a90952000 rw-p 00000000 00:00 0 
7f0a90952000-7f0a90a78000 ---p 00000000 00:00 0 
7f0a90a78000-7f0a90b1d000 rw-p 00000000 00:00 0 
7f0a90b1d000-7f0a90b57000 rw-p 00000000 00:00 0 
7f0a90b57000-7f0a90ede000 ---p 00000000 00:00 0 
7f0a90ede000-7f0a90ee6000 r-xp 00000000 fc:01 1817052                    /usr/lib/jvm/java-8-openjdk-amd64/jre/lib/amd64/libzip.so
7f0a90ee6000-7f0a910e5000 ---p 00008000 fc:01 1817052                    /usr/lib/jvm/java-8-openjdk-amd64/jre/lib/amd64/libzip.so
7f0a910e5000-7f0a910e6000 r--p 00007000 fc:01 1817052                    /usr/lib/jvm/java-8-openjdk-amd64/jre/lib/amd64/libzip.so
7f0a910e6000-7f0a910e7000 rw-p 00008000 fc:01 1817052                    /usr/lib/jvm/java-8-openjdk-amd64/jre/lib/amd64/libzip.so
7f0a910e7000-7f0a910f2000 r-xp 00000000 fc:01 47531                      /lib/x86_64-linux-gnu/libnss_files-2.27.so
7f0a910f2000-7f0a912f1000 ---p 0000b000 fc:01 47531                      /lib/x86_64-linux-gnu/libnss_files-2.27.so
7f0a912f1000-7f0a912f2000 r--p 0000a000 fc:01 47531                      /lib/x86_64-linux-gnu/libnss_files-2.27.so
7f0a912f2000-7f0a912f3000 rw-p 0000b000 fc:01 47531                      /lib/x86_64-linux-gnu/libnss_files-2.27.so
7f0a912f3000-7f0a912f9000 rw-p 00000000 00:00 0 
7f0a912f9000-7f0a91310000 r-xp 00000000 fc:01 30395                      /lib/x86_64-linux-gnu/libnsl-2.27.so
7f0a91310000-7f0a9150f000 ---p 00017000 fc:01 30395                      /lib/x86_64-linux-gnu/libnsl-2.27.so
7f0a9150f000-7f0a91510000 r--p 00016000 fc:01 30395                      /lib/x86_64-linux-gnu/libnsl-2.27.so
7f0a91510000-7f0a91511000 rw-p 00017000 fc:01 30395                      /lib/x86_64-linux-gnu/libnsl-2.27.so
7f0a91511000-7f0a91513000 rw-p 00000000 00:00 0 
7f0a91513000-7f0a9151e000 r-xp 00000000 fc:01 47534                      /lib/x86_64-linux-gnu/libnss_nis-2.27.so
7f0a9151e000-7f0a9171d000 ---p 0000b000 fc:01 47534                      /lib/x86_64-linux-gnu/libnss_nis-2.27.so
7f0a9171d000-7f0a9171e000 r--p 0000a000 fc:01 47534                      /lib/x86_64-linux-gnu/libnss_nis-2.27.so
7f0a9171e000-7f0a9171f000 rw-p 0000b000 fc:01 47534                      /lib/x86_64-linux-gnu/libnss_nis-2.27.so
7f0a9171f000-7f0a91727000 r-xp 00000000 fc:01 47527                      /lib/x86_64-linux-gnu/libnss_compat-2.27.so
7f0a91727000-7f0a91927000 ---p 00008000 fc:01 47527                      /lib/x86_64-linux-gnu/libnss_compat-2.27.so
7f0a91927000-7f0a91928000 r--p 00008000 fc:01 47527                      /lib/x86_64-linux-gnu/libnss_compat-2.27.so
7f0a91928000-7f0a91929000 rw-p 00009000 fc:01 47527                      /lib/x86_64-linux-gnu/libnss_compat-2.27.so
7f0a91929000-7f0a91953000 r-xp 00000000 fc:01 1817015                    /usr/lib/jvm/java-8-openjdk-amd64/jre/lib/amd64/libjava.so
7f0a91953000-7f0a91b52000 ---p 0002a000 fc:01 1817015                    /usr/lib/jvm/java-8-openjdk-amd64/jre/lib/amd64/libjava.so
7f0a91b52000-7f0a91b53000 r--p 00029000 fc:01 1817015                    /usr/lib/jvm/java-8-openjdk-amd64/jre/lib/amd64/libjava.so
7f0a91b53000-7f0a91b55000 rw-p 0002a000 fc:01 1817015                    /usr/lib/jvm/java-8-openjdk-amd64/jre/lib/amd64/libjava.so
7f0a91b55000-7f0a91b65000 r-xp 00000000 fc:01 1817051                    /usr/lib/jvm/java-8-openjdk-amd64/jre/lib/amd64/libverify.so
7f0a91b65000-7f0a91d64000 ---p 00010000 fc:01 1817051                    /usr/lib/jvm/java-8-openjdk-amd64/jre/lib/amd64/libverify.so
7f0a91d64000-7f0a91d66000 r--p 0000f000 fc:01 1817051                    /usr/lib/jvm/java-8-openjdk-amd64/jre/lib/amd64/libverify.so
7f0a91d66000-7f0a91d67000 rw-p 00011000 fc:01 1817051                    /usr/lib/jvm/java-8-openjdk-amd64/jre/lib/amd64/libverify.so
7f0a91d67000-7f0a91d6e000 r-xp 00000000 fc:01 47547                      /lib/x86_64-linux-gnu/librt-2.27.so
7f0a91d6e000-7f0a91f6d000 ---p 00007000 fc:01 47547                      /lib/x86_64-linux-gnu/librt-2.27.so
7f0a91f6d000-7f0a91f6e000 r--p 00006000 fc:01 47547                      /lib/x86_64-linux-gnu/librt-2.27.so
7f0a91f6e000-7f0a91f6f000 rw-p 00007000 fc:01 47547                      /lib/x86_64-linux-gnu/librt-2.27.so
7f0a91f6f000-7f0a91f86000 r-xp 00000000 fc:01 15773                      /lib/x86_64-linux-gnu/libgcc_s.so.1
7f0a91f86000-7f0a92185000 ---p 00017000 fc:01 15773                      /lib/x86_64-linux-gnu/libgcc_s.so.1
7f0a92185000-7f0a92186000 r--p 00016000 fc:01 15773                      /lib/x86_64-linux-gnu/libgcc_s.so.1
7f0a92186000-7f0a92187000 rw-p 00017000 fc:01 15773                      /lib/x86_64-linux-gnu/libgcc_s.so.1
7f0a92187000-7f0a92324000 r-xp 00000000 fc:01 29621                      /lib/x86_64-linux-gnu/libm-2.27.so
7f0a92324000-7f0a92523000 ---p 0019d000 fc:01 29621                      /lib/x86_64-linux-gnu/libm-2.27.so
7f0a92523000-7f0a92524000 r--p 0019c000 fc:01 29621                      /lib/x86_64-linux-gnu/libm-2.27.so
7f0a92524000-7f0a92525000 rw-p 0019d000 fc:01 29621                      /lib/x86_64-linux-gnu/libm-2.27.so
7f0a92525000-7f0a9269e000 r-xp 00000000 fc:01 47831                      /usr/lib/x86_64-linux-gnu/libstdc++.so.6.0.25
7f0a9269e000-7f0a9289e000 ---p 00179000 fc:01 47831                      /usr/lib/x86_64-linux-gnu/libstdc++.so.6.0.25
7f0a9289e000-7f0a928a8000 r--p 00179000 fc:01 47831                      /usr/lib/x86_64-linux-gnu/libstdc++.so.6.0.25
7f0a928a8000-7f0a928aa000 rw-p 00183000 fc:01 47831                      /usr/lib/x86_64-linux-gnu/libstdc++.so.6.0.25
7f0a928aa000-7f0a928ae000 rw-p 00000000 00:00 0 
7f0a928ae000-7f0a93556000 r-xp 00000000 fc:01 1817054                    /usr/lib/jvm/java-8-openjdk-amd64/jre/lib/amd64/server/libjvm.so
7f0a93556000-7f0a93756000 ---p 00ca8000 fc:01 1817054                    /usr/lib/jvm/java-8-openjdk-amd64/jre/lib/amd64/server/libjvm.so
7f0a93756000-7f0a937ea000 r--p 00ca8000 fc:01 1817054                    /usr/lib/jvm/java-8-openjdk-amd64/jre/lib/amd64/server/libjvm.so
7f0a937ea000-7f0a93813000 rw-p 00d3c000 fc:01 1817054                    /usr/lib/jvm/java-8-openjdk-amd64/jre/lib/amd64/server/libjvm.so
7f0a93813000-7f0a93843000 rw-p 00000000 00:00 0 
7f0a93843000-7f0a9385d000 r-xp 00000000 fc:01 47544                      /lib/x86_64-linux-gnu/libpthread-2.27.so
7f0a9385d000-7f0a93a5c000 ---p 0001a000 fc:01 47544                      /lib/x86_64-linux-gnu/libpthread-2.27.so
7f0a93a5c000-7f0a93a5d000 r--p 00019000 fc:01 47544                      /lib/x86_64-linux-gnu/libpthread-2.27.so
7f0a93a5d000-7f0a93a5e000 rw-p 0001a000 fc:01 47544                      /lib/x86_64-linux-gnu/libpthread-2.27.so
7f0a93a5e000-7f0a93a62000 rw-p 00000000 00:00 0 
7f0a93a62000-7f0a93a65000 r-xp 00000000 fc:01 29619                      /lib/x86_64-linux-gnu/libdl-2.27.so
7f0a93a65000-7f0a93c64000 ---p 00003000 fc:01 29619                      /lib/x86_64-linux-gnu/libdl-2.27.so
7f0a93c64000-7f0a93c65000 r--p 00002000 fc:01 29619                      /lib/x86_64-linux-gnu/libdl-2.27.so
7f0a93c65000-7f0a93c66000 rw-p 00003000 fc:01 29619                      /lib/x86_64-linux-gnu/libdl-2.27.so
7f0a93c66000-7f0a93c82000 r-xp 00000000 fc:01 2187                       /lib/x86_64-linux-gnu/libz.so.1.2.11
7f0a93c82000-7f0a93e81000 ---p 0001c000 fc:01 2187                       /lib/x86_64-linux-gnu/libz.so.1.2.11
7f0a93e81000-7f0a93e82000 r--p 0001b000 fc:01 2187                       /lib/x86_64-linux-gnu/libz.so.1.2.11
7f0a93e82000-7f0a93e83000 rw-p 0001c000 fc:01 2187                       /lib/x86_64-linux-gnu/libz.so.1.2.11
7f0a93e83000-7f0a9406a000 r-xp 00000000 fc:01 13724                      /lib/x86_64-linux-gnu/libc-2.27.so
7f0a9406a000-7f0a9426a000 ---p 001e7000 fc:01 13724                      /lib/x86_64-linux-gnu/libc-2.27.so
7f0a9426a000-7f0a9426e000 r--p 001e7000 fc:01 13724                      /lib/x86_64-linux-gnu/libc-2.27.so
7f0a9426e000-7f0a94270000 rw-p 001eb000 fc:01 13724                      /lib/x86_64-linux-gnu/libc-2.27.so
7f0a94270000-7f0a94274000 rw-p 00000000 00:00 0 
7f0a94274000-7f0a94282000 r-xp 00000000 fc:01 1816974                    /usr/lib/jvm/java-8-openjdk-amd64/jre/lib/amd64/jli/libjli.so
7f0a94282000-7f0a94481000 ---p 0000e000 fc:01 1816974                    /usr/lib/jvm/java-8-openjdk-amd64/jre/lib/amd64/jli/libjli.so
7f0a94481000-7f0a94482000 r--p 0000d000 fc:01 1816974                    /usr/lib/jvm/java-8-openjdk-amd64/jre/lib/amd64/jli/libjli.so
7f0a94482000-7f0a94483000 rw-p 0000e000 fc:01 1816974                    /usr/lib/jvm/java-8-openjdk-amd64/jre/lib/amd64/jli/libjli.so
7f0a94483000-7f0a944aa000 r-xp 00000000 fc:01 13292                      /lib/x86_64-linux-gnu/ld-2.27.so
7f0a944aa000-7f0a944ab000 r--p 00000000 fc:01 25823                      /usr/lib/locale/C.UTF-8/LC_NAME
7f0a944ab000-7f0a944ac000 r--p 00000000 fc:01 25816                      /usr/lib/locale/C.UTF-8/LC_ADDRESS
7f0a944ac000-7f0a944ad000 r--p 00000000 fc:01 25826                      /usr/lib/locale/C.UTF-8/LC_TELEPHONE
7f0a944ad000-7f0a944ae000 r--p 00000000 fc:01 25820                      /usr/lib/locale/C.UTF-8/LC_MEASUREMENT
7f0a944ae000-7f0a9457f000 rw-p 00000000 00:00 0 
7f0a9457f000-7f0a94580000 ---p 00000000 00:00 0 
7f0a94580000-7f0a94583000 ---p 00000000 00:00 0 
7f0a94583000-7f0a94682000 rw-p 00000000 00:00 0 
7f0a94682000-7f0a94689000 r--s 00000000 fc:01 48023                      /usr/lib/x86_64-linux-gnu/gconv/gconv-modules.cache
7f0a94689000-7f0a9468a000 r--p 00000000 fc:01 25819                      /usr/lib/locale/C.UTF-8/LC_IDENTIFICATION
7f0a9468a000-7f0a9469e000 rw-p 00000000 00:00 0 
7f0a9469e000-7f0a946a6000 rw-s 00000000 fc:01 3893148                    /tmp/hsperfdata_jhbu228/14369
7f0a946a6000-7f0a946a7000 rw-p 00000000 00:00 0 
7f0a946a7000-7f0a946a8000 ---p 00000000 00:00 0 
7f0a946a8000-7f0a946aa000 rw-p 00000000 00:00 0 
7f0a946aa000-7f0a946ab000 r--p 00027000 fc:01 13292                      /lib/x86_64-linux-gnu/ld-2.27.so
7f0a946ab000-7f0a946ac000 rw-p 00028000 fc:01 13292                      /lib/x86_64-linux-gnu/ld-2.27.so
7f0a946ac000-7f0a946ad000 rw-p 00000000 00:00 0 
7ffcdf8bf000-7ffcdf8e0000 rw-p 00000000 00:00 0                          [stack]
7ffcdf8ef000-7ffcdf8f2000 r--p 00000000 00:00 0                          [vvar]
7ffcdf8f2000-7ffcdf8f4000 r-xp 00000000 00:00 0                          [vdso]
ffffffffff600000-ffffffffff601000 r-xp 00000000 00:00 0                  [vsyscall]

VM Arguments:
jvm_args: -XX:MaxPermSize=128m 
java_command: /home/jhbu228/CS498/mp3/jenkins/core/target/surefire/surefirebooter5710630617616638626.jar /home/jhbu228/CS498/mp3/jenkins/core/target/surefire/surefire1746994727454954314tmp /home/jhbu228/CS498/mp3/jenkins/core/target/surefire/surefire_07662641701535640201tmp
java_class_path (initial): /home/jhbu228/CS498/mp3/jenkins/core/target/surefire/surefirebooter5710630617616638626.jar
Launcher Type: SUN_STANDARD

Environment Variables:
JAVA_HOME=/usr/lib/jvm/java-8-openjdk-amd64
PATH=/usr/lib/jvm/java-8-openjdk-amd64/jre/bin:/usr/lib/jvm/java-8-openjdk-amd64/jre/bin:/usr/lib/jvm/java-11-openjdk-amd64/jre/bin:/usr/local/sbin:/usr/local/bin:/usr/sbin:/usr/bin:/sbin:/bin:/usr/games:/usr/local/games:/snap/bin
SHELL=/bin/bash

Signal Handlers:
SIGSEGV: [libjvm.so+0xabb430], sa_mask[0]=11111111011111111101111111111110, sa_flags=SA_RESTART|SA_SIGINFO
SIGBUS: [libjvm.so+0xabb430], sa_mask[0]=11111111011111111101111111111110, sa_flags=SA_RESTART|SA_SIGINFO
SIGFPE: [libjvm.so+0x8eb5b0], sa_mask[0]=11111111011111111101111111111110, sa_flags=SA_RESTART|SA_SIGINFO
SIGPIPE: [libjvm.so+0x8eb5b0], sa_mask[0]=11111111011111111101111111111110, sa_flags=SA_RESTART|SA_SIGINFO
SIGXFSZ: [libjvm.so+0x8eb5b0], sa_mask[0]=11111111011111111101111111111110, sa_flags=SA_RESTART|SA_SIGINFO
SIGILL: [libjvm.so+0x8eb5b0], sa_mask[0]=11111111011111111101111111111110, sa_flags=SA_RESTART|SA_SIGINFO
SIGUSR1: SIG_DFL, sa_mask[0]=00000000000000000000000000000000, sa_flags=none
SIGUSR2: [libjvm.so+0x8eb460], sa_mask[0]=00100000000000000000000000000000, sa_flags=SA_RESTART|SA_SIGINFO
SIGHUP: [libjvm.so+0x8ebad0], sa_mask[0]=11111111011111111101111111111110, sa_flags=SA_RESTART|SA_SIGINFO
SIGINT: [libjvm.so+0x8ebad0], sa_mask[0]=11111111011111111101111111111110, sa_flags=SA_RESTART|SA_SIGINFO
SIGTERM: [libjvm.so+0x8ebad0], sa_mask[0]=11111111011111111101111111111110, sa_flags=SA_RESTART|SA_SIGINFO
SIGQUIT: [libjvm.so+0x8ebad0], sa_mask[0]=11111111011111111101111111111110, sa_flags=SA_RESTART|SA_SIGINFO


---------------  S Y S T E M  ---------------

OS:DISTRIB_ID=Ubuntu
DISTRIB_RELEASE=18.04
DISTRIB_CODENAME=bionic
DISTRIB_DESCRIPTION="Ubuntu 18.04.5 LTS"

uname:Linux 4.15.0-112-generic #113-Ubuntu SMP Thu Jul 9 23:41:39 UTC 2020 x86_64
libc:glibc 2.27 NPTL 2.27 
rlimit: STACK 8192k, CORE 0k, NPROC 15517, NOFILE 1048576, AS infinity
load average:5.96 4.08 3.05

/proc/meminfo:
MemTotal:        4039144 kB
MemFree:           89820 kB
MemAvailable:          0 kB
Buffers:             696 kB
Cached:            67620 kB
SwapCached:            0 kB
Active:          3676772 kB
Inactive:          61140 kB
Active(anon):    3671144 kB
Inactive(anon):    56040 kB
Active(file):       5628 kB
Inactive(file):     5100 kB
Unevictable:          48 kB
Mlocked:              48 kB
SwapTotal:             0 kB
SwapFree:              0 kB
Dirty:                16 kB
Writeback:            64 kB
AnonPages:       3669620 kB
Mapped:            64528 kB
Shmem:             57612 kB
Slab:             114236 kB
SReclaimable:      50264 kB
SUnreclaim:        63972 kB
KernelStack:       10784 kB
PageTables:        46208 kB
NFS_Unstable:          0 kB
Bounce:                0 kB
WritebackTmp:          0 kB
CommitLimit:     2019572 kB
Committed_AS:    7418504 kB
VmallocTotal:   34359738367 kB
VmallocUsed:           0 kB
VmallocChunk:          0 kB
HardwareCorrupted:     0 kB
AnonHugePages:         0 kB
ShmemHugePages:        0 kB
ShmemPmdMapped:        0 kB
CmaTotal:              0 kB
CmaFree:               0 kB
HugePages_Total:       0
HugePages_Free:        0
HugePages_Rsvd:        0
HugePages_Surp:        0
Hugepagesize:       2048 kB
DirectMap4k:      489328 kB
DirectMap2M:     3704832 kB
DirectMap1G:     2097152 kB

container (cgroup) information:
container_type: cgroupv1
cpu_cpuset_cpus: 0-1
cpu_memory_nodes: 0
active_processor_count: 2
cpu_quota: -1
cpu_period: 100000
cpu_shares: -1
memory_limit_in_bytes: -1
memory_and_swap_limit_in_bytes: -2
memory_soft_limit_in_bytes: -1
memory_usage_in_bytes: 3721396224
memory_max_usage_in_bytes: 3754868736


CPU:total 2 (initial active 2) (1 cores per cpu, 1 threads per core) family 6 model 85 stepping 4, cmov, cx8, fxsr, mmx, sse, sse2, sse3, ssse3, sse4.1, sse4.2, popcnt, avx, avx2, aes, clmul, erms, rtm, 3dnowpref, lzcnt, tsc, bmi1, bmi2, adx

/proc/cpuinfo:
processor	: 0
vendor_id	: GenuineIntel
cpu family	: 6
model		: 85
model name	: Intel Xeon Processor (Skylake, IBRS)
stepping	: 4
microcode	: 0x1
cpu MHz		: 2095.074
cache size	: 16384 KB
physical id	: 0
siblings	: 1
core id		: 0
cpu cores	: 1
apicid		: 0
initial apicid	: 0
fpu		: yes
fpu_exception	: yes
cpuid level	: 13
wp		: yes
flags		: fpu vme de pse tsc msr pae mce cx8 apic sep mtrr pge mca cmov pat pse36 clflush mmx fxsr sse sse2 ss syscall nx pdpe1gb rdtscp lm constant_tsc rep_good nopl xtopology cpuid tsc_known_freq pni pclmulqdq vmx ssse3 fma cx16 pcid sse4_1 sse4_2 x2apic movbe popcnt tsc_deadline_timer aes xsave avx f16c rdrand hypervisor lahf_lm abm 3dnowprefetch cpuid_fault invpcid_single pti ssbd ibrs ibpb tpr_shadow vnmi flexpriority ept vpid fsgsbase tsc_adjust bmi1 hle avx2 smep bmi2 erms invpcid rtm mpx avx512f avx512dq rdseed adx smap clflushopt clwb avx512cd avx512bw avx512vl xsaveopt xsavec xgetbv1 xsaves arat pku ospke md_clear
bugs		: cpu_meltdown spectre_v1 spectre_v2 spec_store_bypass l1tf mds swapgs taa itlb_multihit
bogomips	: 4190.14
clflush size	: 64
cache_alignment	: 64
address sizes	: 40 bits physical, 48 bits virtual
power management:

processor	: 1
vendor_id	: GenuineIntel
cpu family	: 6
model		: 85
model name	: Intel Xeon Processor (Skylake, IBRS)
stepping	: 4
microcode	: 0x1
cpu MHz		: 2095.074
cache size	: 16384 KB
physical id	: 1
siblings	: 1
core id		: 0
cpu cores	: 1
apicid		: 1
initial apicid	: 1
fpu		: yes
fpu_exception	: yes
cpuid level	: 13
wp		: yes
flags		: fpu vme de pse tsc msr pae mce cx8 apic sep mtrr pge mca cmov pat pse36 clflush mmx fxsr sse sse2 ss syscall nx pdpe1gb rdtscp lm constant_tsc rep_good nopl xtopology cpuid tsc_known_freq pni pclmulqdq vmx ssse3 fma cx16 pcid sse4_1 sse4_2 x2apic movbe popcnt tsc_deadline_timer aes xsave avx f16c rdrand hypervisor lahf_lm abm 3dnowprefetch cpuid_fault invpcid_single pti ssbd ibrs ibpb tpr_shadow vnmi flexpriority ept vpid fsgsbase tsc_adjust bmi1 hle avx2 smep bmi2 erms invpcid rtm mpx avx512f avx512dq rdseed adx smap clflushopt clwb avx512cd avx512bw avx512vl xsaveopt xsavec xgetbv1 xsaves arat pku ospke md_clear
bugs		: cpu_meltdown spectre_v1 spectre_v2 spec_store_bypass l1tf mds swapgs taa itlb_multihit
bogomips	: 4190.14
clflush size	: 64
cache_alignment	: 64
address sizes	: 40 bits physical, 48 bits virtual
power management:



Memory: 4k page, physical 4039144k(88524k free), swap 0k(0k free)

vm_info: OpenJDK 64-Bit Server VM (25.265-b01) for linux-amd64 JRE (1.8.0_265-8u265-b01-0ubuntu2~18.04-b01), built on Aug  3 2020 01:16:56 by "buildd" with gcc 7.5.0

time: Mon Oct 26 18:52:32 2020
timezone: EDT
elapsed time: 174 seconds (0d 0h 2m 54s)

