#
# There is insufficient memory for the Java Runtime Environment to continue.
# Native memory allocation (mmap) failed to map 74973184 bytes for committing reserved memory.
# Possible reasons:
#   The system is out of physical RAM or swap space
#   The process is running with CompressedOops enabled, and the Java Heap may be blocking the growth of the native heap
# Possible solutions:
#   Reduce memory load on the system
#   Increase physical memory or swap space
#   Check if swap backing store is full
#   Decrease Java heap size (-Xmx/-Xms)
#   Decrease number of Java threads
#   Decrease Java thread stack sizes (-Xss)
#   Set larger code cache with -XX:ReservedCodeCacheSize=
#   JVM is running with Unscaled Compressed Oops mode in which the Java heap is
#     placed in the first 4GB address space. The Java Heap base address is the
#     maximum limit for the native heap growth. Please use -XX:HeapBaseMinAddress
#     to set the Java Heap base and to place the Java Heap above 4GB virtual address.
# This output file may be truncated or incomplete.
#
#  Out of Memory Error (os_linux.cpp:2792), pid=13886, tid=0x00007f92f4903700
#
# JRE version: OpenJDK Runtime Environment (8.0_265-b01) (build 1.8.0_265-8u265-b01-0ubuntu2~18.04-b01)
# Java VM: OpenJDK 64-Bit Server VM (25.265-b01 mixed mode linux-amd64 compressed oops)
# Failed to write core dump. Core dumps have been disabled. To enable core dumping, try "ulimit -c unlimited" before starting Java again
#

---------------  T H R E A D  ---------------

Current thread (0x00007f92f00fc000):  VMThread [stack: 0x00007f92f4804000,0x00007f92f4904000] [id=13891]

Stack: [0x00007f92f4804000,0x00007f92f4904000],  sp=0x00007f92f4902380,  free space=1016k
Native frames: (J=compiled Java code, j=interpreted, Vv=VM code, C=native code)
V  [libjvm.so+0xabaae2]
V  [libjvm.so+0x4de3f7]
V  [libjvm.so+0x8f0560]
V  [libjvm.so+0x8e74be]
V  [libjvm.so+0x96eb16]
V  [libjvm.so+0x96fe88]
V  [libjvm.so+0x96c1d6]
V  [libjvm.so+0x96c56c]
V  [libjvm.so+0x91ae28]
V  [libjvm.so+0xabc812]
V  [libjvm.so+0xac11b6]
V  [libjvm.so+0xabf14e]
V  [libjvm.so+0xabfd5b]
V  [libjvm.so+0xac0198]
V  [libjvm.so+0x8ed782]

VM_Operation (0x00007f92f9eb37f0): ParallelGCFailedAllocation, mode: safepoint, requested by thread 0x00007f92f000b000


---------------  P R O C E S S  ---------------

Java Threads: ( => current thread )
  0x00007f92f014e800 JavaThread "Service Thread" daemon [_thread_blocked, id=13897, stack(0x00007f92e0dfe000,0x00007f92e0eff000)]
  0x00007f92f0142000 JavaThread "C1 CompilerThread1" daemon [_thread_blocked, id=13896, stack(0x00007f92e0f00000,0x00007f92e1000000)]
  0x00007f92f013f000 JavaThread "C2 CompilerThread0" daemon [_thread_blocked, id=13895, stack(0x00007f92f40bc000,0x00007f92f41bc000)]
  0x00007f92f013b000 JavaThread "Signal Dispatcher" daemon [_thread_blocked, id=13894, stack(0x00007f92f41bc000,0x00007f92f42bd000)]
  0x00007f92f010a000 JavaThread "Finalizer" daemon [_thread_blocked, id=13893, stack(0x00007f92f4601000,0x00007f92f4702000)]
  0x00007f92f0105800 JavaThread "Reference Handler" daemon [_thread_blocked, id=13892, stack(0x00007f92f4702000,0x00007f92f4803000)]
  0x00007f92f000b000 JavaThread "main" [_thread_blocked, id=13888, stack(0x00007f92f9db8000,0x00007f92f9eb8000)]

Other Threads:
=>0x00007f92f00fc000 VMThread [stack: 0x00007f92f4804000,0x00007f92f4904000] [id=13891]
  0x00007f92f0151800 WatcherThread [stack: 0x00007f92e0cfe000,0x00007f92e0dfe000] [id=13898]

VM state:at safepoint (normal execution)

VM Mutex/Monitor currently owned by a thread:  ([mutex/lock_event])
[0x00007f92f0007b40] Threads_lock - owner thread: 0x00007f92f00fc000
[0x00007f92f0008040] Heap_lock - owner thread: 0x00007f92f000b000

heap address: 0x00000000c2400000, size: 988 MB, Compressed Oops mode: 32-bit
Narrow klass base: 0x0000000000000000, Narrow klass shift: 3
Compressed class space size: 1073741824 Address: 0x0000000100000000

Heap:
 PSYoungGen      total 251904K, used 11256K [0x00000000eb700000, 0x00000000fb880000, 0x0000000100000000)
  eden space 240640K, 0% used [0x00000000eb700000,0x00000000eb700000,0x00000000fa200000)
  from space 11264K, 99% used [0x00000000fa200000,0x00000000facfe330,0x00000000fad00000)
  to   space 9728K, 0% used [0x00000000fad00000,0x00000000fad00000,0x00000000fb680000)
 ParOldGen       total 36864K, used 27966K [0x00000000c2400000, 0x00000000c4800000, 0x00000000eb700000)
  object space 36864K, 75% used [0x00000000c2400000,0x00000000c3f4f910,0x00000000c4800000)
 Metaspace       used 33082K, capacity 33620K, committed 33920K, reserved 1079296K
  class space    used 3715K, capacity 3888K, committed 3968K, reserved 1048576K

Card table byte_map: [0x00007f92f6167000,0x00007f92f6356000] byte_map_base: 0x00007f92f5b55000

Marking Bits: (ParMarkBitMap*) 0x00007f92f905e520
 Begin Bits: [0x00007f92da120000, 0x00007f92db090000)
 End Bits:   [0x00007f92db090000, 0x00007f92dc000000)

Polling page: 0x00007f92f9edf000

CodeCache: size=245760Kb used=13612Kb max_used=14597Kb free=232147Kb
 bounds [0x00007f92e1000000, 0x00007f92e1e70000, 0x00007f92f0000000]
 total_blobs=4004 nmethods=3610 adapters=308
 compilation: enabled

Compilation events (10 events):
Event: 29.481 Thread 0x00007f92f013f000 nmethod 4256 0x00007f92e1755b90 code [0x00007f92e1755d80, 0x00007f92e17572b8]
Event: 29.532 Thread 0x00007f92f013f000 4257       4       javassist.compiler.Parser::parseDeclarator (111 bytes)
Event: 29.539 Thread 0x00007f92f013f000 nmethod 4257 0x00007f92e184f090 code [0x00007f92e184f2a0, 0x00007f92e184f8b0]
Event: 29.539 Thread 0x00007f92f013f000 4258       4       javassist.compiler.ast.BinExpr::accept (6 bytes)
Event: 29.544 Thread 0x00007f92f013f000 nmethod 4258 0x00007f92e118f650 code [0x00007f92e118f820, 0x00007f92e118fd48]
Event: 29.544 Thread 0x00007f92f013f000 4259       4       java.util.ComparableTimSort::mergeLo (656 bytes)
Event: 29.566 Thread 0x00007f92f013f000 nmethod 4259 0x00007f92e17af8d0 code [0x00007f92e17afae0, 0x00007f92e17b1198]
Event: 29.566 Thread 0x00007f92f013f000 4260       4       javassist.compiler.Parser::nextIsClassCast (143 bytes)
Event: 29.570 Thread 0x00007f92f013f000 nmethod 4260 0x00007f92e1876490 code [0x00007f92e1876660, 0x00007f92e1876a30]
Event: 29.592 Thread 0x00007f92f013f000 4261       4       javassist.compiler.JvstCodeGen::atMethodArgs (184 bytes)

GC Heap History (10 events):
Event: 17.786 GC heap after
Heap after GC invocations=15 (full 1):
 PSYoungGen      total 138752K, used 0K [0x00000000eb700000, 0x00000000f4600000, 0x0000000100000000)
  eden space 131072K, 0% used [0x00000000eb700000,0x00000000eb700000,0x00000000f3700000)
  from space 7680K, 0% used [0x00000000f3e80000,0x00000000f3e80000,0x00000000f4600000)
  to   space 7680K, 0% used [0x00000000f3700000,0x00000000f3700000,0x00000000f3e80000)
 ParOldGen       total 36864K, used 12756K [0x00000000c2400000, 0x00000000c4800000, 0x00000000eb700000)
  object space 36864K, 34% used [0x00000000c2400000,0x00000000c3075050,0x00000000c4800000)
 Metaspace       used 20711K, capacity 21028K, committed 21296K, reserved 1069056K
  class space    used 2301K, capacity 2396K, committed 2432K, reserved 1048576K
}
Event: 20.090 GC heap before
{Heap before GC invocations=16 (full 1):
 PSYoungGen      total 138752K, used 131072K [0x00000000eb700000, 0x00000000f4600000, 0x0000000100000000)
  eden space 131072K, 100% used [0x00000000eb700000,0x00000000f3700000,0x00000000f3700000)
  from space 7680K, 0% used [0x00000000f3e80000,0x00000000f3e80000,0x00000000f4600000)
  to   space 7680K, 0% used [0x00000000f3700000,0x00000000f3700000,0x00000000f3e80000)
 ParOldGen       total 36864K, used 12756K [0x00000000c2400000, 0x00000000c4800000, 0x00000000eb700000)
  object space 36864K, 34% used [0x00000000c2400000,0x00000000c3075050,0x00000000c4800000)
 Metaspace       used 25078K, capacity 25328K, committed 25472K, reserved 1071104K
  class space    used 2843K, capacity 2910K, committed 2944K, reserved 1048576K
Event: 20.103 GC heap after
Heap after GC invocations=16 (full 1):
 PSYoungGen      total 138752K, used 3723K [0x00000000eb700000, 0x00000000f7e00000, 0x0000000100000000)
  eden space 131072K, 0% used [0x00000000eb700000,0x00000000eb700000,0x00000000f3700000)
  from space 7680K, 48% used [0x00000000f3700000,0x00000000f3aa2fa0,0x00000000f3e80000)
  to   space 7168K, 0% used [0x00000000f7700000,0x00000000f7700000,0x00000000f7e00000)
 ParOldGen       total 36864K, used 12764K [0x00000000c2400000, 0x00000000c4800000, 0x00000000eb700000)
  object space 36864K, 34% used [0x00000000c2400000,0x00000000c3077050,0x00000000c4800000)
 Metaspace       used 25078K, capacity 25328K, committed 25472K, reserved 1071104K
  class space    used 2843K, capacity 2910K, committed 2944K, reserved 1048576K
}
Event: 22.243 GC heap before
{Heap before GC invocations=17 (full 1):
 PSYoungGen      total 138752K, used 134795K [0x00000000eb700000, 0x00000000f7e00000, 0x0000000100000000)
  eden space 131072K, 100% used [0x00000000eb700000,0x00000000f3700000,0x00000000f3700000)
  from space 7680K, 48% used [0x00000000f3700000,0x00000000f3aa2fa0,0x00000000f3e80000)
  to   space 7168K, 0% used [0x00000000f7700000,0x00000000f7700000,0x00000000f7e00000)
 ParOldGen       total 36864K, used 12764K [0x00000000c2400000, 0x00000000c4800000, 0x00000000eb700000)
  object space 36864K, 34% used [0x00000000c2400000,0x00000000c3077050,0x00000000c4800000)
 Metaspace       used 26499K, capacity 26890K, committed 27264K, reserved 1073152K
  class space    used 3010K, capacity 3149K, committed 3200K, reserved 1048576K
Event: 22.266 GC heap after
Heap after GC invocations=17 (full 1):
 PSYoungGen      total 194560K, used 7142K [0x00000000eb700000, 0x00000000f8180000, 0x0000000100000000)
  eden space 187392K, 0% used [0x00000000eb700000,0x00000000eb700000,0x00000000f6e00000)
  from space 7168K, 99% used [0x00000000f7700000,0x00000000f7df9b50,0x00000000f7e00000)
  to   space 9216K, 0% used [0x00000000f6e00000,0x00000000f6e00000,0x00000000f7700000)
 ParOldGen       total 36864K, used 15658K [0x00000000c2400000, 0x00000000c4800000, 0x00000000eb700000)
  object space 36864K, 42% used [0x00000000c2400000,0x00000000c334a928,0x00000000c4800000)
 Metaspace       used 26499K, capacity 26890K, committed 27264K, reserved 1073152K
  class space    used 3010K, capacity 3149K, committed 3200K, reserved 1048576K
}
Event: 23.631 GC heap before
{Heap before GC invocations=18 (full 1):
 PSYoungGen      total 194560K, used 194534K [0x00000000eb700000, 0x00000000f8180000, 0x0000000100000000)
  eden space 187392K, 100% used [0x00000000eb700000,0x00000000f6e00000,0x00000000f6e00000)
  from space 7168K, 99% used [0x00000000f7700000,0x00000000f7df9b50,0x00000000f7e00000)
  to   space 9216K, 0% used [0x00000000f6e00000,0x00000000f6e00000,0x00000000f7700000)
 ParOldGen       total 36864K, used 15658K [0x00000000c2400000, 0x00000000c4800000, 0x00000000eb700000)
  object space 36864K, 42% used [0x00000000c2400000,0x00000000c334a928,0x00000000c4800000)
 Metaspace       used 29607K, capacity 29972K, committed 30336K, reserved 1077248K
  class space    used 3307K, capacity 3444K, committed 3456K, reserved 1048576K
Event: 23.646 GC heap after
Heap after GC invocations=18 (full 1):
 PSYoungGen      total 196608K, used 6199K [0x00000000eb700000, 0x00000000fb680000, 0x0000000100000000)
  eden space 187392K, 0% used [0x00000000eb700000,0x00000000eb700000,0x00000000f6e00000)
  from space 9216K, 67% used [0x00000000f6e00000,0x00000000f740dfc0,0x00000000f7700000)
  to   space 9728K, 0% used [0x00000000fad00000,0x00000000fad00000,0x00000000fb680000)
 ParOldGen       total 36864K, used 19306K [0x00000000c2400000, 0x00000000c4800000, 0x00000000eb700000)
  object space 36864K, 52% used [0x00000000c2400000,0x00000000c36da958,0x00000000c4800000)
 Metaspace       used 29607K, capacity 29972K, committed 30336K, reserved 1077248K
  class space    used 3307K, capacity 3444K, committed 3456K, reserved 1048576K
}
Event: 26.994 GC heap before
{Heap before GC invocations=19 (full 1):
 PSYoungGen      total 196608K, used 193591K [0x00000000eb700000, 0x00000000fb680000, 0x0000000100000000)
  eden space 187392K, 100% used [0x00000000eb700000,0x00000000f6e00000,0x00000000f6e00000)
  from space 9216K, 67% used [0x00000000f6e00000,0x00000000f740dfc0,0x00000000f7700000)
  to   space 9728K, 0% used [0x00000000fad00000,0x00000000fad00000,0x00000000fb680000)
 ParOldGen       total 36864K, used 19306K [0x00000000c2400000, 0x00000000c4800000, 0x00000000eb700000)
  object space 36864K, 52% used [0x00000000c2400000,0x00000000c36da958,0x00000000c4800000)
 Metaspace       used 31623K, capacity 32054K, committed 32512K, reserved 1077248K
  class space    used 3612K, capacity 3749K, committed 3840K, reserved 1048576K
Event: 27.027 GC heap after
Heap after GC invocations=19 (full 1):
 PSYoungGen      total 250368K, used 9681K [0x00000000eb700000, 0x00000000fb880000, 0x0000000100000000)
  eden space 240640K, 0% used [0x00000000eb700000,0x00000000eb700000,0x00000000fa200000)
  from space 9728K, 99% used [0x00000000fad00000,0x00000000fb674650,0x00000000fb680000)
  to   space 11264K, 0% used [0x00000000fa200000,0x00000000fa200000,0x00000000fad00000)
 ParOldGen       total 36864K, used 24134K [0x00000000c2400000, 0x00000000c4800000, 0x00000000eb700000)
  object space 36864K, 65% used [0x00000000c2400000,0x00000000c3b91ba0,0x00000000c4800000)
 Metaspace       used 31623K, capacity 32054K, committed 32512K, reserved 1077248K
  class space    used 3612K, capacity 3749K, committed 3840K, reserved 1048576K
}
Event: 29.596 GC heap before
{Heap before GC invocations=20 (full 1):
 PSYoungGen      total 250368K, used 250321K [0x00000000eb700000, 0x00000000fb880000, 0x0000000100000000)
  eden space 240640K, 100% used [0x00000000eb700000,0x00000000fa200000,0x00000000fa200000)
  from space 9728K, 99% used [0x00000000fad00000,0x00000000fb674650,0x00000000fb680000)
  to   space 11264K, 0% used [0x00000000fa200000,0x00000000fa200000,0x00000000fad00000)
 ParOldGen       total 36864K, used 24134K [0x00000000c2400000, 0x00000000c4800000, 0x00000000eb700000)
  object space 36864K, 65% used [0x00000000c2400000,0x00000000c3b91ba0,0x00000000c4800000)
 Metaspace       used 33082K, capacity 33620K, committed 33920K, reserved 1079296K
  class space    used 3715K, capacity 3888K, committed 3968K, reserved 1048576K

Deoptimization events (10 events):
Event: 29.077 Thread 0x00007f92f000b000 Uncommon trap: reason=unstable_if action=reinterpret pc=0x00007f92e17052ac method=javassist.bytecode.MethodInfo.rebuildStackMapIf6(Ljavassist/ClassPool;Ljavassist/bytecode/ClassFile;)V @ 6
Event: 29.084 Thread 0x00007f92f000b000 Uncommon trap: reason=unstable_if action=reinterpret pc=0x00007f92e16cd550 method=javassist.bytecode.ExceptionTable.add(ILjavassist/bytecode/ExceptionTable;I)V @ 11
Event: 29.393 Thread 0x00007f92f000b000 Uncommon trap: reason=bimorphic action=maybe_recompile pc=0x00007f92e1d78cf4 method=javassist.bytecode.stackmap.Tracer.setFieldTarget(ZI)V @ 34
Event: 29.413 Thread 0x00007f92f000b000 Uncommon trap: reason=array_check action=maybe_recompile pc=0x00007f92e19428ec method=java.util.ComparableTimSort.mergeLo(IIII)V @ 81
Event: 29.413 Thread 0x00007f92f000b000 Uncommon trap: reason=array_check action=maybe_recompile pc=0x00007f92e19428ec method=java.util.ComparableTimSort.mergeLo(IIII)V @ 81
Event: 29.413 Thread 0x00007f92f000b000 Uncommon trap: reason=array_check action=maybe_recompile pc=0x00007f92e19428ec method=java.util.ComparableTimSort.mergeLo(IIII)V @ 81
Event: 29.413 Thread 0x00007f92f000b000 Uncommon trap: reason=array_check action=maybe_recompile pc=0x00007f92e19428ec method=java.util.ComparableTimSort.mergeLo(IIII)V @ 81
Event: 29.540 Thread 0x00007f92f000b000 Uncommon trap: reason=predicate action=maybe_recompile pc=0x00007f92e1756dd4 method=java.util.ComparableTimSort.mergeLo(IIII)V @ 147
Event: 29.548 Thread 0x00007f92f000b000 Uncommon trap: reason=class_check action=maybe_recompile pc=0x00007f92e12e0684 method=javassist.bytecode.stackmap.TypeData$TypeVar.fixByUppers(Ljava/util/ArrayList;Ljavassist/ClassPool;Ljava/util/HashSet;Ljavassist/CtClass;)Ljavassist/CtClass; @ 97
Event: 29.594 Thread 0x00007f92f000b000 Uncommon trap: reason=array_check action=maybe_recompile pc=0x00007f92e17b08d4 method=java.util.ComparableTimSort.mergeLo(IIII)V @ 207

Classes redefined (0 events):
No events

Internal exceptions (10 events):
Event: 9.332 Thread 0x00007f92f000b000 Exception <a 'java/lang/ArrayIndexOutOfBoundsException': 42> (0x00000000ec3f9058) thrown at [/build/openjdk-8-nxKaDu/openjdk-8-8u265-b01/src/hotspot/src/share/vm/interpreter/interpreterRuntime.cpp, line 368]
Event: 9.333 Thread 0x00007f92f000b000 Exception <a 'java/lang/ArrayIndexOutOfBoundsException': 139> (0x00000000ec3faf28) thrown at [/build/openjdk-8-nxKaDu/openjdk-8-8u265-b01/src/hotspot/src/share/vm/interpreter/interpreterRuntime.cpp, line 368]
Event: 9.670 Thread 0x00007f92f000b000 Exception <a 'java/lang/reflect/InvocationTargetException'> (0x00000000ec847658) thrown at [/build/openjdk-8-nxKaDu/openjdk-8-8u265-b01/src/hotspot/src/share/vm/runtime/reflection.cpp, line 1092]
Event: 9.671 Thread 0x00007f92f000b000 Exception <a 'java/lang/reflect/InvocationTargetException'> (0x00000000ec861348) thrown at [/build/openjdk-8-nxKaDu/openjdk-8-8u265-b01/src/hotspot/src/share/vm/runtime/reflection.cpp, line 1092]
Event: 9.780 Thread 0x00007f92f000b000 Exception <a 'java/net/UnknownHostException'> (0x00000000ec987c30) thrown at [/build/openjdk-8-nxKaDu/openjdk-8-8u265-b01/src/hotspot/src/share/vm/prims/jni.cpp, line 711]
Event: 10.689 Thread 0x00007f92f000b000 Exception <a 'java/lang/NoSuchFieldError': method resolution failed> (0x00000000ebb320c0) thrown at [/build/openjdk-8-nxKaDu/openjdk-8-8u265-b01/src/hotspot/src/share/vm/prims/methodHandles.cpp, line 1169]
Event: 10.690 Thread 0x00007f92f000b000 Exception <a 'java/lang/NoSuchFieldError': method resolution failed> (0x00000000ebb3f780) thrown at [/build/openjdk-8-nxKaDu/openjdk-8-8u265-b01/src/hotspot/src/share/vm/prims/methodHandles.cpp, line 1169]
Event: 12.223 Thread 0x00007f92f000b000 Implicit null exception at 0x00007f92e182b4c1 to 0x00007f92e182c4c1
Event: 19.264 Thread 0x00007f92f000b000 Implicit null exception at 0x00007f92e157f338 to 0x00007f92e157f705
Event: 19.264 Thread 0x00007f92f000b000 Implicit null exception at 0x00007f92e15deb3a to 0x00007f92e15e05e5

Events (10 events):
Event: 29.540 Thread 0x00007f92f000b000 Uncommon trap: trap_request=0xffffff86 fr.pc=0x00007f92e1756dd4
Event: 29.540 Thread 0x00007f92f000b000 DEOPT PACKING pc=0x00007f92e1756dd4 sp=0x00007f92f9eb37b0
Event: 29.540 Thread 0x00007f92f000b000 DEOPT UNPACKING pc=0x00007f92e104547a sp=0x00007f92f9eb3798 mode 2
Event: 29.548 Thread 0x00007f92f000b000 Uncommon trap: trap_request=0xffffffde fr.pc=0x00007f92e12e0684
Event: 29.548 Thread 0x00007f92f000b000 DEOPT PACKING pc=0x00007f92e12e0684 sp=0x00007f92f9eb3870
Event: 29.548 Thread 0x00007f92f000b000 DEOPT UNPACKING pc=0x00007f92e104547a sp=0x00007f92f9eb3858 mode 2
Event: 29.594 Thread 0x00007f92f000b000 Uncommon trap: trap_request=0xffffffd6 fr.pc=0x00007f92e17b08d4
Event: 29.594 Thread 0x00007f92f000b000 DEOPT PACKING pc=0x00007f92e17b08d4 sp=0x00007f92f9eb37b0
Event: 29.594 Thread 0x00007f92f000b000 DEOPT UNPACKING pc=0x00007f92e104547a sp=0x00007f92f9eb3780 mode 2
Event: 29.596 Executing VM operation: ParallelGCFailedAllocation


Dynamic libraries:
c2400000-c4800000 rw-p 00000000 00:00 0 
c4800000-eb700000 ---p 00000000 00:00 0 
eb700000-fb880000 rw-p 00000000 00:00 0 
100000000-1003e0000 rw-p 00000000 00:00 0 
1003e0000-140000000 ---p 00000000 00:00 0 
558db0d7d000-558db0d7e000 r-xp 00000000 fc:01 1816964                    /usr/lib/jvm/java-8-openjdk-amd64/jre/bin/java
558db0f7d000-558db0f7e000 r--p 00000000 fc:01 1816964                    /usr/lib/jvm/java-8-openjdk-amd64/jre/bin/java
558db0f7e000-558db0f7f000 rw-p 00001000 fc:01 1816964                    /usr/lib/jvm/java-8-openjdk-amd64/jre/bin/java
558db26e0000-558db2701000 rw-p 00000000 00:00 0                          [heap]
7f92ac000000-7f92ac021000 rw-p 00000000 00:00 0 
7f92ac021000-7f92b0000000 ---p 00000000 00:00 0 
7f92b0000000-7f92b0021000 rw-p 00000000 00:00 0 
7f92b0021000-7f92b4000000 ---p 00000000 00:00 0 
7f92b4000000-7f92b4021000 rw-p 00000000 00:00 0 
7f92b4021000-7f92b8000000 ---p 00000000 00:00 0 
7f92b8000000-7f92b8021000 rw-p 00000000 00:00 0 
7f92b8021000-7f92bc000000 ---p 00000000 00:00 0 
7f92bc000000-7f92bdd7c000 rw-p 00000000 00:00 0 
7f92bdd7c000-7f92c0000000 ---p 00000000 00:00 0 
7f92c0000000-7f92c0851000 rw-p 00000000 00:00 0 
7f92c0851000-7f92c4000000 ---p 00000000 00:00 0 
7f92c4000000-7f92c4021000 rw-p 00000000 00:00 0 
7f92c4021000-7f92c8000000 ---p 00000000 00:00 0 
7f92c8000000-7f92c8021000 rw-p 00000000 00:00 0 
7f92c8021000-7f92cc000000 ---p 00000000 00:00 0 
7f92cc000000-7f92cc021000 rw-p 00000000 00:00 0 
7f92cc021000-7f92d0000000 ---p 00000000 00:00 0 
7f92d0000000-7f92d0021000 rw-p 00000000 00:00 0 
7f92d0021000-7f92d4000000 ---p 00000000 00:00 0 
7f92d4000000-7f92d4021000 rw-p 00000000 00:00 0 
7f92d4021000-7f92d8000000 ---p 00000000 00:00 0 
7f92d86e9000-7f92d8829000 rw-p 00000000 00:00 0 
7f92d8829000-7f92d88e9000 ---p 00000000 00:00 0 
7f92d88e9000-7f92d8ae9000 rw-p 00000000 00:00 0 
7f92d8ae9000-7f92d8ce9000 rw-p 00000000 00:00 0 
7f92d8ce9000-7f92d8ee9000 rw-p 00000000 00:00 0 
7f92d8ee9000-7f92d90e9000 rw-p 00000000 00:00 0 
7f92d90e9000-7f92d92e9000 rw-p 00000000 00:00 0 
7f92d92e9000-7f92d94e9000 rw-p 00000000 00:00 0 
7f92d94e9000-7f92d96e9000 rw-p 00000000 00:00 0 
7f92d96e9000-7f92d96f8000 r-xp 00000000 fc:01 25923                      /lib/x86_64-linux-gnu/libnss_myhostname.so.2
7f92d96f8000-7f92d98f7000 ---p 0000f000 fc:01 25923                      /lib/x86_64-linux-gnu/libnss_myhostname.so.2
7f92d98f7000-7f92d98fa000 r--p 0000e000 fc:01 25923                      /lib/x86_64-linux-gnu/libnss_myhostname.so.2
7f92d98fa000-7f92d98fb000 rw-p 00011000 fc:01 25923                      /lib/x86_64-linux-gnu/libnss_myhostname.so.2
7f92d98fb000-7f92d9912000 r-xp 00000000 fc:01 47546                      /lib/x86_64-linux-gnu/libresolv-2.27.so
7f92d9912000-7f92d9b12000 ---p 00017000 fc:01 47546                      /lib/x86_64-linux-gnu/libresolv-2.27.so
7f92d9b12000-7f92d9b13000 r--p 00017000 fc:01 47546                      /lib/x86_64-linux-gnu/libresolv-2.27.so
7f92d9b13000-7f92d9b14000 rw-p 00018000 fc:01 47546                      /lib/x86_64-linux-gnu/libresolv-2.27.so
7f92d9b14000-7f92d9b16000 rw-p 00000000 00:00 0 
7f92d9b16000-7f92d9b1b000 r-xp 00000000 fc:01 47529                      /lib/x86_64-linux-gnu/libnss_dns-2.27.so
7f92d9b1b000-7f92d9d1b000 ---p 00005000 fc:01 47529                      /lib/x86_64-linux-gnu/libnss_dns-2.27.so
7f92d9d1b000-7f92d9d1c000 r--p 00005000 fc:01 47529                      /lib/x86_64-linux-gnu/libnss_dns-2.27.so
7f92d9d1c000-7f92d9d1d000 rw-p 00006000 fc:01 47529                      /lib/x86_64-linux-gnu/libnss_dns-2.27.so
7f92d9d1d000-7f92d9d1f000 r-xp 00000000 fc:01 69785                      /lib/x86_64-linux-gnu/libnss_mdns4_minimal.so.2
7f92d9d1f000-7f92d9f1e000 ---p 00002000 fc:01 69785                      /lib/x86_64-linux-gnu/libnss_mdns4_minimal.so.2
7f92d9f1e000-7f92d9f1f000 r--p 00001000 fc:01 69785                      /lib/x86_64-linux-gnu/libnss_mdns4_minimal.so.2
7f92d9f1f000-7f92d9f20000 rw-p 00002000 fc:01 69785                      /lib/x86_64-linux-gnu/libnss_mdns4_minimal.so.2
7f92d9f20000-7f92dc000000 rw-p 00000000 00:00 0 
7f92dc000000-7f92dc031000 rw-p 00000000 00:00 0 
7f92dc031000-7f92e0000000 ---p 00000000 00:00 0 
7f92e004b000-7f92e005e000 r--s 00346000 fc:01 1822944                    /usr/lib/jvm/java-8-openjdk-amd64/jre/lib/resources.jar
7f92e005e000-7f92e0061000 ---p 00000000 00:00 0 
7f92e0061000-7f92e015f000 rw-p 00000000 00:00 0 
7f92e015f000-7f92e0162000 ---p 00000000 00:00 0 
7f92e0162000-7f92e0460000 rw-p 00000000 00:00 0 
7f92e0460000-7f92e0660000 rw-p 00000000 00:00 0 
7f92e0660000-7f92e0662000 r--s 00016000 fc:01 1822938                    /usr/lib/jvm/java-8-openjdk-amd64/jre/lib/jce.jar
7f92e0662000-7f92e0667000 r--s 000a7000 fc:01 1822940                    /usr/lib/jvm/java-8-openjdk-amd64/jre/lib/jsse.jar
7f92e0667000-7f92e0669000 r--s 0000e000 fc:01 4149530                    /home/jhbu228/.m2/repository/org/apache/maven/surefire/surefire-junit4/2.16/surefire-junit4-2.16.jar
7f92e0669000-7f92e066a000 r--s 00000000 fc:01 4148550                    /home/jhbu228/.m2/repository/org/jenkins-ci/test-annotations/1.1/test-annotations-1.1.jar
7f92e066a000-7f92e066b000 r--s 00000000 fc:01 4148548                    /home/jhbu228/.m2/repository/org/codehaus/mojo/animal-sniffer-annotations/1.9/animal-sniffer-annotations-1.9.jar
7f92e066b000-7f92e066d000 r--s 00010000 fc:01 4150601                    /home/jhbu228/.m2/repository/com/jcraft/jzlib/1.1.3-kohsuke-1/jzlib-1.1.3-kohsuke-1.jar
7f92e066d000-7f92e0670000 r--s 00006000 fc:01 4150599                    /home/jhbu228/.m2/repository/com/google/code/findbugs/jsr305/1.3.9/jsr305-1.3.9.jar
7f92e0670000-7f92e0690000 r--s 00173000 fc:01 4150597                    /home/jhbu228/.m2/repository/com/google/guava/guava/11.0.1/guava-11.0.1.jar
7f92e0690000-7f92e0691000 r--s 00004000 fc:01 4150595                    /home/jhbu228/.m2/repository/org/mindrot/jbcrypt/0.3m/jbcrypt-0.3m.jar
7f92e0691000-7f92e0693000 r--s 0000f000 fc:01 4150593                    /home/jhbu228/.m2/repository/commons-fileupload/commons-fileupload/1.3.1-jenkins-1/commons-fileupload-1.3.1-jenkins-1.jar
7f92e0693000-7f92e0695000 r--s 00005000 fc:01 4150592                    /home/jhbu228/.m2/repository/findbugs/annotations/1.0.0/annotations-1.0.0.jar
7f92e0695000-7f92e0696000 r--s 00001000 fc:01 4150580                    /home/jhbu228/.m2/repository/org/kohsuke/access-modifier-annotation/1.4/access-modifier-annotation-1.4.jar
7f92e0696000-7f92e069d000 r--s 0003a000 fc:01 3893124                    /home/jhbu228/.m2/repository/commons-codec/commons-codec/1.8/commons-codec-1.8.jar
7f92e069d000-7f92e069f000 r--s 00000000 fc:01 4150588                    /home/jhbu228/.m2/repository/org/jvnet/robust-http-client/robust-http-client/1.2/robust-http-client-1.2.jar
7f92e069f000-7f92e06a0000 r--s 00001000 fc:01 4150584                    /home/jhbu228/.m2/repository/org/kohsuke/metainf-services/metainf-services/1.4/metainf-services-1.4.jar
7f92e06a0000-7f92e06a7000 r--s 0005b000 fc:01 4150583                    /home/jhbu228/.m2/repository/org/samba/jcifs/jcifs/1.3.17-kohsuke-1/jcifs-1.3.17-kohsuke-1.jar
7f92e06a7000-7f92e06aa000 r--s 0001a000 fc:01 4150581                    /home/jhbu228/.m2/repository/org/kohsuke/jinterop/j-interopdeps/2.0.6-kohsuke-1/j-interopdeps-2.0.6-kohsuke-1.jar
7f92e06aa000-7f92e06b0000 r--s 00059000 fc:01 4150547                    /home/jhbu228/.m2/repository/org/kohsuke/jinterop/j-interop/2.0.6-kohsuke-1/j-interop-2.0.6-kohsuke-1.jar
7f92e06b0000-7f92e06b2000 r--s 00006000 fc:01 4148371                    /home/jhbu228/.m2/repository/net/java/sezpoz/sezpoz/1.9/sezpoz-1.9.jar
7f92e06b2000-7f92e06b3000 r--s 00001000 fc:01 4150579                    /home/jhbu228/.m2/repository/com/sun/solaris/embedded_su4j/1.1/embedded_su4j-1.1.jar
7f92e06b3000-7f92e06b6000 r--s 0000d000 fc:01 4150574                    /home/jhbu228/.m2/repository/org/jvnet/libzfs/libzfs/0.5/libzfs-0.5.jar
7f92e06b6000-7f92e06b7000 r--s 00004000 fc:01 4150573                    /home/jhbu228/.m2/repository/org/kohsuke/libpam4j/1.8/libpam4j-1.8.jar
7f92e06b7000-7f92e06b8000 r--s 00004000 fc:01 4150570                    /home/jhbu228/.m2/repository/org/kohsuke/akuma/1.9/akuma-1.9.jar
7f92e06b8000-7f92e06bc000 r--s 000dc000 fc:01 4150569                    /home/jhbu228/.m2/repository/net/java/dev/jna/jna/4.1.0/jna-4.1.0.jar
7f92e06bc000-7f92e06c2000 r--s 0005a000 fc:01 4150568                    /home/jhbu228/.m2/repository/org/jenkins-ci/jmdns/3.4.0-jenkins-3/jmdns-3.4.0-jenkins-3.jar
7f92e06c2000-7f92e06c4000 r--s 00005000 fc:01 4150564                    /home/jhbu228/.m2/repository/stax/stax-api/1.0.1/stax-api-1.0.1.jar
7f92e06c4000-7f92e06ca000 r--s 0007a000 fc:01 4150563                    /home/jhbu228/.m2/repository/org/codehaus/woodstox/wstx-asl/3.2.9/wstx-asl-3.2.9.jar
7f92e06ca000-7f92e06cc000 r--s 00003000 fc:01 4150562                    /home/jhbu228/.m2/repository/org/jenkins-ci/memory-monitor/1.9/memory-monitor-1.9.jar
7f92e06cc000-7f92e06ce000 r--s 00004000 fc:01 4150561                    /home/jhbu228/.m2/repository/org/jvnet/winp/winp/1.22/winp-1.22.jar
7f92e06ce000-7f92e06dc000 r--s 0007f000 fc:01 3880452                    /home/jhbu228/.m2/repository/commons-collections/commons-collections/3.2.1/commons-collections-3.2.1.jar
7f92e06dc000-7f92e06dd000 r--s 00004000 fc:01 4150560                    /home/jhbu228/.m2/repository/relaxngDatatype/relaxngDatatype/20020414/relaxngDatatype-20020414.jar
7f92e06dd000-7f92e06df000 r--s 00004000 fc:01 4150554                    /home/jhbu228/.m2/repository/javax/xml/stream/stax-api/1.0-2/stax-api-1.0-2.jar
7f92e06df000-7f92e06e2000 r--s 0000e000 fc:01 4150552                    /home/jhbu228/.m2/repository/com/sun/xml/txw2/txw2/20110809/txw2-20110809.jar
7f92e06e2000-7f92e06e4000 r--s 0000e000 fc:01 4150551                    /home/jhbu228/.m2/repository/commons-logging/commons-logging/1.1.3/commons-logging-1.1.3.jar
7f92e06e4000-7f92e06e6000 r--s 00003000 fc:01 3893122                    /home/jhbu228/.m2/repository/javax/servlet/jstl/1.1.0/jstl-1.1.0.jar
7f92e06e6000-7f92e06e8000 r--s 00003000 fc:01 4149369                    /home/jhbu228/.m2/repository/org/powermock/powermock-api-support/1.5.6/powermock-api-support-1.5.6.jar
7f92e06e8000-7f92e0709000 r--s 00162000 fc:01 4149365                    /home/jhbu228/.m2/repository/org/mockito/mockito-all/1.9.5/mockito-all-1.9.5.jar
7f92e0709000-7f92e070c000 r--s 0000f000 fc:01 4149364                    /home/jhbu228/.m2/repository/org/powermock/powermock-api-mockito/1.5.6/powermock-api-mockito-1.5.6.jar
7f92e070c000-7f92e070e000 r--s 00009000 fc:01 4149359                    /home/jhbu228/.m2/repository/org/powermock/powermock-reflect/1.5.6/powermock-reflect-1.5.6.jar
7f92e070e000-7f92e0718000 r--s 000a5000 fc:01 4149357                    /home/jhbu228/.m2/repository/org/javassist/javassist/3.18.2-GA/javassist-3.18.2-GA.jar
7f92e0718000-7f92e071b000 r--s 00012000 fc:01 4149355                    /home/jhbu228/.m2/repository/org/powermock/powermock-core/1.5.6/powermock-core-1.5.6.jar
7f92e071b000-7f92e071d000 r--s 00002000 fc:01 4149353                    /home/jhbu228/.m2/repository/org/powermock/powermock-module-junit4-common/1.5.6/powermock-module-junit4-common-1.5.6.jar
7f92e071d000-7f92e071e000 r--s 00005000 fc:01 4149351                    /home/jhbu228/.m2/repository/org/powermock/powermock-module-junit4/1.5.6/powermock-module-junit4-1.5.6.jar
7f92e071e000-7f92e0720000 r--s 00005000 fc:01 4150548                    /home/jhbu228/.m2/repository/org/objenesis/objenesis/1.0/objenesis-1.0.jar
7f92e0720000-7f92e073f000 r--s 00150000 fc:01 4150533                    /home/jhbu228/.m2/repository/org/mockito/mockito-core/1.9.5/mockito-core-1.9.5.jar
7f92e073f000-7f92e0741000 r--s 00009000 fc:01 3878037                    /home/jhbu228/.m2/repository/org/hamcrest/hamcrest-core/1.3/hamcrest-core-1.3.jar
7f92e0741000-7f92e0747000 r--s 00036000 fc:01 3878035                    /home/jhbu228/.m2/repository/junit/junit/4.11/junit-4.11.jar
7f92e0747000-7f92e074a000 r--s 0001b000 fc:01 4150544                    /home/jhbu228/.m2/repository/xpp3/xpp3/1.1.4c/xpp3-1.1.4c.jar
7f92e074a000-7f92e0752000 r--s 00048000 fc:01 4150542                    /home/jhbu228/.m2/repository/org/springframework/spring-aop/2.5.6.SEC03/spring-aop-2.5.6.SEC03.jar
7f92e0752000-7f92e0758000 r--s 00040000 fc:01 4150541                    /home/jhbu228/.m2/repository/org/springframework/spring-core/2.5.6.SEC03/spring-core-2.5.6.SEC03.jar
7f92e0758000-7f92e075d000 r--s 0002b000 fc:01 4150540                    /home/jhbu228/.m2/repository/org/springframework/spring-web/2.5.6.SEC03/spring-web-2.5.6.SEC03.jar
7f92e075d000-7f92e0760000 r--s 00015000 fc:01 4150536                    /home/jhbu228/.m2/repository/org/springframework/spring-context-support/2.5.6.SEC03/spring-context-support-2.5.6.SEC03.jar
7f92e0760000-7f92e076c000 r--s 00069000 fc:01 4150527                    /home/jhbu228/.m2/repository/org/springframework/spring-context/2.5.6.SEC03/spring-context-2.5.6.SEC03.jar
7f92e076c000-7f92e0776000 r--s 0006e000 fc:01 4150534                    /home/jhbu228/.m2/repository/org/springframework/spring-beans/2.5.6.SEC03/spring-beans-2.5.6.SEC03.jar
7f92e0776000-7f92e077f000 r--s 0005a000 fc:01 4150470                    /home/jhbu228/.m2/repository/org/springframework/spring-webmvc/2.5.6.SEC03/spring-webmvc-2.5.6.SEC03.jar
7f92e077f000-7f92e0781000 r--s 0001a000 fc:01 4150528                    /home/jhbu228/.m2/repository/org/fusesource/jansi/jansi/1.9/jansi-1.9.jar
7f92e0781000-7f92e0783000 r--s 00014000 fc:01 4148284                    /home/jhbu228/.m2/repository/jline/jline/0.9.94/jline-0.9.94.jar
7f92e0783000-7f92e07e1000 r--s 00592000 fc:01 4150530                    /home/jhbu228/.m2/repository/org/codehaus/groovy/groovy-all/1.8.9/groovy-all-1.8.9.jar
7f92e07e1000-7f92e07e9000 r--s 0004f000 fc:01 4148921                    /home/jhbu228/.m2/repository/log4j/log4j/1.2.9/log4j-1.2.9.jar
7f92e07e9000-7f92e07eb000 r--s 0000e000 fc:01 3880390                    /home/jhbu228/.m2/repository/oro/oro/2.0.8/oro-2.0.8.jar
7f92e07eb000-7f92e07ef000 r--s 00014000 fc:01 4150526                    /home/jhbu228/.m2/repository/org/springframework/spring-dao/1.2.9/spring-dao-1.2.9.jar
7f92e07ef000-7f92e07f4000 r--s 00029000 fc:01 4150525                    /home/jhbu228/.m2/repository/org/springframework/spring-jdbc/1.2.9/spring-jdbc-1.2.9.jar
7f92e07f4000-7f92e0801000 r--s 00079000 fc:01 4150508                    /home/jhbu228/.m2/repository/org/acegisecurity/acegi-security/1.0.7/acegi-security-1.0.7.jar
7f92e0801000-7f92e0805000 r--s 0001f000 fc:01 4150520                    /home/jhbu228/.m2/repository/org/jenkins-ci/commons-jexl/1.1-jenkins-20111212/commons-jexl-1.1-jenkins-20111212.jar
7f92e0805000-7f92e0807000 r--s 00004000 fc:01 4150521                    /home/jhbu228/.m2/repository/org/jvnet/hudson/commons-jelly-tags-define/1.0.1-hudson-20071021/commons-jelly-tags-define-1.0.1-hudson-20071021.jar
7f92e0807000-7f92e0809000 r--s 00008000 fc:01 4150498                    /home/jhbu228/.m2/repository/commons-jelly/commons-jelly-tags-xml/1.1/commons-jelly-tags-xml-1.1.jar
7f92e0809000-7f92e080a000 r--s 00005000 fc:01 4150515                    /home/jhbu228/.m2/repository/commons-jelly/commons-jelly-tags-fmt/1.0/commons-jelly-tags-fmt-1.0.jar
7f92e080a000-7f92e0810000 r--s 00035000 fc:01 4150511                    /home/jhbu228/.m2/repository/jaxen/jaxen/1.1-beta-11/jaxen-1.1-beta-11.jar
7f92e0810000-7f92e0812000 r--s 00010000 fc:01 4150510                    /home/jhbu228/.m2/repository/org/jvnet/hudson/activation/1.1.1-hudson-1/activation-1.1.1-hudson-1.jar
7f92e0812000-7f92e0819000 r--s 00072000 fc:01 4150509                    /home/jhbu228/.m2/repository/javax/mail/mail/1.4.4/mail-1.4.4.jar
7f92e0819000-7f92e0820000 r--s 00056000 fc:01 4150506                    /home/jhbu228/.m2/repository/org/apache/commons/commons-compress/1.9/commons-compress-1.9.jar
7f92e0820000-7f92e0825000 r--s 00034000 fc:01 4150449                    /home/jhbu228/.m2/repository/commons-beanutils/commons-beanutils/1.8.3/commons-beanutils-1.8.3.jar
7f92e0825000-7f92e082b000 r--s 0002b000 fc:01 3893120                    /home/jhbu228/.m2/repository/commons-digester/commons-digester/2.1/commons-digester-2.1.jar
7f92e082b000-7f92e0830000 r--s 00041000 fc:01 4148424                    /home/jhbu228/.m2/repository/commons-lang/commons-lang/2.6/commons-lang-2.6.jar
7f92e0830000-7f92e0834000 r--s 0002a000 fc:01 3880914                    /home/jhbu228/.m2/repository/commons-io/commons-io/2.4/commons-io-2.4.jar
7f92e0834000-7f92e0836000 r--s 00016000 fc:01 4148924                    /home/jhbu228/.m2/repository/javax/servlet/servlet-api/2.4/servlet-api-2.4.jar
7f92e0836000-7f92e0837000 r--s 00004000 fc:01 4150500                    /home/jhbu228/.m2/repository/org/apache/ant/ant-launcher/1.8.4/ant-launcher-1.8.4.jar
7f92e0837000-7f92e0855000 r--s 001bd000 fc:01 4150499                    /home/jhbu228/.m2/repository/org/apache/ant/ant/1.8.4/ant-1.8.4.jar
7f92e0855000-7f92e085b000 r--s 00046000 fc:01 4150497                    /home/jhbu228/.m2/repository/jfree/jcommon/1.0.12/jcommon-1.0.12.jar
7f92e085b000-7f92e086a000 r--s 0012d000 fc:01 4150495                    /home/jhbu228/.m2/repository/jfree/jfreechart/1.0.9/jfreechart-1.0.9.jar
7f92e086a000-7f92e0878000 r--s 00075000 fc:01 4150493                    /home/jhbu228/.m2/repository/org/jvnet/hudson/xstream/1.4.7-jenkins-1/xstream-1.4.7-jenkins-1.jar
7f92e0878000-7f92e087e000 r--s 00067000 fc:01 3893118                    /home/jhbu228/.m2/repository/antlr/antlr/2.7.6/antlr-2.7.6.jar
7f92e087e000-7f92e087f000 r--s 00001000 fc:01 4149374                    /home/jhbu228/.m2/repository/org/jvnet/localizer/localizer/1.23/localizer-1.23.jar
7f92e087f000-7f92e0880000 r--s 00004000 fc:01 4150491                    /home/jhbu228/.m2/repository/org/jenkins-ci/task-reactor/1.4/task-reactor-1.4.jar
7f92e0880000-7f92e0885000 r--s 00058000 fc:01 4150490                    /home/jhbu228/.m2/repository/org/kohsuke/asm5/5.0.1/asm5-5.0.1.jar
7f92e0885000-7f92e0887000 r--s 00005000 fc:01 4150489                    /home/jhbu228/.m2/repository/org/jenkins-ci/bytecode-compatibility-transformer/1.5/bytecode-compatibility-transformer-1.5.jar
7f92e0887000-7f92e0888000 r--s 00003000 fc:01 4150484                    /home/jhbu228/.m2/repository/org/jenkins-ci/annotation-indexer/1.7/annotation-indexer-1.7.jar
7f92e0888000-7f92e088b000 r--s 00013000 fc:01 4150483                    /home/jhbu228/.m2/repository/args4j/args4j/2.0.31/args4j-2.0.31.jar
7f92e088b000-7f92e0891000 r--s 00045000 fc:01 4150482                    /home/jhbu228/.m2/repository/commons-httpclient/commons-httpclient/3.1/commons-httpclient-3.1.jar
7f92e0891000-7f92e0894000 r--s 00013000 fc:01 4150481                    /home/jhbu228/.m2/repository/net/sf/ezmorph/ezmorph/1.0.6/ezmorph-1.0.6.jar
7f92e0894000-7f92e0897000 r--s 00020000 fc:01 4150480                    /home/jhbu228/.m2/repository/org/kohsuke/stapler/json-lib/2.4-jenkins-2/json-lib-2.4-jenkins-2.jar
7f92e0897000-7f92e0898000 r--s 00000000 fc:01 4150474                    /home/jhbu228/.m2/repository/com/infradna/tool/bridge-method-annotation/1.13/bridge-method-annotation-1.13.jar
7f92e0898000-7f92e089b000 r--s 0002d000 fc:01 4150473                    /home/jhbu228/.m2/repository/org/kohsuke/stapler/stapler-adjunct-timeline/1.4/stapler-adjunct-timeline-1.4-tests.jar
7f92e089b000-7f92e08a1000 r--s 0003e000 fc:01 4150471                    /home/jhbu228/.m2/repository/org/kohsuke/stapler/stapler-adjunct-codemirror/1.3/stapler-adjunct-codemirror-1.3.jar
7f92e08a1000-7f92e08a5000 r--s 00025000 fc:01 4150434                    /home/jhbu228/.m2/repository/org/kohsuke/stapler/stapler-adjunct-timeline/1.4/stapler-adjunct-timeline-1.4.jar
7f92e08a5000-7f92e08a6000 r--s 00004000 fc:01 4150469                    /home/jhbu228/.m2/repository/org/kohsuke/stapler/stapler-adjunct-zeroclipboard/1.3.5-1/stapler-adjunct-zeroclipboard-1.3.5-1.jar
7f92e08a6000-7f92e08a8000 r--s 00000000 fc:01 4150464                    /home/jhbu228/.m2/repository/org/kohsuke/windows-package-checker/1.0/windows-package-checker-1.0.jar
7f92e08a8000-7f92e08aa000 r--s 00003000 fc:01 4150463                    /home/jhbu228/.m2/repository/org/jvnet/tiger-types/1.3/tiger-types-1.3.jar
7f92e08aa000-7f92e08ad000 r--s 00010000 fc:01 4147370                    /home/jhbu228/.m2/repository/commons-discovery/commons-discovery/0.4/commons-discovery-0.4.jar
7f92e08ad000-7f92e08af000 r--s 00005000 fc:01 4150462                    /home/jhbu228/.m2/repository/javax/annotation/javax.annotation-api/1.2/javax.annotation-api-1.2.jar
7f92e08af000-7f92e08b6000 r--s 0004f000 fc:01 4150461                    /home/jhbu228/.m2/repository/org/kohsuke/stapler/stapler/1.236/stapler-1.236.jar
7f92e08b6000-7f92e08bb000 r--s 0003a000 fc:01 4150455                    /home/jhbu228/.m2/repository/org/jenkins-ci/dom4j/dom4j/1.6.1-jenkins-4/dom4j-1.6.1-jenkins-4.jar
7f92e08bb000-7f92e08bf000 r--s 00026000 fc:01 4150454                    /home/jhbu228/.m2/repository/org/jenkins-ci/commons-jelly/1.1-jenkins-20120928/commons-jelly-1.1-jenkins-20120928.jar
7f92e08bf000-7f92e08c2000 r--s 00013000 fc:01 4150450                    /home/jhbu228/.m2/repository/org/kohsuke/stapler/stapler-jelly/1.236/stapler-jelly-1.236.jar
7f92e08c2000-7f92e08c4000 r--s 00007000 fc:01 4150440                    /home/jhbu228/.m2/repository/org/kohsuke/stapler/stapler-groovy/1.236/stapler-groovy-1.236.jar
7f92e08c4000-7f92e08c9000 r--s 0003c000 fc:01 4150448                    /home/jhbu228/.m2/repository/org/jenkins-ci/trilead-ssh2/build217-jenkins-8/trilead-ssh2-build217-jenkins-8.jar
7f92e08c9000-7f92e08ce000 r--s 00048000 fc:01 4150445                    /home/jhbu228/.m2/repository/com/github/jnr/jnr-constants/0.8.5/jnr-constants-0.8.5.jar
7f92e08ce000-7f92e08d1000 r--s 00033000 fc:01 4150441                    /home/jhbu228/.m2/repository/com/github/jnr/jnr-x86asm/1.0.2/jnr-x86asm-1.0.2.jar
7f92e08d1000-7f92e08e8000 r-xp 00000000 fc:01 1817044                    /usr/lib/jvm/java-8-openjdk-amd64/jre/lib/amd64/libnet.so
7f92e08e8000-7f92e0ae8000 ---p 00017000 fc:01 1817044                    /usr/lib/jvm/java-8-openjdk-amd64/jre/lib/amd64/libnet.so
7f92e0ae8000-7f92e0ae9000 r--p 00017000 fc:01 1817044                    /usr/lib/jvm/java-8-openjdk-amd64/jre/lib/amd64/libnet.so
7f92e0ae9000-7f92e0aea000 rw-p 00018000 fc:01 1817044                    /usr/lib/jvm/java-8-openjdk-amd64/jre/lib/amd64/libnet.so
7f92e0aea000-7f92e0afc000 r-xp 00000000 fc:01 1817045                    /usr/lib/jvm/java-8-openjdk-amd64/jre/lib/amd64/libnio.so
7f92e0afc000-7f92e0cfb000 ---p 00012000 fc:01 1817045                    /usr/lib/jvm/java-8-openjdk-amd64/jre/lib/amd64/libnio.so
7f92e0cfb000-7f92e0cfc000 r--p 00011000 fc:01 1817045                    /usr/lib/jvm/java-8-openjdk-amd64/jre/lib/amd64/libnio.so
7f92e0cfc000-7f92e0cfd000 rw-p 00012000 fc:01 1817045                    /usr/lib/jvm/java-8-openjdk-amd64/jre/lib/amd64/libnio.so
7f92e0cfd000-7f92e0cfe000 ---p 00000000 00:00 0 
7f92e0cfe000-7f92e0dfe000 rw-p 00000000 00:00 0 
7f92e0dfe000-7f92e0e01000 ---p 00000000 00:00 0 
7f92e0e01000-7f92e0eff000 rw-p 00000000 00:00 0 
7f92e0eff000-7f92e0f00000 ---p 00000000 00:00 0 
7f92e0f00000-7f92e0f03000 ---p 00000000 00:00 0 
7f92e0f03000-7f92e1000000 rw-p 00000000 00:00 0 
7f92e1000000-7f92e1e70000 rwxp 00000000 00:00 0 
7f92e1e70000-7f92f0000000 ---p 00000000 00:00 0 
7f92f0000000-7f92f105f000 rw-p 00000000 00:00 0 
7f92f105f000-7f92f4000000 ---p 00000000 00:00 0 
7f92f4000000-7f92f4001000 r--s 00001000 fc:01 4150456                    /home/jhbu228/.m2/repository/org/kohsuke/stapler/stapler-jrebel/1.236/stapler-jrebel-1.236.jar
7f92f4001000-7f92f4002000 r--s 00001000 fc:01 4150447                    /home/jhbu228/.m2/repository/org/kohsuke/trilead-putty-extension/1.2/trilead-putty-extension-1.2.jar
7f92f4002000-7f92f4004000 r--s 00008000 fc:01 4150439                    /home/jhbu228/.m2/repository/org/ow2/asm/asm-util/4.0/asm-util-4.0.jar
7f92f4004000-7f92f4006000 r--s 00004000 fc:01 4150437                    /home/jhbu228/.m2/repository/org/ow2/asm/asm-tree/4.0/asm-tree-4.0.jar
7f92f4006000-7f92f4007000 r--s 00004000 fc:01 4150436                    /home/jhbu228/.m2/repository/org/ow2/asm/asm-analysis/4.0/asm-analysis-4.0.jar
7f92f4007000-7f92f4009000 r--s 00008000 fc:01 4150435                    /home/jhbu228/.m2/repository/org/ow2/asm/asm-commons/4.0/asm-commons-4.0.jar
7f92f4009000-7f92f400b000 r--s 0000a000 fc:01 3893116                    /home/jhbu228/.m2/repository/org/ow2/asm/asm/4.0/asm-4.0.jar
7f92f400b000-7f92f400d000 r--s 0005d000 fc:01 4150430                    /home/jhbu228/.m2/repository/com/github/jnr/jffi/1.2.7/jffi-1.2.7-native.jar
7f92f400d000-7f92f4011000 r--s 00020000 fc:01 4150409                    /home/jhbu228/.m2/repository/com/github/jnr/jffi/1.2.7/jffi-1.2.7.jar
7f92f4011000-7f92f4021000 r--s 0008e000 fc:01 4150429                    /home/jhbu228/.m2/repository/com/github/jnr/jnr-ffi/1.0.7/jnr-ffi-1.0.7.jar
7f92f4021000-7f92f4025000 r--s 00023000 fc:01 4150425                    /home/jhbu228/.m2/repository/com/github/jnr/jnr-posix/3.0.1/jnr-posix-3.0.1.jar
7f92f4025000-7f92f4028000 r--s 00014000 fc:01 4150424                    /home/jhbu228/.m2/repository/org/jruby/ext/posix/jna-posix/1.0.3-jenkins-1/jna-posix-1.0.3-jenkins-1.jar
7f92f4028000-7f92f402a000 r--s 00000000 fc:01 4150405                    /home/jhbu228/.m2/repository/aopalliance/aopalliance/1.0/aopalliance-1.0.jar
7f92f402a000-7f92f402b000 r--s 00000000 fc:01 4150421                    /home/jhbu228/.m2/repository/javax/inject/javax.inject/1/javax.inject-1.jar
7f92f402b000-7f92f404b000 r--s 0014c000 fc:01 4150420                    /home/jhbu228/.m2/repository/com/google/inject/guice/4.0-beta/guice-4.0-beta.jar
7f92f404b000-7f92f404c000 r--s 00000000 fc:01 4150412                    /home/jhbu228/.m2/repository/org/jenkins-ci/core-annotation-processors/1.0/core-annotation-processors-1.0.jar
7f92f404c000-7f92f404f000 r--s 0001c000 fc:01 4150410                    /home/jhbu228/.m2/repository/org/jvnet/hudson/jtidy/4aug2000r7-dev-hudson-1/jtidy-4aug2000r7-dev-hudson-1.jar
7f92f404f000-7f92f4051000 r--s 00000000 fc:01 4150414                    /home/jhbu228/.m2/repository/org/jenkins-ci/crypto-util/1.1/crypto-util-1.1.jar
7f92f4051000-7f92f4052000 r--s 00002000 fc:01 4150407                    /home/jhbu228/.m2/repository/org/jenkins-ci/version-number/1.1/version-number-1.1.jar
7f92f4052000-7f92f4054000 r--s 00008000 fc:01 4149567                    /home/jhbu228/CS498/mp3/jenkins/cli/target/cli-1.610-SNAPSHOT.jar
7f92f4054000-7f92f4055000 r--s 00003000 fc:01 4149373                    /home/jhbu228/.m2/repository/org/jenkins-ci/constant-pool-scanner/1.2/constant-pool-scanner-1.2.jar
7f92f4055000-7f92f405e000 r--s 0006c000 fc:01 4149370                    /home/jhbu228/.m2/repository/org/jenkins-ci/main/remoting/2.50/remoting-2.50.jar
7f92f405e000-7f92f4060000 r--s 00003000 fc:01 4150408                    /home/jhbu228/.m2/repository/org/jenkins-ci/plugins/icon-shim/icon-set/1.0.5/icon-set-1.0.5.jar
7f92f4060000-7f92f4064000 r--s 00021000 fc:01 4149514                    /home/jhbu228/.m2/repository/org/apache/maven/surefire/surefire-api/2.16/surefire-api-2.16.jar
7f92f4064000-7f92f4066000 r--s 00008000 fc:01 4149512                    /home/jhbu228/.m2/repository/org/apache/maven/surefire/surefire-booter/2.16/surefire-booter-2.16.jar
7f92f4066000-7f92f4067000 r--s 00003000 fc:01 4397054                    /home/jhbu228/CS498/mp3/jenkins/core/target/surefire/surefirebooter5180313765801527056.jar
7f92f4067000-7f92f406a000 r--s 0000f000 fc:01 1818085                    /usr/lib/jvm/java-8-openjdk-amd64/jre/lib/ext/icedtea-sound.jar
7f92f406a000-7f92f406e000 r--s 0003a000 fc:01 1822826                    /usr/lib/jvm/java-8-openjdk-amd64/jre/lib/ext/sunpkcs11.jar
7f92f406e000-7f92f4089000 r--s 001d6000 fc:01 1820035                    /usr/lib/jvm/java-8-openjdk-amd64/jre/lib/ext/nashorn.jar
7f92f4089000-7f92f4093000 r--s 00117000 fc:01 1818087                    /usr/lib/jvm/java-8-openjdk-amd64/jre/lib/ext/localedata.jar
7f92f4093000-7f92f4099000 r--s 0003d000 fc:01 1822825                    /usr/lib/jvm/java-8-openjdk-amd64/jre/lib/ext/sunjce_provider.jar
7f92f4099000-7f92f409a000 r--s 0000a000 fc:01 1818086                    /usr/lib/jvm/java-8-openjdk-amd64/jre/lib/ext/jaccess.jar
7f92f409a000-7f92f409c000 r--s 00007000 fc:01 76117                      /usr/share/java/java-atk-wrapper.jar
7f92f409c000-7f92f409e000 r--s 00001000 fc:01 1818084                    /usr/lib/jvm/java-8-openjdk-amd64/jre/lib/ext/dnsns.jar
7f92f409e000-7f92f40b9000 r--s 00394000 fc:01 1818074                    /usr/lib/jvm/java-8-openjdk-amd64/jre/lib/ext/cldrdata.jar
7f92f40b9000-7f92f40ba000 r--s 00010000 fc:01 1822922                    /usr/lib/jvm/java-8-openjdk-amd64/jre/lib/ext/zipfs.jar
7f92f40ba000-7f92f40bb000 r--s 0000d000 fc:01 1820037                    /usr/lib/jvm/java-8-openjdk-amd64/jre/lib/ext/sunec.jar
7f92f40bb000-7f92f40bc000 ---p 00000000 00:00 0 
7f92f40bc000-7f92f40bf000 ---p 00000000 00:00 0 
7f92f40bf000-7f92f41bc000 rw-p 00000000 00:00 0 
7f92f41bc000-7f92f41bf000 ---p 00000000 00:00 0 
7f92f41bf000-7f92f42bd000 rw-p 00000000 00:00 0 
7f92f42bd000-7f92f42ee000 r--p 00000000 fc:01 25818                      /usr/lib/locale/C.UTF-8/LC_CTYPE
7f92f42ee000-7f92f42ef000 r--p 00000000 fc:01 25824                      /usr/lib/locale/C.UTF-8/LC_NUMERIC
7f92f42ef000-7f92f42f0000 r--p 00000000 fc:01 25827                      /usr/lib/locale/C.UTF-8/LC_TIME
7f92f42f0000-7f92f4463000 r--p 00000000 fc:01 25817                      /usr/lib/locale/C.UTF-8/LC_COLLATE
7f92f4463000-7f92f4464000 r--p 00000000 fc:01 25822                      /usr/lib/locale/C.UTF-8/LC_MONETARY
7f92f4464000-7f92f4465000 r--p 00000000 fc:01 25821                      /usr/lib/locale/C.UTF-8/LC_MESSAGES/SYS_LC_MESSAGES
7f92f4465000-7f92f4466000 r--p 00000000 fc:01 25825                      /usr/lib/locale/C.UTF-8/LC_PAPER
7f92f4466000-7f92f4601000 r--p 00000000 fc:01 38854                      /usr/lib/locale/locale-archive
7f92f4601000-7f92f4604000 ---p 00000000 00:00 0 
7f92f4604000-7f92f4702000 rw-p 00000000 00:00 0 
7f92f4702000-7f92f4705000 ---p 00000000 00:00 0 
7f92f4705000-7f92f4803000 rw-p 00000000 00:00 0 
7f92f4803000-7f92f4804000 ---p 00000000 00:00 0 
7f92f4804000-7f92f525b000 rw-p 00000000 00:00 0 
7f92f525b000-7f92f542d000 r--s 03ca8000 fc:01 1822945                    /usr/lib/jvm/java-8-openjdk-amd64/jre/lib/rt.jar
7f92f542d000-7f92f5e1b000 rw-p 00000000 00:00 0 
7f92f5e1b000-7f92f5e1c000 ---p 00000000 00:00 0 
7f92f5e1c000-7f92f5f1c000 rw-p 00000000 00:00 0 
7f92f5f1c000-7f92f5f1d000 ---p 00000000 00:00 0 
7f92f5f1d000-7f92f602f000 rw-p 00000000 00:00 0 
7f92f602f000-7f92f6167000 ---p 00000000 00:00 0 
7f92f6167000-7f92f6179000 rw-p 00000000 00:00 0 
7f92f6179000-7f92f62b0000 ---p 00000000 00:00 0 
7f92f62b0000-7f92f6332000 rw-p 00000000 00:00 0 
7f92f6332000-7f92f6355000 ---p 00000000 00:00 0 
7f92f6355000-7f92f6390000 rw-p 00000000 00:00 0 
7f92f6390000-7f92f6716000 ---p 00000000 00:00 0 
7f92f6716000-7f92f671e000 r-xp 00000000 fc:01 1817052                    /usr/lib/jvm/java-8-openjdk-amd64/jre/lib/amd64/libzip.so
7f92f671e000-7f92f691d000 ---p 00008000 fc:01 1817052                    /usr/lib/jvm/java-8-openjdk-amd64/jre/lib/amd64/libzip.so
7f92f691d000-7f92f691e000 r--p 00007000 fc:01 1817052                    /usr/lib/jvm/java-8-openjdk-amd64/jre/lib/amd64/libzip.so
7f92f691e000-7f92f691f000 rw-p 00008000 fc:01 1817052                    /usr/lib/jvm/java-8-openjdk-amd64/jre/lib/amd64/libzip.so
7f92f691f000-7f92f692a000 r-xp 00000000 fc:01 47531                      /lib/x86_64-linux-gnu/libnss_files-2.27.so
7f92f692a000-7f92f6b29000 ---p 0000b000 fc:01 47531                      /lib/x86_64-linux-gnu/libnss_files-2.27.so
7f92f6b29000-7f92f6b2a000 r--p 0000a000 fc:01 47531                      /lib/x86_64-linux-gnu/libnss_files-2.27.so
7f92f6b2a000-7f92f6b2b000 rw-p 0000b000 fc:01 47531                      /lib/x86_64-linux-gnu/libnss_files-2.27.so
7f92f6b2b000-7f92f6b31000 rw-p 00000000 00:00 0 
7f92f6b31000-7f92f6b48000 r-xp 00000000 fc:01 30395                      /lib/x86_64-linux-gnu/libnsl-2.27.so
7f92f6b48000-7f92f6d47000 ---p 00017000 fc:01 30395                      /lib/x86_64-linux-gnu/libnsl-2.27.so
7f92f6d47000-7f92f6d48000 r--p 00016000 fc:01 30395                      /lib/x86_64-linux-gnu/libnsl-2.27.so
7f92f6d48000-7f92f6d49000 rw-p 00017000 fc:01 30395                      /lib/x86_64-linux-gnu/libnsl-2.27.so
7f92f6d49000-7f92f6d4b000 rw-p 00000000 00:00 0 
7f92f6d4b000-7f92f6d56000 r-xp 00000000 fc:01 47534                      /lib/x86_64-linux-gnu/libnss_nis-2.27.so
7f92f6d56000-7f92f6f55000 ---p 0000b000 fc:01 47534                      /lib/x86_64-linux-gnu/libnss_nis-2.27.so
7f92f6f55000-7f92f6f56000 r--p 0000a000 fc:01 47534                      /lib/x86_64-linux-gnu/libnss_nis-2.27.so
7f92f6f56000-7f92f6f57000 rw-p 0000b000 fc:01 47534                      /lib/x86_64-linux-gnu/libnss_nis-2.27.so
7f92f6f57000-7f92f6f5f000 r-xp 00000000 fc:01 47527                      /lib/x86_64-linux-gnu/libnss_compat-2.27.so
7f92f6f5f000-7f92f715f000 ---p 00008000 fc:01 47527                      /lib/x86_64-linux-gnu/libnss_compat-2.27.so
7f92f715f000-7f92f7160000 r--p 00008000 fc:01 47527                      /lib/x86_64-linux-gnu/libnss_compat-2.27.so
7f92f7160000-7f92f7161000 rw-p 00009000 fc:01 47527                      /lib/x86_64-linux-gnu/libnss_compat-2.27.so
7f92f7161000-7f92f718b000 r-xp 00000000 fc:01 1817015                    /usr/lib/jvm/java-8-openjdk-amd64/jre/lib/amd64/libjava.so
7f92f718b000-7f92f738a000 ---p 0002a000 fc:01 1817015                    /usr/lib/jvm/java-8-openjdk-amd64/jre/lib/amd64/libjava.so
7f92f738a000-7f92f738b000 r--p 00029000 fc:01 1817015                    /usr/lib/jvm/java-8-openjdk-amd64/jre/lib/amd64/libjava.so
7f92f738b000-7f92f738d000 rw-p 0002a000 fc:01 1817015                    /usr/lib/jvm/java-8-openjdk-amd64/jre/lib/amd64/libjava.so
7f92f738d000-7f92f739d000 r-xp 00000000 fc:01 1817051                    /usr/lib/jvm/java-8-openjdk-amd64/jre/lib/amd64/libverify.so
7f92f739d000-7f92f759c000 ---p 00010000 fc:01 1817051                    /usr/lib/jvm/java-8-openjdk-amd64/jre/lib/amd64/libverify.so
7f92f759c000-7f92f759e000 r--p 0000f000 fc:01 1817051                    /usr/lib/jvm/java-8-openjdk-amd64/jre/lib/amd64/libverify.so
7f92f759e000-7f92f759f000 rw-p 00011000 fc:01 1817051                    /usr/lib/jvm/java-8-openjdk-amd64/jre/lib/amd64/libverify.so
7f92f759f000-7f92f75a6000 r-xp 00000000 fc:01 47547                      /lib/x86_64-linux-gnu/librt-2.27.so
7f92f75a6000-7f92f77a5000 ---p 00007000 fc:01 47547                      /lib/x86_64-linux-gnu/librt-2.27.so
7f92f77a5000-7f92f77a6000 r--p 00006000 fc:01 47547                      /lib/x86_64-linux-gnu/librt-2.27.so
7f92f77a6000-7f92f77a7000 rw-p 00007000 fc:01 47547                      /lib/x86_64-linux-gnu/librt-2.27.so
7f92f77a7000-7f92f77be000 r-xp 00000000 fc:01 15773                      /lib/x86_64-linux-gnu/libgcc_s.so.1
7f92f77be000-7f92f79bd000 ---p 00017000 fc:01 15773                      /lib/x86_64-linux-gnu/libgcc_s.so.1
7f92f79bd000-7f92f79be000 r--p 00016000 fc:01 15773                      /lib/x86_64-linux-gnu/libgcc_s.so.1
7f92f79be000-7f92f79bf000 rw-p 00017000 fc:01 15773                      /lib/x86_64-linux-gnu/libgcc_s.so.1
7f92f79bf000-7f92f7b5c000 r-xp 00000000 fc:01 29621                      /lib/x86_64-linux-gnu/libm-2.27.so
7f92f7b5c000-7f92f7d5b000 ---p 0019d000 fc:01 29621                      /lib/x86_64-linux-gnu/libm-2.27.so
7f92f7d5b000-7f92f7d5c000 r--p 0019c000 fc:01 29621                      /lib/x86_64-linux-gnu/libm-2.27.so
7f92f7d5c000-7f92f7d5d000 rw-p 0019d000 fc:01 29621                      /lib/x86_64-linux-gnu/libm-2.27.so
7f92f7d5d000-7f92f7ed6000 r-xp 00000000 fc:01 47831                      /usr/lib/x86_64-linux-gnu/libstdc++.so.6.0.25
7f92f7ed6000-7f92f80d6000 ---p 00179000 fc:01 47831                      /usr/lib/x86_64-linux-gnu/libstdc++.so.6.0.25
7f92f80d6000-7f92f80e0000 r--p 00179000 fc:01 47831                      /usr/lib/x86_64-linux-gnu/libstdc++.so.6.0.25
7f92f80e0000-7f92f80e2000 rw-p 00183000 fc:01 47831                      /usr/lib/x86_64-linux-gnu/libstdc++.so.6.0.25
7f92f80e2000-7f92f80e6000 rw-p 00000000 00:00 0 
7f92f80e6000-7f92f8d8e000 r-xp 00000000 fc:01 1817054                    /usr/lib/jvm/java-8-openjdk-amd64/jre/lib/amd64/server/libjvm.so
7f92f8d8e000-7f92f8f8e000 ---p 00ca8000 fc:01 1817054                    /usr/lib/jvm/java-8-openjdk-amd64/jre/lib/amd64/server/libjvm.so
7f92f8f8e000-7f92f9022000 r--p 00ca8000 fc:01 1817054                    /usr/lib/jvm/java-8-openjdk-amd64/jre/lib/amd64/server/libjvm.so
7f92f9022000-7f92f904b000 rw-p 00d3c000 fc:01 1817054                    /usr/lib/jvm/java-8-openjdk-amd64/jre/lib/amd64/server/libjvm.so
7f92f904b000-7f92f907b000 rw-p 00000000 00:00 0 
7f92f907b000-7f92f9095000 r-xp 00000000 fc:01 47544                      /lib/x86_64-linux-gnu/libpthread-2.27.so
7f92f9095000-7f92f9294000 ---p 0001a000 fc:01 47544                      /lib/x86_64-linux-gnu/libpthread-2.27.so
7f92f9294000-7f92f9295000 r--p 00019000 fc:01 47544                      /lib/x86_64-linux-gnu/libpthread-2.27.so
7f92f9295000-7f92f9296000 rw-p 0001a000 fc:01 47544                      /lib/x86_64-linux-gnu/libpthread-2.27.so
7f92f9296000-7f92f929a000 rw-p 00000000 00:00 0 
7f92f929a000-7f92f929d000 r-xp 00000000 fc:01 29619                      /lib/x86_64-linux-gnu/libdl-2.27.so
7f92f929d000-7f92f949c000 ---p 00003000 fc:01 29619                      /lib/x86_64-linux-gnu/libdl-2.27.so
7f92f949c000-7f92f949d000 r--p 00002000 fc:01 29619                      /lib/x86_64-linux-gnu/libdl-2.27.so
7f92f949d000-7f92f949e000 rw-p 00003000 fc:01 29619                      /lib/x86_64-linux-gnu/libdl-2.27.so
7f92f949e000-7f92f94ba000 r-xp 00000000 fc:01 2187                       /lib/x86_64-linux-gnu/libz.so.1.2.11
7f92f94ba000-7f92f96b9000 ---p 0001c000 fc:01 2187                       /lib/x86_64-linux-gnu/libz.so.1.2.11
7f92f96b9000-7f92f96ba000 r--p 0001b000 fc:01 2187                       /lib/x86_64-linux-gnu/libz.so.1.2.11
7f92f96ba000-7f92f96bb000 rw-p 0001c000 fc:01 2187                       /lib/x86_64-linux-gnu/libz.so.1.2.11
7f92f96bb000-7f92f98a2000 r-xp 00000000 fc:01 13724                      /lib/x86_64-linux-gnu/libc-2.27.so
7f92f98a2000-7f92f9aa2000 ---p 001e7000 fc:01 13724                      /lib/x86_64-linux-gnu/libc-2.27.so
7f92f9aa2000-7f92f9aa6000 r--p 001e7000 fc:01 13724                      /lib/x86_64-linux-gnu/libc-2.27.so
7f92f9aa6000-7f92f9aa8000 rw-p 001eb000 fc:01 13724                      /lib/x86_64-linux-gnu/libc-2.27.so
7f92f9aa8000-7f92f9aac000 rw-p 00000000 00:00 0 
7f92f9aac000-7f92f9aba000 r-xp 00000000 fc:01 1816974                    /usr/lib/jvm/java-8-openjdk-amd64/jre/lib/amd64/jli/libjli.so
7f92f9aba000-7f92f9cb9000 ---p 0000e000 fc:01 1816974                    /usr/lib/jvm/java-8-openjdk-amd64/jre/lib/amd64/jli/libjli.so
7f92f9cb9000-7f92f9cba000 r--p 0000d000 fc:01 1816974                    /usr/lib/jvm/java-8-openjdk-amd64/jre/lib/amd64/jli/libjli.so
7f92f9cba000-7f92f9cbb000 rw-p 0000e000 fc:01 1816974                    /usr/lib/jvm/java-8-openjdk-amd64/jre/lib/amd64/jli/libjli.so
7f92f9cbb000-7f92f9ce2000 r-xp 00000000 fc:01 13292                      /lib/x86_64-linux-gnu/ld-2.27.so
7f92f9ce2000-7f92f9ce3000 r--p 00000000 fc:01 25823                      /usr/lib/locale/C.UTF-8/LC_NAME
7f92f9ce3000-7f92f9ce4000 r--p 00000000 fc:01 25816                      /usr/lib/locale/C.UTF-8/LC_ADDRESS
7f92f9ce4000-7f92f9ce5000 r--p 00000000 fc:01 25826                      /usr/lib/locale/C.UTF-8/LC_TELEPHONE
7f92f9ce5000-7f92f9ce6000 r--p 00000000 fc:01 25820                      /usr/lib/locale/C.UTF-8/LC_MEASUREMENT
7f92f9ce6000-7f92f9db7000 rw-p 00000000 00:00 0 
7f92f9db7000-7f92f9db8000 ---p 00000000 00:00 0 
7f92f9db8000-7f92f9dbb000 ---p 00000000 00:00 0 
7f92f9dbb000-7f92f9eba000 rw-p 00000000 00:00 0 
7f92f9eba000-7f92f9ec1000 r--s 00000000 fc:01 48023                      /usr/lib/x86_64-linux-gnu/gconv/gconv-modules.cache
7f92f9ec1000-7f92f9ec2000 r--p 00000000 fc:01 25819                      /usr/lib/locale/C.UTF-8/LC_IDENTIFICATION
7f92f9ec2000-7f92f9ed6000 rw-p 00000000 00:00 0 
7f92f9ed6000-7f92f9ede000 rw-s 00000000 fc:01 3893154                    /tmp/hsperfdata_jhbu228/13886
7f92f9ede000-7f92f9edf000 rw-p 00000000 00:00 0 
7f92f9edf000-7f92f9ee0000 ---p 00000000 00:00 0 
7f92f9ee0000-7f92f9ee2000 rw-p 00000000 00:00 0 
7f92f9ee2000-7f92f9ee3000 r--p 00027000 fc:01 13292                      /lib/x86_64-linux-gnu/ld-2.27.so
7f92f9ee3000-7f92f9ee4000 rw-p 00028000 fc:01 13292                      /lib/x86_64-linux-gnu/ld-2.27.so
7f92f9ee4000-7f92f9ee5000 rw-p 00000000 00:00 0 
7fff316b8000-7fff316d9000 rw-p 00000000 00:00 0                          [stack]
7fff317a9000-7fff317ac000 r--p 00000000 00:00 0                          [vvar]
7fff317ac000-7fff317ae000 r-xp 00000000 00:00 0                          [vdso]
ffffffffff600000-ffffffffff601000 r-xp 00000000 00:00 0                  [vsyscall]

VM Arguments:
jvm_args: -XX:MaxPermSize=128m 
java_command: /home/jhbu228/CS498/mp3/jenkins/core/target/surefire/surefirebooter5180313765801527056.jar /home/jhbu228/CS498/mp3/jenkins/core/target/surefire/surefire1986700882450827118tmp /home/jhbu228/CS498/mp3/jenkins/core/target/surefire/surefire_03013034943986627357tmp
java_class_path (initial): /home/jhbu228/CS498/mp3/jenkins/core/target/surefire/surefirebooter5180313765801527056.jar
Launcher Type: SUN_STANDARD

Environment Variables:
JAVA_HOME=/usr/lib/jvm/java-8-openjdk-amd64
PATH=/usr/lib/jvm/java-8-openjdk-amd64/jre/bin:/usr/lib/jvm/java-8-openjdk-amd64/jre/bin:/usr/lib/jvm/java-11-openjdk-amd64/jre/bin:/usr/local/sbin:/usr/local/bin:/usr/sbin:/usr/bin:/sbin:/bin:/usr/games:/usr/local/games:/snap/bin
SHELL=/bin/bash

Signal Handlers:
SIGSEGV: [libjvm.so+0xabb430], sa_mask[0]=11111111011111111101111111111110, sa_flags=SA_RESTART|SA_SIGINFO
SIGBUS: [libjvm.so+0xabb430], sa_mask[0]=11111111011111111101111111111110, sa_flags=SA_RESTART|SA_SIGINFO
SIGFPE: [libjvm.so+0x8eb5b0], sa_mask[0]=11111111011111111101111111111110, sa_flags=SA_RESTART|SA_SIGINFO
SIGPIPE: [libjvm.so+0x8eb5b0], sa_mask[0]=11111111011111111101111111111110, sa_flags=SA_RESTART|SA_SIGINFO
SIGXFSZ: [libjvm.so+0x8eb5b0], sa_mask[0]=11111111011111111101111111111110, sa_flags=SA_RESTART|SA_SIGINFO
SIGILL: [libjvm.so+0x8eb5b0], sa_mask[0]=11111111011111111101111111111110, sa_flags=SA_RESTART|SA_SIGINFO
SIGUSR1: SIG_DFL, sa_mask[0]=00000000000000000000000000000000, sa_flags=none
SIGUSR2: [libjvm.so+0x8eb460], sa_mask[0]=00100000000000000000000000000000, sa_flags=SA_RESTART|SA_SIGINFO
SIGHUP: [libjvm.so+0x8ebad0], sa_mask[0]=11111111011111111101111111111110, sa_flags=SA_RESTART|SA_SIGINFO
SIGINT: [libjvm.so+0x8ebad0], sa_mask[0]=11111111011111111101111111111110, sa_flags=SA_RESTART|SA_SIGINFO
SIGTERM: [libjvm.so+0x8ebad0], sa_mask[0]=11111111011111111101111111111110, sa_flags=SA_RESTART|SA_SIGINFO
SIGQUIT: [libjvm.so+0x8ebad0], sa_mask[0]=11111111011111111101111111111110, sa_flags=SA_RESTART|SA_SIGINFO


---------------  S Y S T E M  ---------------

OS:DISTRIB_ID=Ubuntu
DISTRIB_RELEASE=18.04
DISTRIB_CODENAME=bionic
DISTRIB_DESCRIPTION="Ubuntu 18.04.5 LTS"

uname:Linux 4.15.0-112-generic #113-Ubuntu SMP Thu Jul 9 23:41:39 UTC 2020 x86_64
libc:glibc 2.27 NPTL 2.27 
rlimit: STACK 8192k, CORE 0k, NPROC 15517, NOFILE 1048576, AS infinity
load average:2.74 2.78 2.27

/proc/meminfo:
MemTotal:        4039144 kB
MemFree:          118136 kB
MemAvailable:      32328 kB
Buffers:             864 kB
Cached:            77280 kB
SwapCached:            0 kB
Active:          3638032 kB
Inactive:          71212 kB
Active(anon):    3632796 kB
Inactive(anon):    56992 kB
Active(file):       5236 kB
Inactive(file):    14220 kB
Unevictable:          48 kB
Mlocked:              48 kB
SwapTotal:             0 kB
SwapFree:              0 kB
Dirty:               104 kB
Writeback:             4 kB
AnonPages:       3631196 kB
Mapped:            71156 kB
Shmem:             58564 kB
Slab:             114388 kB
SReclaimable:      50140 kB
SUnreclaim:        64248 kB
KernelStack:       10896 kB
PageTables:        46908 kB
NFS_Unstable:          0 kB
Bounce:                0 kB
WritebackTmp:          0 kB
CommitLimit:     2019572 kB
Committed_AS:    7516756 kB
VmallocTotal:   34359738367 kB
VmallocUsed:           0 kB
VmallocChunk:          0 kB
HardwareCorrupted:     0 kB
AnonHugePages:         0 kB
ShmemHugePages:        0 kB
ShmemPmdMapped:        0 kB
CmaTotal:              0 kB
CmaFree:               0 kB
HugePages_Total:       0
HugePages_Free:        0
HugePages_Rsvd:        0
HugePages_Surp:        0
Hugepagesize:       2048 kB
DirectMap4k:      489328 kB
DirectMap2M:     3704832 kB
DirectMap1G:     2097152 kB

container (cgroup) information:
container_type: cgroupv1
cpu_cpuset_cpus: 0-1
cpu_memory_nodes: 0
active_processor_count: 2
cpu_quota: -1
cpu_period: 100000
cpu_shares: -1
memory_limit_in_bytes: -1
memory_and_swap_limit_in_bytes: -2
memory_soft_limit_in_bytes: -1
memory_usage_in_bytes: 3590680576
memory_max_usage_in_bytes: 3606016000


CPU:total 2 (initial active 2) (1 cores per cpu, 1 threads per core) family 6 model 85 stepping 4, cmov, cx8, fxsr, mmx, sse, sse2, sse3, ssse3, sse4.1, sse4.2, popcnt, avx, avx2, aes, clmul, erms, rtm, 3dnowpref, lzcnt, tsc, bmi1, bmi2, adx

/proc/cpuinfo:
processor	: 0
vendor_id	: GenuineIntel
cpu family	: 6
model		: 85
model name	: Intel Xeon Processor (Skylake, IBRS)
stepping	: 4
microcode	: 0x1
cpu MHz		: 2095.074
cache size	: 16384 KB
physical id	: 0
siblings	: 1
core id		: 0
cpu cores	: 1
apicid		: 0
initial apicid	: 0
fpu		: yes
fpu_exception	: yes
cpuid level	: 13
wp		: yes
flags		: fpu vme de pse tsc msr pae mce cx8 apic sep mtrr pge mca cmov pat pse36 clflush mmx fxsr sse sse2 ss syscall nx pdpe1gb rdtscp lm constant_tsc rep_good nopl xtopology cpuid tsc_known_freq pni pclmulqdq vmx ssse3 fma cx16 pcid sse4_1 sse4_2 x2apic movbe popcnt tsc_deadline_timer aes xsave avx f16c rdrand hypervisor lahf_lm abm 3dnowprefetch cpuid_fault invpcid_single pti ssbd ibrs ibpb tpr_shadow vnmi flexpriority ept vpid fsgsbase tsc_adjust bmi1 hle avx2 smep bmi2 erms invpcid rtm mpx avx512f avx512dq rdseed adx smap clflushopt clwb avx512cd avx512bw avx512vl xsaveopt xsavec xgetbv1 xsaves arat pku ospke md_clear
bugs		: cpu_meltdown spectre_v1 spectre_v2 spec_store_bypass l1tf mds swapgs taa itlb_multihit
bogomips	: 4190.14
clflush size	: 64
cache_alignment	: 64
address sizes	: 40 bits physical, 48 bits virtual
power management:

processor	: 1
vendor_id	: GenuineIntel
cpu family	: 6
model		: 85
model name	: Intel Xeon Processor (Skylake, IBRS)
stepping	: 4
microcode	: 0x1
cpu MHz		: 2095.074
cache size	: 16384 KB
physical id	: 1
siblings	: 1
core id		: 0
cpu cores	: 1
apicid		: 1
initial apicid	: 1
fpu		: yes
fpu_exception	: yes
cpuid level	: 13
wp		: yes
flags		: fpu vme de pse tsc msr pae mce cx8 apic sep mtrr pge mca cmov pat pse36 clflush mmx fxsr sse sse2 ss syscall nx pdpe1gb rdtscp lm constant_tsc rep_good nopl xtopology cpuid tsc_known_freq pni pclmulqdq vmx ssse3 fma cx16 pcid sse4_1 sse4_2 x2apic movbe popcnt tsc_deadline_timer aes xsave avx f16c rdrand hypervisor lahf_lm abm 3dnowprefetch cpuid_fault invpcid_single pti ssbd ibrs ibpb tpr_shadow vnmi flexpriority ept vpid fsgsbase tsc_adjust bmi1 hle avx2 smep bmi2 erms invpcid rtm mpx avx512f avx512dq rdseed adx smap clflushopt clwb avx512cd avx512bw avx512vl xsaveopt xsavec xgetbv1 xsaves arat pku ospke md_clear
bugs		: cpu_meltdown spectre_v1 spectre_v2 spec_store_bypass l1tf mds swapgs taa itlb_multihit
bogomips	: 4190.14
clflush size	: 64
cache_alignment	: 64
address sizes	: 40 bits physical, 48 bits virtual
power management:



Memory: 4k page, physical 4039144k(118136k free), swap 0k(0k free)

vm_info: OpenJDK 64-Bit Server VM (25.265-b01) for linux-amd64 JRE (1.8.0_265-8u265-b01-0ubuntu2~18.04-b01), built on Aug  3 2020 01:16:56 by "buildd" with gcc 7.5.0

time: Mon Oct 26 18:26:43 2020
timezone: EDT
elapsed time: 30 seconds (0d 0h 0m 30s)

