#
# There is insufficient memory for the Java Runtime Environment to continue.
# Native memory allocation (mmap) failed to map 67108864 bytes for committing reserved memory.
# Possible reasons:
#   The system is out of physical RAM or swap space
#   The process is running with CompressedOops enabled, and the Java Heap may be blocking the growth of the native heap
# Possible solutions:
#   Reduce memory load on the system
#   Increase physical memory or swap space
#   Check if swap backing store is full
#   Decrease Java heap size (-Xmx/-Xms)
#   Decrease number of Java threads
#   Decrease Java thread stack sizes (-Xss)
#   Set larger code cache with -XX:ReservedCodeCacheSize=
#   JVM is running with Unscaled Compressed Oops mode in which the Java heap is
#     placed in the first 4GB address space. The Java Heap base address is the
#     maximum limit for the native heap growth. Please use -XX:HeapBaseMinAddress
#     to set the Java Heap base and to place the Java Heap above 4GB virtual address.
# This output file may be truncated or incomplete.
#
#  Out of Memory Error (os_linux.cpp:2792), pid=15879, tid=0x00007fa985917700
#
# JRE version: OpenJDK Runtime Environment (8.0_265-b01) (build 1.8.0_265-8u265-b01-0ubuntu2~18.04-b01)
# Java VM: OpenJDK 64-Bit Server VM (25.265-b01 mixed mode linux-amd64 compressed oops)
# Failed to write core dump. Core dumps have been disabled. To enable core dumping, try "ulimit -c unlimited" before starting Java again
#

---------------  T H R E A D  ---------------

Current thread (0x00007fa99c0fc000):  VMThread [stack: 0x00007fa985818000,0x00007fa985918000] [id=15883]

Stack: [0x00007fa985818000,0x00007fa985918000],  sp=0x00007fa985916380,  free space=1016k
Native frames: (J=compiled Java code, j=interpreted, Vv=VM code, C=native code)
V  [libjvm.so+0xabaae2]
V  [libjvm.so+0x4de3f7]
V  [libjvm.so+0x8f0560]
V  [libjvm.so+0x8e74be]
V  [libjvm.so+0x96eb16]
V  [libjvm.so+0x96fe88]
V  [libjvm.so+0x96c1d6]
V  [libjvm.so+0x96c56c]
V  [libjvm.so+0x91ae28]
V  [libjvm.so+0xabc812]
V  [libjvm.so+0xac11b6]
V  [libjvm.so+0xabf14e]
V  [libjvm.so+0xabfd5b]
V  [libjvm.so+0xac0198]
V  [libjvm.so+0x8ed782]

VM_Operation (0x00007fa9a3e84820): ParallelGCFailedAllocation, mode: safepoint, requested by thread 0x00007fa99c00b000


---------------  P R O C E S S  ---------------

Java Threads: ( => current thread )
  0x00007fa99c144800 JavaThread "Service Thread" daemon [_thread_blocked, id=15889, stack(0x00007fa984f03000,0x00007fa985004000)]
  0x00007fa99c142000 JavaThread "C1 CompilerThread1" daemon [_thread_blocked, id=15888, stack(0x00007fa985005000,0x00007fa985105000)]
  0x00007fa99c13f000 JavaThread "C2 CompilerThread0" daemon [_thread_blocked, id=15887, stack(0x00007fa985106000,0x00007fa985206000)]
  0x00007fa99c13b000 JavaThread "Signal Dispatcher" daemon [_thread_blocked, id=15886, stack(0x00007fa985206000,0x00007fa985307000)]
  0x00007fa99c10a000 JavaThread "Finalizer" daemon [_thread_blocked, id=15885, stack(0x00007fa985615000,0x00007fa985716000)]
  0x00007fa99c105800 JavaThread "Reference Handler" daemon [_thread_blocked, id=15884, stack(0x00007fa985716000,0x00007fa985817000)]
  0x00007fa99c00b000 JavaThread "main" [_thread_blocked, id=15880, stack(0x00007fa9a3d89000,0x00007fa9a3e89000)]

Other Threads:
=>0x00007fa99c0fc000 VMThread [stack: 0x00007fa985818000,0x00007fa985918000] [id=15883]
  0x00007fa99c147000 WatcherThread [stack: 0x00007fa984e03000,0x00007fa984f03000] [id=15890]

VM state:at safepoint (normal execution)

VM Mutex/Monitor currently owned by a thread:  ([mutex/lock_event])
[0x00007fa99c007b40] Threads_lock - owner thread: 0x00007fa99c0fc000
[0x00007fa99c008040] Heap_lock - owner thread: 0x00007fa99c00b000

heap address: 0x00000000c2400000, size: 988 MB, Compressed Oops mode: 32-bit
Narrow klass base: 0x0000000000000000, Narrow klass shift: 3
Compressed class space size: 1073741824 Address: 0x0000000100000000

Heap:
 PSYoungGen      total 256512K, used 12535K [0x00000000eb700000, 0x00000000fc000000, 0x0000000100000000)
  eden space 243712K, 0% used [0x00000000eb700000,0x00000000eb700000,0x00000000fa500000)
  from space 12800K, 97% used [0x00000000fa500000,0x00000000fb13dfc8,0x00000000fb180000)
  to   space 9728K, 0% used [0x00000000fb180000,0x00000000fb180000,0x00000000fbb00000)
 ParOldGen       total 35840K, used 28391K [0x00000000c2400000, 0x00000000c4700000, 0x00000000eb700000)
  object space 35840K, 79% used [0x00000000c2400000,0x00000000c3fb9fe8,0x00000000c4700000)
 Metaspace       used 33100K, capacity 33620K, committed 33920K, reserved 1079296K
  class space    used 3715K, capacity 3888K, committed 3968K, reserved 1048576K

Card table byte_map: [0x00007fa9a0138000,0x00007fa9a0327000] byte_map_base: 0x00007fa99fb26000

Marking Bits: (ParMarkBitMap*) 0x00007fa9a302f520
 Begin Bits: [0x00007fa986120000, 0x00007fa987090000)
 End Bits:   [0x00007fa987090000, 0x00007fa988000000)

Polling page: 0x00007fa9a3eb0000

CodeCache: size=245760Kb used=14235Kb max_used=15140Kb free=231524Kb
 bounds [0x00007fa98d000000, 0x00007fa98dee0000, 0x00007fa99c000000]
 total_blobs=4161 nmethods=3767 adapters=308
 compilation: enabled

Compilation events (10 events):
Event: 56.231 Thread 0x00007fa99c13f000 4344       4       javassist.compiler.Parser::parseDeclarator (111 bytes)
Event: 56.276 Thread 0x00007fa99c142000 4346       2       java.util.ComparableTimSort::mergeLo (656 bytes)
Event: 56.504 Thread 0x00007fa99c142000 nmethod 4346 0x00007fa98d32ee90 code [0x00007fa98d32f140, 0x00007fa98d3307b8]
Event: 56.504 Thread 0x00007fa99c142000 4347       3       java.lang.StringBuffer::<init> (18 bytes)
Event: 56.505 Thread 0x00007fa99c142000 nmethod 4347 0x00007fa98d7fdb90 code [0x00007fa98d7fdd20, 0x00007fa98d7fe388]
Event: 56.663 Thread 0x00007fa99c13f000 nmethod 4344 0x00007fa98ded3c50 code [0x00007fa98ded3f80, 0x00007fa98ded5388]
Event: 56.664 Thread 0x00007fa99c13f000 4345       4       javassist.compiler.CodeGen::atDeclarator (72 bytes)
Event: 56.666 Thread 0x00007fa99c13f000 nmethod 4345 0x00007fa98d706590 code [0x00007fa98d706700, 0x00007fa98d706938]
Event: 57.503 Thread 0x00007fa99c13f000 4348       4       javassist.compiler.CodeGen::booleanExpr (289 bytes)
Event: 57.598 Thread 0x00007fa99c13f000 nmethod 4348 0x00007fa98d1aa190 code [0x00007fa98d1aa580, 0x00007fa98d1abda8]

GC Heap History (10 events):
Event: 25.325 GC heap after
Heap after GC invocations=15 (full 1):
 PSYoungGen      total 138752K, used 0K [0x00000000eb700000, 0x00000000f4600000, 0x0000000100000000)
  eden space 131072K, 0% used [0x00000000eb700000,0x00000000eb700000,0x00000000f3700000)
  from space 7680K, 0% used [0x00000000f3e80000,0x00000000f3e80000,0x00000000f4600000)
  to   space 7680K, 0% used [0x00000000f3700000,0x00000000f3700000,0x00000000f3e80000)
 ParOldGen       total 35840K, used 12780K [0x00000000c2400000, 0x00000000c4700000, 0x00000000eb700000)
  object space 35840K, 35% used [0x00000000c2400000,0x00000000c307b248,0x00000000c4700000)
 Metaspace       used 20745K, capacity 21028K, committed 21296K, reserved 1069056K
  class space    used 2301K, capacity 2396K, committed 2432K, reserved 1048576K
}
Event: 28.544 GC heap before
{Heap before GC invocations=16 (full 1):
 PSYoungGen      total 138752K, used 131072K [0x00000000eb700000, 0x00000000f4600000, 0x0000000100000000)
  eden space 131072K, 100% used [0x00000000eb700000,0x00000000f3700000,0x00000000f3700000)
  from space 7680K, 0% used [0x00000000f3e80000,0x00000000f3e80000,0x00000000f4600000)
  to   space 7680K, 0% used [0x00000000f3700000,0x00000000f3700000,0x00000000f3e80000)
 ParOldGen       total 35840K, used 12780K [0x00000000c2400000, 0x00000000c4700000, 0x00000000eb700000)
  object space 35840K, 35% used [0x00000000c2400000,0x00000000c307b248,0x00000000c4700000)
 Metaspace       used 25085K, capacity 25386K, committed 25728K, reserved 1073152K
  class space    used 2841K, capacity 2909K, committed 2944K, reserved 1048576K
Event: 28.552 GC heap after
Heap after GC invocations=16 (full 1):
 PSYoungGen      total 138752K, used 3774K [0x00000000eb700000, 0x00000000f8280000, 0x0000000100000000)
  eden space 131072K, 0% used [0x00000000eb700000,0x00000000eb700000,0x00000000f3700000)
  from space 7680K, 49% used [0x00000000f3700000,0x00000000f3aaf810,0x00000000f3e80000)
  to   space 7168K, 0% used [0x00000000f7b80000,0x00000000f7b80000,0x00000000f8280000)
 ParOldGen       total 35840K, used 12788K [0x00000000c2400000, 0x00000000c4700000, 0x00000000eb700000)
  object space 35840K, 35% used [0x00000000c2400000,0x00000000c307d248,0x00000000c4700000)
 Metaspace       used 25085K, capacity 25386K, committed 25728K, reserved 1073152K
  class space    used 2841K, capacity 2909K, committed 2944K, reserved 1048576K
}
Event: 34.537 GC heap before
{Heap before GC invocations=17 (full 1):
 PSYoungGen      total 138752K, used 134846K [0x00000000eb700000, 0x00000000f8280000, 0x0000000100000000)
  eden space 131072K, 100% used [0x00000000eb700000,0x00000000f3700000,0x00000000f3700000)
  from space 7680K, 49% used [0x00000000f3700000,0x00000000f3aaf810,0x00000000f3e80000)
  to   space 7168K, 0% used [0x00000000f7b80000,0x00000000f7b80000,0x00000000f8280000)
 ParOldGen       total 35840K, used 12788K [0x00000000c2400000, 0x00000000c4700000, 0x00000000eb700000)
  object space 35840K, 35% used [0x00000000c2400000,0x00000000c307d248,0x00000000c4700000)
 Metaspace       used 26526K, capacity 26890K, committed 27264K, reserved 1073152K
  class space    used 3010K, capacity 3149K, committed 3200K, reserved 1048576K
Event: 34.553 GC heap after
Heap after GC invocations=17 (full 1):
 PSYoungGen      total 198144K, used 7136K [0x00000000eb700000, 0x00000000f8380000, 0x0000000100000000)
  eden space 190976K, 0% used [0x00000000eb700000,0x00000000eb700000,0x00000000f7180000)
  from space 7168K, 99% used [0x00000000f7b80000,0x00000000f8278030,0x00000000f8280000)
  to   space 9216K, 0% used [0x00000000f7180000,0x00000000f7180000,0x00000000f7a80000)
 ParOldGen       total 35840K, used 15725K [0x00000000c2400000, 0x00000000c4700000, 0x00000000eb700000)
  object space 35840K, 43% used [0x00000000c2400000,0x00000000c335b5d0,0x00000000c4700000)
 Metaspace       used 26526K, capacity 26890K, committed 27264K, reserved 1073152K
  class space    used 3010K, capacity 3149K, committed 3200K, reserved 1048576K
}
Event: 39.238 GC heap before
{Heap before GC invocations=18 (full 1):
 PSYoungGen      total 198144K, used 198112K [0x00000000eb700000, 0x00000000f8380000, 0x0000000100000000)
  eden space 190976K, 100% used [0x00000000eb700000,0x00000000f7180000,0x00000000f7180000)
  from space 7168K, 99% used [0x00000000f7b80000,0x00000000f8278030,0x00000000f8280000)
  to   space 9216K, 0% used [0x00000000f7180000,0x00000000f7180000,0x00000000f7a80000)
 ParOldGen       total 35840K, used 15725K [0x00000000c2400000, 0x00000000c4700000, 0x00000000eb700000)
  object space 35840K, 43% used [0x00000000c2400000,0x00000000c335b5d0,0x00000000c4700000)
 Metaspace       used 29717K, capacity 30100K, committed 30336K, reserved 1077248K
  class space    used 3321K, capacity 3444K, committed 3456K, reserved 1048576K
Event: 39.257 GC heap after
Heap after GC invocations=18 (full 1):
 PSYoungGen      total 200192K, used 6263K [0x00000000eb700000, 0x00000000fbb00000, 0x0000000100000000)
  eden space 190976K, 0% used [0x00000000eb700000,0x00000000eb700000,0x00000000f7180000)
  from space 9216K, 67% used [0x00000000f7180000,0x00000000f779dfc0,0x00000000f7a80000)
  to   space 9728K, 0% used [0x00000000fb180000,0x00000000fb180000,0x00000000fbb00000)
 ParOldGen       total 35840K, used 19413K [0x00000000c2400000, 0x00000000c4700000, 0x00000000eb700000)
  object space 35840K, 54% used [0x00000000c2400000,0x00000000c36f5620,0x00000000c4700000)
 Metaspace       used 29717K, capacity 30100K, committed 30336K, reserved 1077248K
  class space    used 3321K, capacity 3444K, committed 3456K, reserved 1048576K
}
Event: 46.987 GC heap before
{Heap before GC invocations=19 (full 1):
 PSYoungGen      total 200192K, used 197239K [0x00000000eb700000, 0x00000000fbb00000, 0x0000000100000000)
  eden space 190976K, 100% used [0x00000000eb700000,0x00000000f7180000,0x00000000f7180000)
  from space 9216K, 67% used [0x00000000f7180000,0x00000000f779dfc0,0x00000000f7a80000)
  to   space 9728K, 0% used [0x00000000fb180000,0x00000000fb180000,0x00000000fbb00000)
 ParOldGen       total 35840K, used 19413K [0x00000000c2400000, 0x00000000c4700000, 0x00000000eb700000)
  object space 35840K, 54% used [0x00000000c2400000,0x00000000c36f5620,0x00000000c4700000)
 Metaspace       used 31657K, capacity 32118K, committed 32512K, reserved 1077248K
  class space    used 3611K, capacity 3749K, committed 3840K, reserved 1048576K
Event: 47.051 GC heap after
Heap after GC invocations=19 (full 1):
 PSYoungGen      total 253440K, used 9696K [0x00000000eb700000, 0x00000000fc000000, 0x0000000100000000)
  eden space 243712K, 0% used [0x00000000eb700000,0x00000000eb700000,0x00000000fa500000)
  from space 9728K, 99% used [0x00000000fb180000,0x00000000fbaf83d8,0x00000000fbb00000)
  to   space 12800K, 0% used [0x00000000fa500000,0x00000000fa500000,0x00000000fb180000)
 ParOldGen       total 35840K, used 24467K [0x00000000c2400000, 0x00000000c4700000, 0x00000000eb700000)
  object space 35840K, 68% used [0x00000000c2400000,0x00000000c3be4fc8,0x00000000c4700000)
 Metaspace       used 31657K, capacity 32118K, committed 32512K, reserved 1077248K
  class space    used 3611K, capacity 3749K, committed 3840K, reserved 1048576K
}
Event: 57.959 GC heap before
{Heap before GC invocations=20 (full 1):
 PSYoungGen      total 253440K, used 253408K [0x00000000eb700000, 0x00000000fc000000, 0x0000000100000000)
  eden space 243712K, 100% used [0x00000000eb700000,0x00000000fa500000,0x00000000fa500000)
  from space 9728K, 99% used [0x00000000fb180000,0x00000000fbaf83d8,0x00000000fbb00000)
  to   space 12800K, 0% used [0x00000000fa500000,0x00000000fa500000,0x00000000fb180000)
 ParOldGen       total 35840K, used 24467K [0x00000000c2400000, 0x00000000c4700000, 0x00000000eb700000)
  object space 35840K, 68% used [0x00000000c2400000,0x00000000c3be4fc8,0x00000000c4700000)
 Metaspace       used 33100K, capacity 33620K, committed 33920K, reserved 1079296K
  class space    used 3715K, capacity 3888K, committed 3968K, reserved 1048576K

Deoptimization events (10 events):
Event: 50.291 Thread 0x00007fa99c00b000 Uncommon trap: reason=bimorphic action=maybe_recompile pc=0x00007fa98ddbb134 method=javassist.bytecode.stackmap.Tracer.setFieldTarget(ZI)V @ 34
Event: 50.326 Thread 0x00007fa99c00b000 Uncommon trap: reason=class_check action=maybe_recompile pc=0x00007fa98d9fa150 method=javassist.bytecode.stackmap.Tracer.doOpcode148_201(I[BI)I @ 893
Event: 50.529 Thread 0x00007fa99c00b000 Uncommon trap: reason=class_check action=maybe_recompile pc=0x00007fa98deb4f84 method=javassist.bytecode.stackmap.TypeData$TypeVar.fixByUppers(Ljava/util/ArrayList;Ljavassist/ClassPool;Ljava/util/HashSet;Ljavassist/CtClass;)Ljavassist/CtClass; @ 97
Event: 51.048 Thread 0x00007fa99c00b000 Uncommon trap: reason=unstable_if action=reinterpret pc=0x00007fa98d34d304 method=javassist.bytecode.ExceptionTable.add(ILjavassist/bytecode/ExceptionTable;I)V @ 11
Event: 54.087 Thread 0x00007fa99c00b000 Uncommon trap: reason=bimorphic action=maybe_recompile pc=0x00007fa98ddbb134 method=javassist.bytecode.stackmap.Tracer.setFieldTarget(ZI)V @ 34
Event: 54.130 Thread 0x00007fa99c00b000 Uncommon trap: reason=array_check action=maybe_recompile pc=0x00007fa98d857e10 method=java.util.ComparableTimSort.mergeLo(IIII)V @ 81
Event: 54.141 Thread 0x00007fa99c00b000 Uncommon trap: reason=array_check action=maybe_recompile pc=0x00007fa98d857e10 method=java.util.ComparableTimSort.mergeLo(IIII)V @ 81
Event: 54.141 Thread 0x00007fa99c00b000 Uncommon trap: reason=array_check action=maybe_recompile pc=0x00007fa98d857e10 method=java.util.ComparableTimSort.mergeLo(IIII)V @ 81
Event: 54.141 Thread 0x00007fa99c00b000 Uncommon trap: reason=array_check action=maybe_recompile pc=0x00007fa98d857e10 method=java.util.ComparableTimSort.mergeLo(IIII)V @ 81
Event: 56.372 Thread 0x00007fa99c00b000 Uncommon trap: reason=class_check action=maybe_recompile pc=0x00007fa98deb4f84 method=javassist.bytecode.stackmap.TypeData$TypeVar.fixByUppers(Ljava/util/ArrayList;Ljavassist/ClassPool;Ljava/util/HashSet;Ljavassist/CtClass;)Ljavassist/CtClass; @ 97

Classes redefined (0 events):
No events

Internal exceptions (10 events):
Event: 14.530 Thread 0x00007fa99c00b000 Exception <a 'java/lang/reflect/InvocationTargetException'> (0x00000000ebc98b28) thrown at [/build/openjdk-8-nxKaDu/openjdk-8-8u265-b01/src/hotspot/src/share/vm/runtime/reflection.cpp, line 1092]
Event: 14.763 Thread 0x00007fa99c00b000 Exception <a 'java/lang/ArrayIndexOutOfBoundsException': 18> (0x00000000ec3ee1b0) thrown at [/build/openjdk-8-nxKaDu/openjdk-8-8u265-b01/src/hotspot/src/share/vm/interpreter/interpreterRuntime.cpp, line 368]
Event: 14.763 Thread 0x00007fa99c00b000 Exception <a 'java/lang/ArrayIndexOutOfBoundsException': 42> (0x00000000ec3eef88) thrown at [/build/openjdk-8-nxKaDu/openjdk-8-8u265-b01/src/hotspot/src/share/vm/interpreter/interpreterRuntime.cpp, line 368]
Event: 14.764 Thread 0x00007fa99c00b000 Exception <a 'java/lang/ArrayIndexOutOfBoundsException': 139> (0x00000000ec3f0e58) thrown at [/build/openjdk-8-nxKaDu/openjdk-8-8u265-b01/src/hotspot/src/share/vm/interpreter/interpreterRuntime.cpp, line 368]
Event: 15.707 Thread 0x00007fa99c00b000 Exception <a 'java/lang/reflect/InvocationTargetException'> (0x00000000ec833660) thrown at [/build/openjdk-8-nxKaDu/openjdk-8-8u265-b01/src/hotspot/src/share/vm/runtime/reflection.cpp, line 1092]
Event: 15.707 Thread 0x00007fa99c00b000 Exception <a 'java/lang/reflect/InvocationTargetException'> (0x00000000ec84d350) thrown at [/build/openjdk-8-nxKaDu/openjdk-8-8u265-b01/src/hotspot/src/share/vm/runtime/reflection.cpp, line 1092]
Event: 15.963 Thread 0x00007fa99c00b000 Exception <a 'java/net/UnknownHostException'> (0x00000000ec9714a0) thrown at [/build/openjdk-8-nxKaDu/openjdk-8-8u265-b01/src/hotspot/src/share/vm/prims/jni.cpp, line 711]
Event: 17.636 Thread 0x00007fa99c00b000 Exception <a 'java/lang/NoSuchFieldError': method resolution failed> (0x00000000ebaf1d18) thrown at [/build/openjdk-8-nxKaDu/openjdk-8-8u265-b01/src/hotspot/src/share/vm/prims/methodHandles.cpp, line 1169]
Event: 17.642 Thread 0x00007fa99c00b000 Exception <a 'java/lang/NoSuchFieldError': method resolution failed> (0x00000000ebaff3d8) thrown at [/build/openjdk-8-nxKaDu/openjdk-8-8u265-b01/src/hotspot/src/share/vm/prims/methodHandles.cpp, line 1169]
Event: 27.154 Thread 0x00007fa99c00b000 Implicit null exception at 0x00007fa98d5b0db8 to 0x00007fa98d5b1185

Events (10 events):
Event: 54.141 Thread 0x00007fa99c00b000 Uncommon trap: trap_request=0xffffffd6 fr.pc=0x00007fa98d857e10
Event: 54.141 Thread 0x00007fa99c00b000 DEOPT PACKING pc=0x00007fa98d857e10 sp=0x00007fa9a3e84780
Event: 54.141 Thread 0x00007fa99c00b000 DEOPT UNPACKING pc=0x00007fa98d04547a sp=0x00007fa9a3e84760 mode 2
Event: 54.141 Thread 0x00007fa99c00b000 Uncommon trap: trap_request=0xffffffd6 fr.pc=0x00007fa98d857e10
Event: 54.141 Thread 0x00007fa99c00b000 DEOPT PACKING pc=0x00007fa98d857e10 sp=0x00007fa9a3e84780
Event: 54.141 Thread 0x00007fa99c00b000 DEOPT UNPACKING pc=0x00007fa98d04547a sp=0x00007fa9a3e84760 mode 2
Event: 56.339 Thread 0x00007fa99c00b000 Uncommon trap: trap_request=0xffffffde fr.pc=0x00007fa98deb4f84
Event: 56.372 Thread 0x00007fa99c00b000 DEOPT PACKING pc=0x00007fa98deb4f84 sp=0x00007fa9a3e848d0
Event: 56.385 Thread 0x00007fa99c00b000 DEOPT UNPACKING pc=0x00007fa98d04547a sp=0x00007fa9a3e848b8 mode 2
Event: 57.925 Executing VM operation: ParallelGCFailedAllocation


Dynamic libraries:
c2400000-c4700000 rw-p 00000000 00:00 0 
c4700000-eb700000 ---p 00000000 00:00 0 
eb700000-fc000000 rw-p 00000000 00:00 0 
100000000-1003e0000 rw-p 00000000 00:00 0 
1003e0000-140000000 ---p 00000000 00:00 0 
55c66392d000-55c66392e000 r-xp 00000000 fc:01 1816964                    /usr/lib/jvm/java-8-openjdk-amd64/jre/bin/java
55c663b2d000-55c663b2e000 r--p 00000000 fc:01 1816964                    /usr/lib/jvm/java-8-openjdk-amd64/jre/bin/java
55c663b2e000-55c663b2f000 rw-p 00001000 fc:01 1816964                    /usr/lib/jvm/java-8-openjdk-amd64/jre/bin/java
55c665815000-55c665836000 rw-p 00000000 00:00 0                          [heap]
7fa954000000-7fa954021000 rw-p 00000000 00:00 0 
7fa954021000-7fa958000000 ---p 00000000 00:00 0 
7fa95a6c8000-7fa95a808000 rw-p 00000000 00:00 0 
7fa95a808000-7fa95a8c8000 ---p 00000000 00:00 0 
7fa95a8c8000-7fa95aac8000 rw-p 00000000 00:00 0 
7fa95aac8000-7fa95acc8000 rw-p 00000000 00:00 0 
7fa95acc8000-7fa95aec8000 rw-p 00000000 00:00 0 
7fa95aec8000-7fa95b0c8000 rw-p 00000000 00:00 0 
7fa95b0c8000-7fa95b2c8000 rw-p 00000000 00:00 0 
7fa95b2c8000-7fa95b4c8000 rw-p 00000000 00:00 0 
7fa95b4c8000-7fa95b6c8000 rw-p 00000000 00:00 0 
7fa95b6c8000-7fa95b6d7000 r-xp 00000000 fc:01 25923                      /lib/x86_64-linux-gnu/libnss_myhostname.so.2
7fa95b6d7000-7fa95b8d6000 ---p 0000f000 fc:01 25923                      /lib/x86_64-linux-gnu/libnss_myhostname.so.2
7fa95b8d6000-7fa95b8d9000 r--p 0000e000 fc:01 25923                      /lib/x86_64-linux-gnu/libnss_myhostname.so.2
7fa95b8d9000-7fa95b8da000 rw-p 00011000 fc:01 25923                      /lib/x86_64-linux-gnu/libnss_myhostname.so.2
7fa95b8da000-7fa95b8f1000 r-xp 00000000 fc:01 47546                      /lib/x86_64-linux-gnu/libresolv-2.27.so
7fa95b8f1000-7fa95baf1000 ---p 00017000 fc:01 47546                      /lib/x86_64-linux-gnu/libresolv-2.27.so
7fa95baf1000-7fa95baf2000 r--p 00017000 fc:01 47546                      /lib/x86_64-linux-gnu/libresolv-2.27.so
7fa95baf2000-7fa95baf3000 rw-p 00018000 fc:01 47546                      /lib/x86_64-linux-gnu/libresolv-2.27.so
7fa95baf3000-7fa95baf5000 rw-p 00000000 00:00 0 
7fa95baf5000-7fa95bafa000 r-xp 00000000 fc:01 47529                      /lib/x86_64-linux-gnu/libnss_dns-2.27.so
7fa95bafa000-7fa95bcfa000 ---p 00005000 fc:01 47529                      /lib/x86_64-linux-gnu/libnss_dns-2.27.so
7fa95bcfa000-7fa95bcfb000 r--p 00005000 fc:01 47529                      /lib/x86_64-linux-gnu/libnss_dns-2.27.so
7fa95bcfb000-7fa95bcfc000 rw-p 00006000 fc:01 47529                      /lib/x86_64-linux-gnu/libnss_dns-2.27.so
7fa95bcfc000-7fa95bcfe000 r-xp 00000000 fc:01 69785                      /lib/x86_64-linux-gnu/libnss_mdns4_minimal.so.2
7fa95bcfe000-7fa95befd000 ---p 00002000 fc:01 69785                      /lib/x86_64-linux-gnu/libnss_mdns4_minimal.so.2
7fa95befd000-7fa95befe000 r--p 00001000 fc:01 69785                      /lib/x86_64-linux-gnu/libnss_mdns4_minimal.so.2
7fa95befe000-7fa95beff000 rw-p 00002000 fc:01 69785                      /lib/x86_64-linux-gnu/libnss_mdns4_minimal.so.2
7fa95beff000-7fa95bf02000 ---p 00000000 00:00 0 
7fa95bf02000-7fa95c000000 rw-p 00000000 00:00 0 
7fa95c000000-7fa95c021000 rw-p 00000000 00:00 0 
7fa95c021000-7fa960000000 ---p 00000000 00:00 0 
7fa960000000-7fa960021000 rw-p 00000000 00:00 0 
7fa960021000-7fa964000000 ---p 00000000 00:00 0 
7fa964000000-7fa9647ac000 rw-p 00000000 00:00 0 
7fa9647ac000-7fa968000000 ---p 00000000 00:00 0 
7fa968000000-7fa968021000 rw-p 00000000 00:00 0 
7fa968021000-7fa96c000000 ---p 00000000 00:00 0 
7fa96c000000-7fa96c021000 rw-p 00000000 00:00 0 
7fa96c021000-7fa970000000 ---p 00000000 00:00 0 
7fa970000000-7fa9723ae000 rw-p 00000000 00:00 0 
7fa9723ae000-7fa974000000 ---p 00000000 00:00 0 
7fa974000000-7fa974021000 rw-p 00000000 00:00 0 
7fa974021000-7fa978000000 ---p 00000000 00:00 0 
7fa978000000-7fa978021000 rw-p 00000000 00:00 0 
7fa978021000-7fa97c000000 ---p 00000000 00:00 0 
7fa97c000000-7fa97c021000 rw-p 00000000 00:00 0 
7fa97c021000-7fa980000000 ---p 00000000 00:00 0 
7fa980000000-7fa980028000 rw-p 00000000 00:00 0 
7fa980028000-7fa984000000 ---p 00000000 00:00 0 
7fa98403d000-7fa984050000 r--s 00346000 fc:01 1822944                    /usr/lib/jvm/java-8-openjdk-amd64/jre/lib/resources.jar
7fa984050000-7fa984250000 rw-p 00000000 00:00 0 
7fa984250000-7fa984253000 ---p 00000000 00:00 0 
7fa984253000-7fa984551000 rw-p 00000000 00:00 0 
7fa984551000-7fa984751000 rw-p 00000000 00:00 0 
7fa984751000-7fa984753000 r--s 00016000 fc:01 1822938                    /usr/lib/jvm/java-8-openjdk-amd64/jre/lib/jce.jar
7fa984753000-7fa984758000 r--s 000a7000 fc:01 1822940                    /usr/lib/jvm/java-8-openjdk-amd64/jre/lib/jsse.jar
7fa984758000-7fa98475a000 r--s 0000e000 fc:01 4148325                    /home/jhbu228/.m2/repository/org/apache/maven/surefire/surefire-junit4/2.16/surefire-junit4-2.16.jar
7fa98475a000-7fa98475b000 r--s 00000000 fc:01 4147130                    /home/jhbu228/.m2/repository/org/jenkins-ci/test-annotations/1.1/test-annotations-1.1.jar
7fa98475b000-7fa98475c000 r--s 00000000 fc:01 4147128                    /home/jhbu228/.m2/repository/org/codehaus/mojo/animal-sniffer-annotations/1.9/animal-sniffer-annotations-1.9.jar
7fa98475c000-7fa98475e000 r--s 00010000 fc:01 4149501                    /home/jhbu228/.m2/repository/com/jcraft/jzlib/1.1.3-kohsuke-1/jzlib-1.1.3-kohsuke-1.jar
7fa98475e000-7fa984761000 r--s 00006000 fc:01 4149500                    /home/jhbu228/.m2/repository/com/google/code/findbugs/jsr305/1.3.9/jsr305-1.3.9.jar
7fa984761000-7fa984781000 r--s 00173000 fc:01 3893105                    /home/jhbu228/.m2/repository/com/google/guava/guava/11.0.1/guava-11.0.1.jar
7fa984781000-7fa984782000 r--s 00004000 fc:01 4149497                    /home/jhbu228/.m2/repository/org/mindrot/jbcrypt/0.3m/jbcrypt-0.3m.jar
7fa984782000-7fa984784000 r--s 0000f000 fc:01 4149494                    /home/jhbu228/.m2/repository/commons-fileupload/commons-fileupload/1.3.1-jenkins-1/commons-fileupload-1.3.1-jenkins-1.jar
7fa984784000-7fa984786000 r--s 00005000 fc:01 4149493                    /home/jhbu228/.m2/repository/findbugs/annotations/1.0.0/annotations-1.0.0.jar
7fa984786000-7fa984787000 r--s 00001000 fc:01 4149492                    /home/jhbu228/.m2/repository/org/kohsuke/access-modifier-annotation/1.4/access-modifier-annotation-1.4.jar
7fa984787000-7fa98478e000 r--s 0003a000 fc:01 4149489                    /home/jhbu228/.m2/repository/commons-codec/commons-codec/1.8/commons-codec-1.8.jar
7fa98478e000-7fa984790000 r--s 00000000 fc:01 4149486                    /home/jhbu228/.m2/repository/org/jvnet/robust-http-client/robust-http-client/1.2/robust-http-client-1.2.jar
7fa984790000-7fa984791000 r--s 00001000 fc:01 3893103                    /home/jhbu228/.m2/repository/org/kohsuke/metainf-services/metainf-services/1.4/metainf-services-1.4.jar
7fa984791000-7fa984798000 r--s 0005b000 fc:01 4149485                    /home/jhbu228/.m2/repository/org/samba/jcifs/jcifs/1.3.17-kohsuke-1/jcifs-1.3.17-kohsuke-1.jar
7fa984798000-7fa98479b000 r--s 0001a000 fc:01 4149484                    /home/jhbu228/.m2/repository/org/kohsuke/jinterop/j-interopdeps/2.0.6-kohsuke-1/j-interopdeps-2.0.6-kohsuke-1.jar
7fa98479b000-7fa9847a1000 r--s 00059000 fc:01 4149483                    /home/jhbu228/.m2/repository/org/kohsuke/jinterop/j-interop/2.0.6-kohsuke-1/j-interop-2.0.6-kohsuke-1.jar
7fa9847a1000-7fa9847a3000 r--s 00006000 fc:01 3880437                    /home/jhbu228/.m2/repository/net/java/sezpoz/sezpoz/1.9/sezpoz-1.9.jar
7fa9847a3000-7fa9847a4000 r--s 00001000 fc:01 4149478                    /home/jhbu228/.m2/repository/com/sun/solaris/embedded_su4j/1.1/embedded_su4j-1.1.jar
7fa9847a4000-7fa9847a7000 r--s 0000d000 fc:01 4149477                    /home/jhbu228/.m2/repository/org/jvnet/libzfs/libzfs/0.5/libzfs-0.5.jar
7fa9847a7000-7fa9847a8000 r--s 00004000 fc:01 4149476                    /home/jhbu228/.m2/repository/org/kohsuke/libpam4j/1.8/libpam4j-1.8.jar
7fa9847a8000-7fa9847a9000 r--s 00004000 fc:01 4149472                    /home/jhbu228/.m2/repository/org/kohsuke/akuma/1.9/akuma-1.9.jar
7fa9847a9000-7fa9847ad000 r--s 000dc000 fc:01 4149471                    /home/jhbu228/.m2/repository/net/java/dev/jna/jna/4.1.0/jna-4.1.0.jar
7fa9847ad000-7fa9847b3000 r--s 0005a000 fc:01 4149470                    /home/jhbu228/.m2/repository/org/jenkins-ci/jmdns/3.4.0-jenkins-3/jmdns-3.4.0-jenkins-3.jar
7fa9847b3000-7fa9847b5000 r--s 00005000 fc:01 4149468                    /home/jhbu228/.m2/repository/stax/stax-api/1.0.1/stax-api-1.0.1.jar
7fa9847b5000-7fa9847bb000 r--s 0007a000 fc:01 4149464                    /home/jhbu228/.m2/repository/org/codehaus/woodstox/wstx-asl/3.2.9/wstx-asl-3.2.9.jar
7fa9847bb000-7fa9847bd000 r--s 00003000 fc:01 4149462                    /home/jhbu228/.m2/repository/org/jenkins-ci/memory-monitor/1.9/memory-monitor-1.9.jar
7fa9847bd000-7fa9847bf000 r--s 00004000 fc:01 4149461                    /home/jhbu228/.m2/repository/org/jvnet/winp/winp/1.22/winp-1.22.jar
7fa9847bf000-7fa9847cd000 r--s 0007f000 fc:01 4147001                    /home/jhbu228/.m2/repository/commons-collections/commons-collections/3.2.1/commons-collections-3.2.1.jar
7fa9847cd000-7fa9847ce000 r--s 00004000 fc:01 4149460                    /home/jhbu228/.m2/repository/relaxngDatatype/relaxngDatatype/20020414/relaxngDatatype-20020414.jar
7fa9847ce000-7fa9847d0000 r--s 00004000 fc:01 4149456                    /home/jhbu228/.m2/repository/javax/xml/stream/stax-api/1.0-2/stax-api-1.0-2.jar
7fa9847d0000-7fa9847d3000 r--s 0000e000 fc:01 3893101                    /home/jhbu228/.m2/repository/com/sun/xml/txw2/txw2/20110809/txw2-20110809.jar
7fa9847d3000-7fa9847d5000 r--s 0000e000 fc:01 4149455                    /home/jhbu228/.m2/repository/commons-logging/commons-logging/1.1.3/commons-logging-1.1.3.jar
7fa9847d5000-7fa9847d7000 r--s 00003000 fc:01 4149454                    /home/jhbu228/.m2/repository/javax/servlet/jstl/1.1.0/jstl-1.1.0.jar
7fa9847d7000-7fa9847d9000 r--s 00003000 fc:01 4148107                    /home/jhbu228/.m2/repository/org/powermock/powermock-api-support/1.5.6/powermock-api-support-1.5.6.jar
7fa9847d9000-7fa9847fa000 r--s 00162000 fc:01 4148106                    /home/jhbu228/.m2/repository/org/mockito/mockito-all/1.9.5/mockito-all-1.9.5.jar
7fa9847fa000-7fa9847fd000 r--s 0000f000 fc:01 4148105                    /home/jhbu228/.m2/repository/org/powermock/powermock-api-mockito/1.5.6/powermock-api-mockito-1.5.6.jar
7fa9847fd000-7fa9847ff000 r--s 00009000 fc:01 4148099                    /home/jhbu228/.m2/repository/org/powermock/powermock-reflect/1.5.6/powermock-reflect-1.5.6.jar
7fa9847ff000-7fa984809000 r--s 000a5000 fc:01 4148094                    /home/jhbu228/.m2/repository/org/javassist/javassist/3.18.2-GA/javassist-3.18.2-GA.jar
7fa984809000-7fa98480c000 r--s 00012000 fc:01 4148095                    /home/jhbu228/.m2/repository/org/powermock/powermock-core/1.5.6/powermock-core-1.5.6.jar
7fa98480c000-7fa98480e000 r--s 00002000 fc:01 4148097                    /home/jhbu228/.m2/repository/org/powermock/powermock-module-junit4-common/1.5.6/powermock-module-junit4-common-1.5.6.jar
7fa98480e000-7fa98480f000 r--s 00005000 fc:01 4148091                    /home/jhbu228/.m2/repository/org/powermock/powermock-module-junit4/1.5.6/powermock-module-junit4-1.5.6.jar
7fa98480f000-7fa984811000 r--s 00005000 fc:01 4149445                    /home/jhbu228/.m2/repository/org/objenesis/objenesis/1.0/objenesis-1.0.jar
7fa984811000-7fa984830000 r--s 00150000 fc:01 4149448                    /home/jhbu228/.m2/repository/org/mockito/mockito-core/1.9.5/mockito-core-1.9.5.jar
7fa984830000-7fa984832000 r--s 00009000 fc:01 4148118                    /home/jhbu228/.m2/repository/org/hamcrest/hamcrest-core/1.3/hamcrest-core-1.3.jar
7fa984832000-7fa984838000 r--s 00036000 fc:01 4148116                    /home/jhbu228/.m2/repository/junit/junit/4.11/junit-4.11.jar
7fa984838000-7fa98483b000 r--s 0001b000 fc:01 4149447                    /home/jhbu228/.m2/repository/xpp3/xpp3/1.1.4c/xpp3-1.1.4c.jar
7fa98483b000-7fa984843000 r--s 00048000 fc:01 4149444                    /home/jhbu228/.m2/repository/org/springframework/spring-aop/2.5.6.SEC03/spring-aop-2.5.6.SEC03.jar
7fa984843000-7fa984849000 r--s 00040000 fc:01 4148632                    /home/jhbu228/.m2/repository/org/springframework/spring-core/2.5.6.SEC03/spring-core-2.5.6.SEC03.jar
7fa984849000-7fa98484e000 r--s 0002b000 fc:01 4149446                    /home/jhbu228/.m2/repository/org/springframework/spring-web/2.5.6.SEC03/spring-web-2.5.6.SEC03.jar
7fa98484e000-7fa984851000 r--s 00015000 fc:01 4149376                    /home/jhbu228/.m2/repository/org/springframework/spring-context-support/2.5.6.SEC03/spring-context-support-2.5.6.SEC03.jar
7fa984851000-7fa98485d000 r--s 00069000 fc:01 4148663                    /home/jhbu228/.m2/repository/org/springframework/spring-context/2.5.6.SEC03/spring-context-2.5.6.SEC03.jar
7fa98485d000-7fa984867000 r--s 0006e000 fc:01 4148694                    /home/jhbu228/.m2/repository/org/springframework/spring-beans/2.5.6.SEC03/spring-beans-2.5.6.SEC03.jar
7fa984867000-7fa984870000 r--s 0005a000 fc:01 4148689                    /home/jhbu228/.m2/repository/org/springframework/spring-webmvc/2.5.6.SEC03/spring-webmvc-2.5.6.SEC03.jar
7fa984870000-7fa984872000 r--s 0001a000 fc:01 4148664                    /home/jhbu228/.m2/repository/org/fusesource/jansi/jansi/1.9/jansi-1.9.jar
7fa984872000-7fa984874000 r--s 00014000 fc:01 3880859                    /home/jhbu228/.m2/repository/jline/jline/0.9.94/jline-0.9.94.jar
7fa984874000-7fa9848d2000 r--s 00592000 fc:01 4148661                    /home/jhbu228/.m2/repository/org/codehaus/groovy/groovy-all/1.8.9/groovy-all-1.8.9.jar
7fa9848d2000-7fa9848da000 r--s 0004f000 fc:01 4147504                    /home/jhbu228/.m2/repository/log4j/log4j/1.2.9/log4j-1.2.9.jar
7fa9848da000-7fa9848dc000 r--s 0000e000 fc:01 3885804                    /home/jhbu228/.m2/repository/oro/oro/2.0.8/oro-2.0.8.jar
7fa9848dc000-7fa9848e0000 r--s 00014000 fc:01 4148582                    /home/jhbu228/.m2/repository/org/springframework/spring-dao/1.2.9/spring-dao-1.2.9.jar
7fa9848e0000-7fa9848e5000 r--s 00029000 fc:01 4148640                    /home/jhbu228/.m2/repository/org/springframework/spring-jdbc/1.2.9/spring-jdbc-1.2.9.jar
7fa9848e5000-7fa9848f2000 r--s 00079000 fc:01 4148639                    /home/jhbu228/.m2/repository/org/acegisecurity/acegi-security/1.0.7/acegi-security-1.0.7.jar
7fa9848f2000-7fa9848f6000 r--s 0001f000 fc:01 4148585                    /home/jhbu228/.m2/repository/org/jenkins-ci/commons-jexl/1.1-jenkins-20111212/commons-jexl-1.1-jenkins-20111212.jar
7fa9848f6000-7fa9848f8000 r--s 00004000 fc:01 4148631                    /home/jhbu228/.m2/repository/org/jvnet/hudson/commons-jelly-tags-define/1.0.1-hudson-20071021/commons-jelly-tags-define-1.0.1-hudson-20071021.jar
7fa9848f8000-7fa9848fa000 r--s 00008000 fc:01 4148635                    /home/jhbu228/.m2/repository/commons-jelly/commons-jelly-tags-xml/1.1/commons-jelly-tags-xml-1.1.jar
7fa9848fa000-7fa9848fb000 r--s 00005000 fc:01 4148627                    /home/jhbu228/.m2/repository/commons-jelly/commons-jelly-tags-fmt/1.0/commons-jelly-tags-fmt-1.0.jar
7fa9848fb000-7fa984901000 r--s 00035000 fc:01 4148625                    /home/jhbu228/.m2/repository/jaxen/jaxen/1.1-beta-11/jaxen-1.1-beta-11.jar
7fa984901000-7fa984903000 r--s 00010000 fc:01 4148609                    /home/jhbu228/.m2/repository/org/jvnet/hudson/activation/1.1.1-hudson-1/activation-1.1.1-hudson-1.jar
7fa984903000-7fa98490a000 r--s 00072000 fc:01 4148595                    /home/jhbu228/.m2/repository/javax/mail/mail/1.4.4/mail-1.4.4.jar
7fa98490a000-7fa984911000 r--s 00056000 fc:01 4148607                    /home/jhbu228/.m2/repository/org/apache/commons/commons-compress/1.9/commons-compress-1.9.jar
7fa984911000-7fa984916000 r--s 00034000 fc:01 4148598                    /home/jhbu228/.m2/repository/commons-beanutils/commons-beanutils/1.8.3/commons-beanutils-1.8.3.jar
7fa984916000-7fa98491c000 r--s 0002b000 fc:01 4148596                    /home/jhbu228/.m2/repository/commons-digester/commons-digester/2.1/commons-digester-2.1.jar
7fa98491c000-7fa984921000 r--s 00041000 fc:01 4146999                    /home/jhbu228/.m2/repository/commons-lang/commons-lang/2.6/commons-lang-2.6.jar
7fa984921000-7fa984925000 r--s 0002a000 fc:01 4148593                    /home/jhbu228/.m2/repository/commons-io/commons-io/2.4/commons-io-2.4.jar
7fa984925000-7fa984927000 r--s 00016000 fc:01 4147507                    /home/jhbu228/.m2/repository/javax/servlet/servlet-api/2.4/servlet-api-2.4.jar
7fa984927000-7fa984928000 r--s 00004000 fc:01 4148592                    /home/jhbu228/.m2/repository/org/apache/ant/ant-launcher/1.8.4/ant-launcher-1.8.4.jar
7fa984928000-7fa984946000 r--s 001bd000 fc:01 4148587                    /home/jhbu228/.m2/repository/org/apache/ant/ant/1.8.4/ant-1.8.4.jar
7fa984946000-7fa98494c000 r--s 00046000 fc:01 4148583                    /home/jhbu228/.m2/repository/jfree/jcommon/1.0.12/jcommon-1.0.12.jar
7fa98494c000-7fa98495b000 r--s 0012d000 fc:01 4149442                    /home/jhbu228/.m2/repository/jfree/jfreechart/1.0.9/jfreechart-1.0.9.jar
7fa98495b000-7fa984969000 r--s 00075000 fc:01 4149441                    /home/jhbu228/.m2/repository/org/jvnet/hudson/xstream/1.4.7-jenkins-1/xstream-1.4.7-jenkins-1.jar
7fa984969000-7fa98496f000 r--s 00067000 fc:01 4149439                    /home/jhbu228/.m2/repository/antlr/antlr/2.7.6/antlr-2.7.6.jar
7fa98496f000-7fa984970000 r--s 00001000 fc:01 3893037                    /home/jhbu228/.m2/repository/org/jvnet/localizer/localizer/1.23/localizer-1.23.jar
7fa984970000-7fa984971000 r--s 00004000 fc:01 4149438                    /home/jhbu228/.m2/repository/org/jenkins-ci/task-reactor/1.4/task-reactor-1.4.jar
7fa984971000-7fa984976000 r--s 00058000 fc:01 4149436                    /home/jhbu228/.m2/repository/org/kohsuke/asm5/5.0.1/asm5-5.0.1.jar
7fa984976000-7fa984978000 r--s 00005000 fc:01 4149430                    /home/jhbu228/.m2/repository/org/jenkins-ci/bytecode-compatibility-transformer/1.5/bytecode-compatibility-transformer-1.5.jar
7fa984978000-7fa984979000 r--s 00003000 fc:01 4149429                    /home/jhbu228/.m2/repository/org/jenkins-ci/annotation-indexer/1.7/annotation-indexer-1.7.jar
7fa984979000-7fa98497c000 r--s 00013000 fc:01 4149427                    /home/jhbu228/.m2/repository/args4j/args4j/2.0.31/args4j-2.0.31.jar
7fa98497c000-7fa984982000 r--s 00045000 fc:01 4149419                    /home/jhbu228/.m2/repository/commons-httpclient/commons-httpclient/3.1/commons-httpclient-3.1.jar
7fa984982000-7fa984985000 r--s 00013000 fc:01 4149423                    /home/jhbu228/.m2/repository/net/sf/ezmorph/ezmorph/1.0.6/ezmorph-1.0.6.jar
7fa984985000-7fa984988000 r--s 00020000 fc:01 4149422                    /home/jhbu228/.m2/repository/org/kohsuke/stapler/json-lib/2.4-jenkins-2/json-lib-2.4-jenkins-2.jar
7fa984988000-7fa984989000 r--s 00000000 fc:01 4149421                    /home/jhbu228/.m2/repository/com/infradna/tool/bridge-method-annotation/1.13/bridge-method-annotation-1.13.jar
7fa984989000-7fa98498c000 r--s 0002d000 fc:01 4149420                    /home/jhbu228/.m2/repository/org/kohsuke/stapler/stapler-adjunct-timeline/1.4/stapler-adjunct-timeline-1.4-tests.jar
7fa98498c000-7fa984992000 r--s 0003e000 fc:01 4149417                    /home/jhbu228/.m2/repository/org/kohsuke/stapler/stapler-adjunct-codemirror/1.3/stapler-adjunct-codemirror-1.3.jar
7fa984992000-7fa984996000 r--s 00025000 fc:01 4149414                    /home/jhbu228/.m2/repository/org/kohsuke/stapler/stapler-adjunct-timeline/1.4/stapler-adjunct-timeline-1.4.jar
7fa984996000-7fa984997000 r--s 00004000 fc:01 4149413                    /home/jhbu228/.m2/repository/org/kohsuke/stapler/stapler-adjunct-zeroclipboard/1.3.5-1/stapler-adjunct-zeroclipboard-1.3.5-1.jar
7fa984997000-7fa984999000 r--s 00000000 fc:01 4149411                    /home/jhbu228/.m2/repository/org/kohsuke/windows-package-checker/1.0/windows-package-checker-1.0.jar
7fa984999000-7fa98499b000 r--s 00003000 fc:01 3893099                    /home/jhbu228/.m2/repository/org/jvnet/tiger-types/1.3/tiger-types-1.3.jar
7fa98499b000-7fa98499e000 r--s 00010000 fc:01 3878182                    /home/jhbu228/.m2/repository/commons-discovery/commons-discovery/0.4/commons-discovery-0.4.jar
7fa98499e000-7fa9849a0000 r--s 00005000 fc:01 4149408                    /home/jhbu228/.m2/repository/javax/annotation/javax.annotation-api/1.2/javax.annotation-api-1.2.jar
7fa9849a0000-7fa9849a7000 r--s 0004f000 fc:01 4149405                    /home/jhbu228/.m2/repository/org/kohsuke/stapler/stapler/1.236/stapler-1.236.jar
7fa9849a7000-7fa9849a8000 r--s 00001000 fc:01 4149404                    /home/jhbu228/.m2/repository/org/kohsuke/stapler/stapler-jrebel/1.236/stapler-jrebel-1.236.jar
7fa9849a8000-7fa9849ad000 r--s 0003a000 fc:01 4149402                    /home/jhbu228/.m2/repository/org/jenkins-ci/dom4j/dom4j/1.6.1-jenkins-4/dom4j-1.6.1-jenkins-4.jar
7fa9849ad000-7fa9849b1000 r--s 00026000 fc:01 4149400                    /home/jhbu228/.m2/repository/org/jenkins-ci/commons-jelly/1.1-jenkins-20120928/commons-jelly-1.1-jenkins-20120928.jar
7fa9849b1000-7fa9849b4000 r--s 00013000 fc:01 4149385                    /home/jhbu228/.m2/repository/org/kohsuke/stapler/stapler-jelly/1.236/stapler-jelly-1.236.jar
7fa9849b4000-7fa9849b6000 r--s 00007000 fc:01 3893097                    /home/jhbu228/.m2/repository/org/kohsuke/stapler/stapler-groovy/1.236/stapler-groovy-1.236.jar
7fa9849b6000-7fa9849bb000 r--s 0003c000 fc:01 4149397                    /home/jhbu228/.m2/repository/org/jenkins-ci/trilead-ssh2/build217-jenkins-8/trilead-ssh2-build217-jenkins-8.jar
7fa9849bb000-7fa9849bc000 r--s 00001000 fc:01 4149396                    /home/jhbu228/.m2/repository/org/kohsuke/trilead-putty-extension/1.2/trilead-putty-extension-1.2.jar
7fa9849bc000-7fa9849c1000 r--s 00048000 fc:01 4149395                    /home/jhbu228/.m2/repository/com/github/jnr/jnr-constants/0.8.5/jnr-constants-0.8.5.jar
7fa9849c1000-7fa9849c4000 r--s 00033000 fc:01 4149386                    /home/jhbu228/.m2/repository/com/github/jnr/jnr-x86asm/1.0.2/jnr-x86asm-1.0.2.jar
7fa9849c4000-7fa9849c6000 r--s 00008000 fc:01 4149389                    /home/jhbu228/.m2/repository/org/ow2/asm/asm-util/4.0/asm-util-4.0.jar
7fa9849c6000-7fa9849d6000 r--s 0008e000 fc:01 4149369                    /home/jhbu228/.m2/repository/com/github/jnr/jnr-ffi/1.0.7/jnr-ffi-1.0.7.jar
7fa9849d6000-7fa9849ed000 r-xp 00000000 fc:01 1817044                    /usr/lib/jvm/java-8-openjdk-amd64/jre/lib/amd64/libnet.so
7fa9849ed000-7fa984bed000 ---p 00017000 fc:01 1817044                    /usr/lib/jvm/java-8-openjdk-amd64/jre/lib/amd64/libnet.so
7fa984bed000-7fa984bee000 r--p 00017000 fc:01 1817044                    /usr/lib/jvm/java-8-openjdk-amd64/jre/lib/amd64/libnet.so
7fa984bee000-7fa984bef000 rw-p 00018000 fc:01 1817044                    /usr/lib/jvm/java-8-openjdk-amd64/jre/lib/amd64/libnet.so
7fa984bef000-7fa984c01000 r-xp 00000000 fc:01 1817045                    /usr/lib/jvm/java-8-openjdk-amd64/jre/lib/amd64/libnio.so
7fa984c01000-7fa984e00000 ---p 00012000 fc:01 1817045                    /usr/lib/jvm/java-8-openjdk-amd64/jre/lib/amd64/libnio.so
7fa984e00000-7fa984e01000 r--p 00011000 fc:01 1817045                    /usr/lib/jvm/java-8-openjdk-amd64/jre/lib/amd64/libnio.so
7fa984e01000-7fa984e02000 rw-p 00012000 fc:01 1817045                    /usr/lib/jvm/java-8-openjdk-amd64/jre/lib/amd64/libnio.so
7fa984e02000-7fa984e03000 ---p 00000000 00:00 0 
7fa984e03000-7fa984f03000 rw-p 00000000 00:00 0 
7fa984f03000-7fa984f06000 ---p 00000000 00:00 0 
7fa984f06000-7fa985004000 rw-p 00000000 00:00 0 
7fa985004000-7fa985005000 ---p 00000000 00:00 0 
7fa985005000-7fa985008000 ---p 00000000 00:00 0 
7fa985008000-7fa985105000 rw-p 00000000 00:00 0 
7fa985105000-7fa985106000 ---p 00000000 00:00 0 
7fa985106000-7fa985109000 ---p 00000000 00:00 0 
7fa985109000-7fa985206000 rw-p 00000000 00:00 0 
7fa985206000-7fa985209000 ---p 00000000 00:00 0 
7fa985209000-7fa985307000 rw-p 00000000 00:00 0 
7fa985307000-7fa98547a000 r--p 00000000 fc:01 25817                      /usr/lib/locale/C.UTF-8/LC_COLLATE
7fa98547a000-7fa985615000 r--p 00000000 fc:01 38854                      /usr/lib/locale/locale-archive
7fa985615000-7fa985618000 ---p 00000000 00:00 0 
7fa985618000-7fa985716000 rw-p 00000000 00:00 0 
7fa985716000-7fa985719000 ---p 00000000 00:00 0 
7fa985719000-7fa985817000 rw-p 00000000 00:00 0 
7fa985817000-7fa985818000 ---p 00000000 00:00 0 
7fa985818000-7fa988000000 rw-p 00000000 00:00 0 
7fa988000000-7fa988021000 rw-p 00000000 00:00 0 
7fa988021000-7fa98c000000 ---p 00000000 00:00 0 
7fa98c000000-7fa98c002000 r--s 00004000 fc:01 4149351                    /home/jhbu228/.m2/repository/org/ow2/asm/asm-tree/4.0/asm-tree-4.0.jar
7fa98c002000-7fa98c003000 r--s 00004000 fc:01 4149367                    /home/jhbu228/.m2/repository/org/ow2/asm/asm-analysis/4.0/asm-analysis-4.0.jar
7fa98c003000-7fa98c005000 r--s 00008000 fc:01 4149388                    /home/jhbu228/.m2/repository/org/ow2/asm/asm-commons/4.0/asm-commons-4.0.jar
7fa98c005000-7fa98c007000 r--s 0000a000 fc:01 4149379                    /home/jhbu228/.m2/repository/org/ow2/asm/asm/4.0/asm-4.0.jar
7fa98c007000-7fa98c009000 r--s 0005d000 fc:01 4149353                    /home/jhbu228/.m2/repository/com/github/jnr/jffi/1.2.7/jffi-1.2.7-native.jar
7fa98c009000-7fa98c00d000 r--s 00020000 fc:01 4149377                    /home/jhbu228/.m2/repository/com/github/jnr/jffi/1.2.7/jffi-1.2.7.jar
7fa98c00d000-7fa98c011000 r--s 00023000 fc:01 4149370                    /home/jhbu228/.m2/repository/com/github/jnr/jnr-posix/3.0.1/jnr-posix-3.0.1.jar
7fa98c011000-7fa98c014000 r--s 00014000 fc:01 4149368                    /home/jhbu228/.m2/repository/org/jruby/ext/posix/jna-posix/1.0.3-jenkins-1/jna-posix-1.0.3-jenkins-1.jar
7fa98c014000-7fa98c016000 r--s 00000000 fc:01 4149359                    /home/jhbu228/.m2/repository/aopalliance/aopalliance/1.0/aopalliance-1.0.jar
7fa98c016000-7fa98c017000 r--s 00000000 fc:01 4149355                    /home/jhbu228/.m2/repository/javax/inject/javax.inject/1/javax.inject-1.jar
7fa98c017000-7fa98c037000 r--s 0014c000 fc:01 4149366                    /home/jhbu228/.m2/repository/com/google/inject/guice/4.0-beta/guice-4.0-beta.jar
7fa98c037000-7fa98c038000 r--s 00000000 fc:01 4149360                    /home/jhbu228/.m2/repository/org/jenkins-ci/core-annotation-processors/1.0/core-annotation-processors-1.0.jar
7fa98c038000-7fa98c03b000 r--s 0001c000 fc:01 4149356                    /home/jhbu228/.m2/repository/org/jvnet/hudson/jtidy/4aug2000r7-dev-hudson-1/jtidy-4aug2000r7-dev-hudson-1.jar
7fa98c03b000-7fa98c03d000 r--s 00000000 fc:01 4149354                    /home/jhbu228/.m2/repository/org/jenkins-ci/crypto-util/1.1/crypto-util-1.1.jar
7fa98c03d000-7fa98c03e000 r--s 00002000 fc:01 4149358                    /home/jhbu228/.m2/repository/org/jenkins-ci/version-number/1.1/version-number-1.1.jar
7fa98c03e000-7fa98c040000 r--s 00008000 fc:01 4148331                    /home/jhbu228/CS498/mp3/jenkins/cli/target/cli-1.610-SNAPSHOT.jar
7fa98c040000-7fa98c041000 r--s 00003000 fc:01 4148113                    /home/jhbu228/.m2/repository/org/jenkins-ci/constant-pool-scanner/1.2/constant-pool-scanner-1.2.jar
7fa98c041000-7fa98c04a000 r--s 0006c000 fc:01 4148112                    /home/jhbu228/.m2/repository/org/jenkins-ci/main/remoting/2.50/remoting-2.50.jar
7fa98c04a000-7fa98c04c000 r--s 00003000 fc:01 4149352                    /home/jhbu228/.m2/repository/org/jenkins-ci/plugins/icon-shim/icon-set/1.0.5/icon-set-1.0.5.jar
7fa98c04c000-7fa98c050000 r--s 00021000 fc:01 4148306                    /home/jhbu228/.m2/repository/org/apache/maven/surefire/surefire-api/2.16/surefire-api-2.16.jar
7fa98c050000-7fa98c052000 r--s 00008000 fc:01 4148310                    /home/jhbu228/.m2/repository/org/apache/maven/surefire/surefire-booter/2.16/surefire-booter-2.16.jar
7fa98c052000-7fa98c053000 r--s 00003000 fc:01 4388964                    /home/jhbu228/CS498/mp3/jenkins/core/target/surefire/surefirebooter5143495110935839413.jar
7fa98c053000-7fa98c056000 r--s 0000f000 fc:01 1818085                    /usr/lib/jvm/java-8-openjdk-amd64/jre/lib/ext/icedtea-sound.jar
7fa98c056000-7fa98c05a000 r--s 0003a000 fc:01 1822826                    /usr/lib/jvm/java-8-openjdk-amd64/jre/lib/ext/sunpkcs11.jar
7fa98c05a000-7fa98c075000 r--s 001d6000 fc:01 1820035                    /usr/lib/jvm/java-8-openjdk-amd64/jre/lib/ext/nashorn.jar
7fa98c075000-7fa98c07f000 r--s 00117000 fc:01 1818087                    /usr/lib/jvm/java-8-openjdk-amd64/jre/lib/ext/localedata.jar
7fa98c07f000-7fa98c085000 r--s 0003d000 fc:01 1822825                    /usr/lib/jvm/java-8-openjdk-amd64/jre/lib/ext/sunjce_provider.jar
7fa98c085000-7fa98c086000 r--s 0000a000 fc:01 1818086                    /usr/lib/jvm/java-8-openjdk-amd64/jre/lib/ext/jaccess.jar
7fa98c086000-7fa98c088000 r--s 00007000 fc:01 76117                      /usr/share/java/java-atk-wrapper.jar
7fa98c088000-7fa98c08a000 r--s 00001000 fc:01 1818084                    /usr/lib/jvm/java-8-openjdk-amd64/jre/lib/ext/dnsns.jar
7fa98c08a000-7fa98c0a5000 r--s 00394000 fc:01 1818074                    /usr/lib/jvm/java-8-openjdk-amd64/jre/lib/ext/cldrdata.jar
7fa98c0a5000-7fa98c0a6000 r--s 00010000 fc:01 1822922                    /usr/lib/jvm/java-8-openjdk-amd64/jre/lib/ext/zipfs.jar
7fa98c0a6000-7fa98c1f5000 rw-p 00000000 00:00 0 
7fa98c1f5000-7fa98c3c7000 r--s 03ca8000 fc:01 1822945                    /usr/lib/jvm/java-8-openjdk-amd64/jre/lib/rt.jar
7fa98c3c7000-7fa98cdb5000 rw-p 00000000 00:00 0 
7fa98cdb5000-7fa98cdb6000 ---p 00000000 00:00 0 
7fa98cdb6000-7fa98cec8000 rw-p 00000000 00:00 0 
7fa98cec8000-7fa98d000000 ---p 00000000 00:00 0 
7fa98d000000-7fa98dee0000 rwxp 00000000 00:00 0 
7fa98dee0000-7fa99c000000 ---p 00000000 00:00 0 
7fa99c000000-7fa99d0d2000 rw-p 00000000 00:00 0 
7fa99d0d2000-7fa9a0000000 ---p 00000000 00:00 0 
7fa9a0000000-7fa9a0001000 r--s 0000d000 fc:01 1820037                    /usr/lib/jvm/java-8-openjdk-amd64/jre/lib/ext/sunec.jar
7fa9a0001000-7fa9a0032000 r--p 00000000 fc:01 25818                      /usr/lib/locale/C.UTF-8/LC_CTYPE
7fa9a0032000-7fa9a0033000 r--p 00000000 fc:01 25824                      /usr/lib/locale/C.UTF-8/LC_NUMERIC
7fa9a0033000-7fa9a0034000 r--p 00000000 fc:01 25827                      /usr/lib/locale/C.UTF-8/LC_TIME
7fa9a0034000-7fa9a0035000 r--p 00000000 fc:01 25822                      /usr/lib/locale/C.UTF-8/LC_MONETARY
7fa9a0035000-7fa9a0036000 r--p 00000000 fc:01 25821                      /usr/lib/locale/C.UTF-8/LC_MESSAGES/SYS_LC_MESSAGES
7fa9a0036000-7fa9a0037000 r--p 00000000 fc:01 25825                      /usr/lib/locale/C.UTF-8/LC_PAPER
7fa9a0037000-7fa9a0038000 ---p 00000000 00:00 0 
7fa9a0038000-7fa9a014a000 rw-p 00000000 00:00 0 
7fa9a014a000-7fa9a0281000 ---p 00000000 00:00 0 
7fa9a0281000-7fa9a0306000 rw-p 00000000 00:00 0 
7fa9a0306000-7fa9a0326000 ---p 00000000 00:00 0 
7fa9a0326000-7fa9a0363000 rw-p 00000000 00:00 0 
7fa9a0363000-7fa9a06e7000 ---p 00000000 00:00 0 
7fa9a06e7000-7fa9a06ef000 r-xp 00000000 fc:01 1817052                    /usr/lib/jvm/java-8-openjdk-amd64/jre/lib/amd64/libzip.so
7fa9a06ef000-7fa9a08ee000 ---p 00008000 fc:01 1817052                    /usr/lib/jvm/java-8-openjdk-amd64/jre/lib/amd64/libzip.so
7fa9a08ee000-7fa9a08ef000 r--p 00007000 fc:01 1817052                    /usr/lib/jvm/java-8-openjdk-amd64/jre/lib/amd64/libzip.so
7fa9a08ef000-7fa9a08f0000 rw-p 00008000 fc:01 1817052                    /usr/lib/jvm/java-8-openjdk-amd64/jre/lib/amd64/libzip.so
7fa9a08f0000-7fa9a08fb000 r-xp 00000000 fc:01 47531                      /lib/x86_64-linux-gnu/libnss_files-2.27.so
7fa9a08fb000-7fa9a0afa000 ---p 0000b000 fc:01 47531                      /lib/x86_64-linux-gnu/libnss_files-2.27.so
7fa9a0afa000-7fa9a0afb000 r--p 0000a000 fc:01 47531                      /lib/x86_64-linux-gnu/libnss_files-2.27.so
7fa9a0afb000-7fa9a0afc000 rw-p 0000b000 fc:01 47531                      /lib/x86_64-linux-gnu/libnss_files-2.27.so
7fa9a0afc000-7fa9a0b02000 rw-p 00000000 00:00 0 
7fa9a0b02000-7fa9a0b19000 r-xp 00000000 fc:01 30395                      /lib/x86_64-linux-gnu/libnsl-2.27.so
7fa9a0b19000-7fa9a0d18000 ---p 00017000 fc:01 30395                      /lib/x86_64-linux-gnu/libnsl-2.27.so
7fa9a0d18000-7fa9a0d19000 r--p 00016000 fc:01 30395                      /lib/x86_64-linux-gnu/libnsl-2.27.so
7fa9a0d19000-7fa9a0d1a000 rw-p 00017000 fc:01 30395                      /lib/x86_64-linux-gnu/libnsl-2.27.so
7fa9a0d1a000-7fa9a0d1c000 rw-p 00000000 00:00 0 
7fa9a0d1c000-7fa9a0d27000 r-xp 00000000 fc:01 47534                      /lib/x86_64-linux-gnu/libnss_nis-2.27.so
7fa9a0d27000-7fa9a0f26000 ---p 0000b000 fc:01 47534                      /lib/x86_64-linux-gnu/libnss_nis-2.27.so
7fa9a0f26000-7fa9a0f27000 r--p 0000a000 fc:01 47534                      /lib/x86_64-linux-gnu/libnss_nis-2.27.so
7fa9a0f27000-7fa9a0f28000 rw-p 0000b000 fc:01 47534                      /lib/x86_64-linux-gnu/libnss_nis-2.27.so
7fa9a0f28000-7fa9a0f30000 r-xp 00000000 fc:01 47527                      /lib/x86_64-linux-gnu/libnss_compat-2.27.so
7fa9a0f30000-7fa9a1130000 ---p 00008000 fc:01 47527                      /lib/x86_64-linux-gnu/libnss_compat-2.27.so
7fa9a1130000-7fa9a1131000 r--p 00008000 fc:01 47527                      /lib/x86_64-linux-gnu/libnss_compat-2.27.so
7fa9a1131000-7fa9a1132000 rw-p 00009000 fc:01 47527                      /lib/x86_64-linux-gnu/libnss_compat-2.27.so
7fa9a1132000-7fa9a115c000 r-xp 00000000 fc:01 1817015                    /usr/lib/jvm/java-8-openjdk-amd64/jre/lib/amd64/libjava.so
7fa9a115c000-7fa9a135b000 ---p 0002a000 fc:01 1817015                    /usr/lib/jvm/java-8-openjdk-amd64/jre/lib/amd64/libjava.so
7fa9a135b000-7fa9a135c000 r--p 00029000 fc:01 1817015                    /usr/lib/jvm/java-8-openjdk-amd64/jre/lib/amd64/libjava.so
7fa9a135c000-7fa9a135e000 rw-p 0002a000 fc:01 1817015                    /usr/lib/jvm/java-8-openjdk-amd64/jre/lib/amd64/libjava.so
7fa9a135e000-7fa9a136e000 r-xp 00000000 fc:01 1817051                    /usr/lib/jvm/java-8-openjdk-amd64/jre/lib/amd64/libverify.so
7fa9a136e000-7fa9a156d000 ---p 00010000 fc:01 1817051                    /usr/lib/jvm/java-8-openjdk-amd64/jre/lib/amd64/libverify.so
7fa9a156d000-7fa9a156f000 r--p 0000f000 fc:01 1817051                    /usr/lib/jvm/java-8-openjdk-amd64/jre/lib/amd64/libverify.so
7fa9a156f000-7fa9a1570000 rw-p 00011000 fc:01 1817051                    /usr/lib/jvm/java-8-openjdk-amd64/jre/lib/amd64/libverify.so
7fa9a1570000-7fa9a1577000 r-xp 00000000 fc:01 47547                      /lib/x86_64-linux-gnu/librt-2.27.so
7fa9a1577000-7fa9a1776000 ---p 00007000 fc:01 47547                      /lib/x86_64-linux-gnu/librt-2.27.so
7fa9a1776000-7fa9a1777000 r--p 00006000 fc:01 47547                      /lib/x86_64-linux-gnu/librt-2.27.so
7fa9a1777000-7fa9a1778000 rw-p 00007000 fc:01 47547                      /lib/x86_64-linux-gnu/librt-2.27.so
7fa9a1778000-7fa9a178f000 r-xp 00000000 fc:01 15773                      /lib/x86_64-linux-gnu/libgcc_s.so.1
7fa9a178f000-7fa9a198e000 ---p 00017000 fc:01 15773                      /lib/x86_64-linux-gnu/libgcc_s.so.1
7fa9a198e000-7fa9a198f000 r--p 00016000 fc:01 15773                      /lib/x86_64-linux-gnu/libgcc_s.so.1
7fa9a198f000-7fa9a1990000 rw-p 00017000 fc:01 15773                      /lib/x86_64-linux-gnu/libgcc_s.so.1
7fa9a1990000-7fa9a1b2d000 r-xp 00000000 fc:01 29621                      /lib/x86_64-linux-gnu/libm-2.27.so
7fa9a1b2d000-7fa9a1d2c000 ---p 0019d000 fc:01 29621                      /lib/x86_64-linux-gnu/libm-2.27.so
7fa9a1d2c000-7fa9a1d2d000 r--p 0019c000 fc:01 29621                      /lib/x86_64-linux-gnu/libm-2.27.so
7fa9a1d2d000-7fa9a1d2e000 rw-p 0019d000 fc:01 29621                      /lib/x86_64-linux-gnu/libm-2.27.so
7fa9a1d2e000-7fa9a1ea7000 r-xp 00000000 fc:01 47831                      /usr/lib/x86_64-linux-gnu/libstdc++.so.6.0.25
7fa9a1ea7000-7fa9a20a7000 ---p 00179000 fc:01 47831                      /usr/lib/x86_64-linux-gnu/libstdc++.so.6.0.25
7fa9a20a7000-7fa9a20b1000 r--p 00179000 fc:01 47831                      /usr/lib/x86_64-linux-gnu/libstdc++.so.6.0.25
7fa9a20b1000-7fa9a20b3000 rw-p 00183000 fc:01 47831                      /usr/lib/x86_64-linux-gnu/libstdc++.so.6.0.25
7fa9a20b3000-7fa9a20b7000 rw-p 00000000 00:00 0 
7fa9a20b7000-7fa9a2d5f000 r-xp 00000000 fc:01 1817054                    /usr/lib/jvm/java-8-openjdk-amd64/jre/lib/amd64/server/libjvm.so
7fa9a2d5f000-7fa9a2f5f000 ---p 00ca8000 fc:01 1817054                    /usr/lib/jvm/java-8-openjdk-amd64/jre/lib/amd64/server/libjvm.so
7fa9a2f5f000-7fa9a2ff3000 r--p 00ca8000 fc:01 1817054                    /usr/lib/jvm/java-8-openjdk-amd64/jre/lib/amd64/server/libjvm.so
7fa9a2ff3000-7fa9a301c000 rw-p 00d3c000 fc:01 1817054                    /usr/lib/jvm/java-8-openjdk-amd64/jre/lib/amd64/server/libjvm.so
7fa9a301c000-7fa9a304c000 rw-p 00000000 00:00 0 
7fa9a304c000-7fa9a3066000 r-xp 00000000 fc:01 47544                      /lib/x86_64-linux-gnu/libpthread-2.27.so
7fa9a3066000-7fa9a3265000 ---p 0001a000 fc:01 47544                      /lib/x86_64-linux-gnu/libpthread-2.27.so
7fa9a3265000-7fa9a3266000 r--p 00019000 fc:01 47544                      /lib/x86_64-linux-gnu/libpthread-2.27.so
7fa9a3266000-7fa9a3267000 rw-p 0001a000 fc:01 47544                      /lib/x86_64-linux-gnu/libpthread-2.27.so
7fa9a3267000-7fa9a326b000 rw-p 00000000 00:00 0 
7fa9a326b000-7fa9a326e000 r-xp 00000000 fc:01 29619                      /lib/x86_64-linux-gnu/libdl-2.27.so
7fa9a326e000-7fa9a346d000 ---p 00003000 fc:01 29619                      /lib/x86_64-linux-gnu/libdl-2.27.so
7fa9a346d000-7fa9a346e000 r--p 00002000 fc:01 29619                      /lib/x86_64-linux-gnu/libdl-2.27.so
7fa9a346e000-7fa9a346f000 rw-p 00003000 fc:01 29619                      /lib/x86_64-linux-gnu/libdl-2.27.so
7fa9a346f000-7fa9a348b000 r-xp 00000000 fc:01 2187                       /lib/x86_64-linux-gnu/libz.so.1.2.11
7fa9a348b000-7fa9a368a000 ---p 0001c000 fc:01 2187                       /lib/x86_64-linux-gnu/libz.so.1.2.11
7fa9a368a000-7fa9a368b000 r--p 0001b000 fc:01 2187                       /lib/x86_64-linux-gnu/libz.so.1.2.11
7fa9a368b000-7fa9a368c000 rw-p 0001c000 fc:01 2187                       /lib/x86_64-linux-gnu/libz.so.1.2.11
7fa9a368c000-7fa9a3873000 r-xp 00000000 fc:01 13724                      /lib/x86_64-linux-gnu/libc-2.27.so
7fa9a3873000-7fa9a3a73000 ---p 001e7000 fc:01 13724                      /lib/x86_64-linux-gnu/libc-2.27.so
7fa9a3a73000-7fa9a3a77000 r--p 001e7000 fc:01 13724                      /lib/x86_64-linux-gnu/libc-2.27.so
7fa9a3a77000-7fa9a3a79000 rw-p 001eb000 fc:01 13724                      /lib/x86_64-linux-gnu/libc-2.27.so
7fa9a3a79000-7fa9a3a7d000 rw-p 00000000 00:00 0 
7fa9a3a7d000-7fa9a3a8b000 r-xp 00000000 fc:01 1816974                    /usr/lib/jvm/java-8-openjdk-amd64/jre/lib/amd64/jli/libjli.so
7fa9a3a8b000-7fa9a3c8a000 ---p 0000e000 fc:01 1816974                    /usr/lib/jvm/java-8-openjdk-amd64/jre/lib/amd64/jli/libjli.so
7fa9a3c8a000-7fa9a3c8b000 r--p 0000d000 fc:01 1816974                    /usr/lib/jvm/java-8-openjdk-amd64/jre/lib/amd64/jli/libjli.so
7fa9a3c8b000-7fa9a3c8c000 rw-p 0000e000 fc:01 1816974                    /usr/lib/jvm/java-8-openjdk-amd64/jre/lib/amd64/jli/libjli.so
7fa9a3c8c000-7fa9a3cb3000 r-xp 00000000 fc:01 13292                      /lib/x86_64-linux-gnu/ld-2.27.so
7fa9a3cb3000-7fa9a3cb4000 r--p 00000000 fc:01 25823                      /usr/lib/locale/C.UTF-8/LC_NAME
7fa9a3cb4000-7fa9a3cb5000 r--p 00000000 fc:01 25816                      /usr/lib/locale/C.UTF-8/LC_ADDRESS
7fa9a3cb5000-7fa9a3cb6000 r--p 00000000 fc:01 25826                      /usr/lib/locale/C.UTF-8/LC_TELEPHONE
7fa9a3cb6000-7fa9a3cb7000 r--p 00000000 fc:01 25820                      /usr/lib/locale/C.UTF-8/LC_MEASUREMENT
7fa9a3cb7000-7fa9a3d88000 rw-p 00000000 00:00 0 
7fa9a3d88000-7fa9a3d89000 ---p 00000000 00:00 0 
7fa9a3d89000-7fa9a3d8c000 ---p 00000000 00:00 0 
7fa9a3d8c000-7fa9a3e8b000 rw-p 00000000 00:00 0 
7fa9a3e8b000-7fa9a3e92000 r--s 00000000 fc:01 48023                      /usr/lib/x86_64-linux-gnu/gconv/gconv-modules.cache
7fa9a3e92000-7fa9a3e93000 r--p 00000000 fc:01 25819                      /usr/lib/locale/C.UTF-8/LC_IDENTIFICATION
7fa9a3e93000-7fa9a3ea7000 rw-p 00000000 00:00 0 
7fa9a3ea7000-7fa9a3eaf000 rw-s 00000000 fc:01 3885162                    /tmp/hsperfdata_jhbu228/15879
7fa9a3eaf000-7fa9a3eb0000 rw-p 00000000 00:00 0 
7fa9a3eb0000-7fa9a3eb1000 ---p 00000000 00:00 0 
7fa9a3eb1000-7fa9a3eb3000 rw-p 00000000 00:00 0 
7fa9a3eb3000-7fa9a3eb4000 r--p 00027000 fc:01 13292                      /lib/x86_64-linux-gnu/ld-2.27.so
7fa9a3eb4000-7fa9a3eb5000 rw-p 00028000 fc:01 13292                      /lib/x86_64-linux-gnu/ld-2.27.so
7fa9a3eb5000-7fa9a3eb6000 rw-p 00000000 00:00 0 
7ffd5e25e000-7ffd5e27f000 rw-p 00000000 00:00 0                          [stack]
7ffd5e33f000-7ffd5e342000 r--p 00000000 00:00 0                          [vvar]
7ffd5e342000-7ffd5e344000 r-xp 00000000 00:00 0                          [vdso]
ffffffffff600000-ffffffffff601000 r-xp 00000000 00:00 0                  [vsyscall]

VM Arguments:
jvm_args: -XX:MaxPermSize=128m 
java_command: /home/jhbu228/CS498/mp3/jenkins/core/target/surefire/surefirebooter5143495110935839413.jar /home/jhbu228/CS498/mp3/jenkins/core/target/surefire/surefire88438929794464534tmp /home/jhbu228/CS498/mp3/jenkins/core/target/surefire/surefire_08002362487133519196tmp
java_class_path (initial): /home/jhbu228/CS498/mp3/jenkins/core/target/surefire/surefirebooter5143495110935839413.jar
Launcher Type: SUN_STANDARD

Environment Variables:
JAVA_HOME=/usr/lib/jvm/java-8-openjdk-amd64
PATH=/usr/lib/jvm/java-8-openjdk-amd64/jre/bin:/usr/lib/jvm/java-8-openjdk-amd64/jre/bin:/usr/lib/jvm/java-11-openjdk-amd64/jre/bin:/usr/local/sbin:/usr/local/bin:/usr/sbin:/usr/bin:/sbin:/bin:/usr/games:/usr/local/games:/snap/bin
SHELL=/bin/bash

Signal Handlers:
SIGSEGV: [libjvm.so+0xabb430], sa_mask[0]=11111111011111111101111111111110, sa_flags=SA_RESTART|SA_SIGINFO
SIGBUS: [libjvm.so+0xabb430], sa_mask[0]=11111111011111111101111111111110, sa_flags=SA_RESTART|SA_SIGINFO
SIGFPE: [libjvm.so+0x8eb5b0], sa_mask[0]=11111111011111111101111111111110, sa_flags=SA_RESTART|SA_SIGINFO
SIGPIPE: [libjvm.so+0x8eb5b0], sa_mask[0]=11111111011111111101111111111110, sa_flags=SA_RESTART|SA_SIGINFO
SIGXFSZ: [libjvm.so+0x8eb5b0], sa_mask[0]=11111111011111111101111111111110, sa_flags=SA_RESTART|SA_SIGINFO
SIGILL: [libjvm.so+0x8eb5b0], sa_mask[0]=11111111011111111101111111111110, sa_flags=SA_RESTART|SA_SIGINFO
SIGUSR1: SIG_DFL, sa_mask[0]=00000000000000000000000000000000, sa_flags=none
SIGUSR2: [libjvm.so+0x8eb460], sa_mask[0]=00100000000000000000000000000000, sa_flags=SA_RESTART|SA_SIGINFO
SIGHUP: [libjvm.so+0x8ebad0], sa_mask[0]=11111111011111111101111111111110, sa_flags=SA_RESTART|SA_SIGINFO
SIGINT: [libjvm.so+0x8ebad0], sa_mask[0]=11111111011111111101111111111110, sa_flags=SA_RESTART|SA_SIGINFO
SIGTERM: [libjvm.so+0x8ebad0], sa_mask[0]=11111111011111111101111111111110, sa_flags=SA_RESTART|SA_SIGINFO
SIGQUIT: [libjvm.so+0x8ebad0], sa_mask[0]=11111111011111111101111111111110, sa_flags=SA_RESTART|SA_SIGINFO


---------------  S Y S T E M  ---------------

OS:DISTRIB_ID=Ubuntu
DISTRIB_RELEASE=18.04
DISTRIB_CODENAME=bionic
DISTRIB_DESCRIPTION="Ubuntu 18.04.5 LTS"

uname:Linux 4.15.0-112-generic #113-Ubuntu SMP Thu Jul 9 23:41:39 UTC 2020 x86_64
libc:glibc 2.27 NPTL 2.27 
rlimit: STACK 8192k, CORE 0k, NPROC 15517, NOFILE 1048576, AS infinity
load average:19.47 8.21 4.39

/proc/meminfo:
MemTotal:        4039144 kB
MemFree:           87204 kB
MemAvailable:       1184 kB
Buffers:             392 kB
Cached:            72836 kB
SwapCached:            0 kB
Active:          3671280 kB
Inactive:          64568 kB
Active(anon):    3664424 kB
Inactive(anon):    57000 kB
Active(file):       6856 kB
Inactive(file):     7568 kB
Unevictable:          48 kB
Mlocked:              48 kB
SwapTotal:             0 kB
SwapFree:              0 kB
Dirty:              7816 kB
Writeback:            28 kB
AnonPages:       3662896 kB
Mapped:            61776 kB
Shmem:             58576 kB
Slab:             118660 kB
SReclaimable:      54748 kB
SUnreclaim:        63912 kB
KernelStack:       11040 kB
PageTables:        47148 kB
NFS_Unstable:          0 kB
Bounce:                0 kB
WritebackTmp:          0 kB
CommitLimit:     2019572 kB
Committed_AS:    7639584 kB
VmallocTotal:   34359738367 kB
VmallocUsed:           0 kB
VmallocChunk:          0 kB
HardwareCorrupted:     0 kB
AnonHugePages:         0 kB
ShmemHugePages:        0 kB
ShmemPmdMapped:        0 kB
CmaTotal:              0 kB
CmaFree:               0 kB
HugePages_Total:       0
HugePages_Free:        0
HugePages_Rsvd:        0
HugePages_Surp:        0
Hugepagesize:       2048 kB
DirectMap4k:      489328 kB
DirectMap2M:     3704832 kB
DirectMap1G:     2097152 kB

container (cgroup) information:
container_type: cgroupv1
cpu_cpuset_cpus: 0-1
cpu_memory_nodes: 0
active_processor_count: 2
cpu_quota: -1
cpu_period: 100000
cpu_shares: -1
memory_limit_in_bytes: -1
memory_and_swap_limit_in_bytes: -2
memory_soft_limit_in_bytes: -1
memory_usage_in_bytes: 3722059776
memory_max_usage_in_bytes: 3754868736


CPU:total 2 (initial active 2) (1 cores per cpu, 1 threads per core) family 6 model 85 stepping 4, cmov, cx8, fxsr, mmx, sse, sse2, sse3, ssse3, sse4.1, sse4.2, popcnt, avx, avx2, aes, clmul, erms, rtm, 3dnowpref, lzcnt, tsc, bmi1, bmi2, adx

/proc/cpuinfo:
processor	: 0
vendor_id	: GenuineIntel
cpu family	: 6
model		: 85
model name	: Intel Xeon Processor (Skylake, IBRS)
stepping	: 4
microcode	: 0x1
cpu MHz		: 2095.074
cache size	: 16384 KB
physical id	: 0
siblings	: 1
core id		: 0
cpu cores	: 1
apicid		: 0
initial apicid	: 0
fpu		: yes
fpu_exception	: yes
cpuid level	: 13
wp		: yes
flags		: fpu vme de pse tsc msr pae mce cx8 apic sep mtrr pge mca cmov pat pse36 clflush mmx fxsr sse sse2 ss syscall nx pdpe1gb rdtscp lm constant_tsc rep_good nopl xtopology cpuid tsc_known_freq pni pclmulqdq vmx ssse3 fma cx16 pcid sse4_1 sse4_2 x2apic movbe popcnt tsc_deadline_timer aes xsave avx f16c rdrand hypervisor lahf_lm abm 3dnowprefetch cpuid_fault invpcid_single pti ssbd ibrs ibpb tpr_shadow vnmi flexpriority ept vpid fsgsbase tsc_adjust bmi1 hle avx2 smep bmi2 erms invpcid rtm mpx avx512f avx512dq rdseed adx smap clflushopt clwb avx512cd avx512bw avx512vl xsaveopt xsavec xgetbv1 xsaves arat pku ospke md_clear
bugs		: cpu_meltdown spectre_v1 spectre_v2 spec_store_bypass l1tf mds swapgs taa itlb_multihit
bogomips	: 4190.14
clflush size	: 64
cache_alignment	: 64
address sizes	: 40 bits physical, 48 bits virtual
power management:

processor	: 1
vendor_id	: GenuineIntel
cpu family	: 6
model		: 85
model name	: Intel Xeon Processor (Skylake, IBRS)
stepping	: 4
microcode	: 0x1
cpu MHz		: 2095.074
cache size	: 16384 KB
physical id	: 1
siblings	: 1
core id		: 0
cpu cores	: 1
apicid		: 1
initial apicid	: 1
fpu		: yes
fpu_exception	: yes
cpuid level	: 13
wp		: yes
flags		: fpu vme de pse tsc msr pae mce cx8 apic sep mtrr pge mca cmov pat pse36 clflush mmx fxsr sse sse2 ss syscall nx pdpe1gb rdtscp lm constant_tsc rep_good nopl xtopology cpuid tsc_known_freq pni pclmulqdq vmx ssse3 fma cx16 pcid sse4_1 sse4_2 x2apic movbe popcnt tsc_deadline_timer aes xsave avx f16c rdrand hypervisor lahf_lm abm 3dnowprefetch cpuid_fault invpcid_single pti ssbd ibrs ibpb tpr_shadow vnmi flexpriority ept vpid fsgsbase tsc_adjust bmi1 hle avx2 smep bmi2 erms invpcid rtm mpx avx512f avx512dq rdseed adx smap clflushopt clwb avx512cd avx512bw avx512vl xsaveopt xsavec xgetbv1 xsaves arat pku ospke md_clear
bugs		: cpu_meltdown spectre_v1 spectre_v2 spec_store_bypass l1tf mds swapgs taa itlb_multihit
bogomips	: 4190.14
clflush size	: 64
cache_alignment	: 64
address sizes	: 40 bits physical, 48 bits virtual
power management:



Memory: 4k page, physical 4039144k(87400k free), swap 0k(0k free)

vm_info: OpenJDK 64-Bit Server VM (25.265-b01) for linux-amd64 JRE (1.8.0_265-8u265-b01-0ubuntu2~18.04-b01), built on Aug  3 2020 01:16:56 by "buildd" with gcc 7.5.0

time: Mon Oct 26 19:20:16 2020
timezone: EDT
elapsed time: 132 seconds (0d 0h 2m 12s)

